[0.025s] Invoking command in '/home/river2000/ur10_ws/build/ur_robot_driver': AMENT_PREFIX_PATH=/home/river2000/ur10_ws/install/ur_controllers:/home/river2000/ur10_ws/install/ur_description:/home/river2000/ur10_ws/install/ur_dashboard_msgs:${AMENT_PREFIX_PATH} CMAKE_PREFIX_PATH=/home/river2000/ur10_ws/install/ur_controllers:/home/river2000/ur10_ws/install/ur_description:/home/river2000/ur10_ws/install/ur_dashboard_msgs:/opt/ros/humble LD_LIBRARY_PATH=/home/river2000/ur10_ws/install/ur_controllers/lib:/home/river2000/ur10_ws/install/ur_dashboard_msgs/lib:${LD_LIBRARY_PATH} PYTHONPATH=/home/river2000/ur10_ws/install/ur_dashboard_msgs/local/lib/python3.10/dist-packages:${PYTHONPATH} /usr/bin/cmake --build /home/river2000/ur10_ws/build/ur_robot_driver -- -j16 -l16
[0.152s] [ 33%] Built target urscript_interface
[0.152s] [ 33%] Built target controller_stopper_node
[0.153s] [ 33%] Built target ament_cmake_python_symlink_ur_robot_driver
[0.154s] [ 46%] Built target ur_ros2_control_node
[0.154s] [ 73%] Built target ur_robot_driver_plugin
[0.158s] [100%] Built target dashboard_client
[0.510s] running egg_info
[0.541s] writing ur_robot_driver.egg-info/PKG-INFO
[0.541s] writing dependency_links to ur_robot_driver.egg-info/dependency_links.txt
[0.542s] writing top-level names to ur_robot_driver.egg-info/top_level.txt
[0.634s] reading manifest file 'ur_robot_driver.egg-info/SOURCES.txt'
[0.635s] writing manifest file 'ur_robot_driver.egg-info/SOURCES.txt'
[0.699s] [100%] Built target ament_cmake_python_build_ur_robot_driver_egg
[0.719s] Invoked command in '/home/river2000/ur10_ws/build/ur_robot_driver' returned '0': AMENT_PREFIX_PATH=/home/river2000/ur10_ws/install/ur_controllers:/home/river2000/ur10_ws/install/ur_description:/home/river2000/ur10_ws/install/ur_dashboard_msgs:${AMENT_PREFIX_PATH} CMAKE_PREFIX_PATH=/home/river2000/ur10_ws/install/ur_controllers:/home/river2000/ur10_ws/install/ur_description:/home/river2000/ur10_ws/install/ur_dashboard_msgs:/opt/ros/humble LD_LIBRARY_PATH=/home/river2000/ur10_ws/install/ur_controllers/lib:/home/river2000/ur10_ws/install/ur_dashboard_msgs/lib:${LD_LIBRARY_PATH} PYTHONPATH=/home/river2000/ur10_ws/install/ur_dashboard_msgs/local/lib/python3.10/dist-packages:${PYTHONPATH} /usr/bin/cmake --build /home/river2000/ur10_ws/build/ur_robot_driver -- -j16 -l16
[0.722s] Invoking command in '/home/river2000/ur10_ws/build/ur_robot_driver': AMENT_PREFIX_PATH=/home/river2000/ur10_ws/install/ur_controllers:/home/river2000/ur10_ws/install/ur_description:/home/river2000/ur10_ws/install/ur_dashboard_msgs:${AMENT_PREFIX_PATH} CMAKE_PREFIX_PATH=/home/river2000/ur10_ws/install/ur_controllers:/home/river2000/ur10_ws/install/ur_description:/home/river2000/ur10_ws/install/ur_dashboard_msgs:/opt/ros/humble LD_LIBRARY_PATH=/home/river2000/ur10_ws/install/ur_controllers/lib:/home/river2000/ur10_ws/install/ur_dashboard_msgs/lib:${LD_LIBRARY_PATH} PYTHONPATH=/home/river2000/ur10_ws/install/ur_dashboard_msgs/local/lib/python3.10/dist-packages:${PYTHONPATH} /usr/bin/cmake --install /home/river2000/ur10_ws/build/ur_robot_driver
[0.739s] -- Install configuration: "Release"
[0.740s] -- Execute custom install script
[0.740s] -- Up-to-date symlink: /home/river2000/ur10_ws/install/ur_robot_driver/share/ur_robot_driver//hardware_interface_plugin.xml
[0.741s] -- Up-to-date symlink: /home/river2000/ur10_ws/install/ur_robot_driver/lib/ur_robot_driver/dashboard_client
[0.741s] -- Up-to-date symlink: /home/river2000/ur10_ws/install/ur_robot_driver/lib/ur_robot_driver/ur_ros2_control_node
[0.741s] -- Up-to-date symlink: /home/river2000/ur10_ws/install/ur_robot_driver/lib/ur_robot_driver/controller_stopper_node
[0.742s] -- Up-to-date symlink: /home/river2000/ur10_ws/install/ur_robot_driver/lib/ur_robot_driver/urscript_interface
[0.742s] -- Up-to-date symlink: /home/river2000/ur10_ws/install/ur_robot_driver/lib/libur_robot_driver_plugin.so
[0.743s] -- Up-to-date symlink: /home/river2000/ur10_ws/install/ur_robot_driver/include/ur_robot_driver/controller_stopper.hpp
[0.743s] -- Up-to-date symlink: /home/river2000/ur10_ws/install/ur_robot_driver/include/ur_robot_driver/dashboard_client_ros.hpp
[0.743s] -- Up-to-date symlink: /home/river2000/ur10_ws/install/ur_robot_driver/include/ur_robot_driver/hardware_interface.hpp
[0.743s] -- Up-to-date symlink: /home/river2000/ur10_ws/install/ur_robot_driver/include/ur_robot_driver/urcl_log_handler.hpp
[0.744s] -- Up-to-date symlink: /home/river2000/ur10_ws/install/ur_robot_driver/share/ur_robot_driver/environment/library_path.sh
[0.744s] -- Up-to-date symlink: /home/river2000/ur10_ws/install/ur_robot_driver/share/ur_robot_driver/environment/library_path.dsv
[0.745s] -- Up-to-date symlink: /home/river2000/ur10_ws/install/ur_robot_driver/include/ur_robot_driver/controller_stopper.hpp
[0.745s] -- Up-to-date symlink: /home/river2000/ur10_ws/install/ur_robot_driver/include/ur_robot_driver/dashboard_client_ros.hpp
[0.745s] -- Up-to-date symlink: /home/river2000/ur10_ws/install/ur_robot_driver/include/ur_robot_driver/hardware_interface.hpp
[0.745s] -- Up-to-date symlink: /home/river2000/ur10_ws/install/ur_robot_driver/include/ur_robot_driver/urcl_log_handler.hpp
[0.745s] -- Up-to-date symlink: /home/river2000/ur10_ws/install/ur_robot_driver/share/ur_robot_driver/environment/pythonpath.sh
[0.746s] -- Up-to-date symlink: /home/river2000/ur10_ws/install/ur_robot_driver/share/ur_robot_driver/environment/pythonpath.dsv
[0.746s] -- Up-to-date symlink: /home/river2000/ur10_ws/install/ur_robot_driver/local/lib/python3.10/dist-packages/ur_robot_driver-2.5.1-py3.10.egg-info/PKG-INFO
[0.747s] -- Up-to-date symlink: /home/river2000/ur10_ws/install/ur_robot_driver/local/lib/python3.10/dist-packages/ur_robot_driver-2.5.1-py3.10.egg-info/SOURCES.txt
[0.747s] -- Up-to-date symlink: /home/river2000/ur10_ws/install/ur_robot_driver/local/lib/python3.10/dist-packages/ur_robot_driver-2.5.1-py3.10.egg-info/dependency_links.txt
[0.747s] -- Up-to-date symlink: /home/river2000/ur10_ws/install/ur_robot_driver/local/lib/python3.10/dist-packages/ur_robot_driver-2.5.1-py3.10.egg-info/top_level.txt
[0.748s] -- Up-to-date symlink: /home/river2000/ur10_ws/install/ur_robot_driver/local/lib/python3.10/dist-packages/ur_robot_driver/__init__.py
[0.748s] -- Up-to-date symlink: /home/river2000/ur10_ws/install/ur_robot_driver/lib/ur_robot_driver/tool_communication.py
[0.748s] -- Up-to-date symlink: /home/river2000/ur10_ws/install/ur_robot_driver/lib/ur_robot_driver/example_move.py
[0.748s] -- Up-to-date symlink: /home/river2000/ur10_ws/install/ur_robot_driver/lib/ur_robot_driver/start_ursim.sh
[0.749s] -- Up-to-date symlink: /home/river2000/ur10_ws/install/ur_robot_driver/lib/ur_robot_driver/examples.py
[0.749s] -- Up-to-date symlink: /home/river2000/ur10_ws/install/ur_robot_driver/lib/ur_robot_driver/force_mode.py
[0.749s] -- Up-to-date symlink: /home/river2000/ur10_ws/install/ur_robot_driver/bin/wait_dashboard_server.sh
[0.749s] -- Up-to-date symlink: /home/river2000/ur10_ws/install/ur_robot_driver/lib/ur_robot_driver/start_ursim.sh
[0.750s] -- Up-to-date symlink: /home/river2000/ur10_ws/install/ur_robot_driver/share/ur_robot_driver/config/test_goal_publishers_config.yaml
[0.750s] -- Up-to-date symlink: /home/river2000/ur10_ws/install/ur_robot_driver/share/ur_robot_driver/config/test_velocity_goal_publishers_config.yaml
[0.751s] -- Up-to-date symlink: /home/river2000/ur10_ws/install/ur_robot_driver/share/ur_robot_driver/config/ur10_update_rate.yaml
[0.751s] -- Up-to-date symlink: /home/river2000/ur10_ws/install/ur_robot_driver/share/ur_robot_driver/config/ur10e_update_rate.yaml
[0.751s] -- Up-to-date symlink: /home/river2000/ur10_ws/install/ur_robot_driver/share/ur_robot_driver/config/ur16e_update_rate.yaml
[0.751s] -- Up-to-date symlink: /home/river2000/ur10_ws/install/ur_robot_driver/share/ur_robot_driver/config/ur20_update_rate.yaml
[0.751s] -- Up-to-date symlink: /home/river2000/ur10_ws/install/ur_robot_driver/share/ur_robot_driver/config/ur30_update_rate.yaml
[0.752s] -- Up-to-date symlink: /home/river2000/ur10_ws/install/ur_robot_driver/share/ur_robot_driver/config/ur3_update_rate.yaml
[0.752s] -- Up-to-date symlink: /home/river2000/ur10_ws/install/ur_robot_driver/share/ur_robot_driver/config/ur3e_update_rate.yaml
[0.752s] -- Up-to-date symlink: /home/river2000/ur10_ws/install/ur_robot_driver/share/ur_robot_driver/config/ur5_update_rate.yaml
[0.752s] -- Up-to-date symlink: /home/river2000/ur10_ws/install/ur_robot_driver/share/ur_robot_driver/config/ur5e_update_rate.yaml
[0.753s] -- Up-to-date symlink: /home/river2000/ur10_ws/install/ur_robot_driver/share/ur_robot_driver/config/ur_controllers.yaml
[0.753s] -- Up-to-date symlink: /home/river2000/ur10_ws/install/ur_robot_driver/share/ur_robot_driver/launch/test_forward_velocity_controller.launch.py
[0.753s] -- Up-to-date symlink: /home/river2000/ur10_ws/install/ur_robot_driver/share/ur_robot_driver/launch/test_joint_trajectory_controller.launch.py
[0.754s] -- Up-to-date symlink: /home/river2000/ur10_ws/install/ur_robot_driver/share/ur_robot_driver/launch/test_scaled_joint_trajectory_controller.launch.py
[0.754s] -- Up-to-date symlink: /home/river2000/ur10_ws/install/ur_robot_driver/share/ur_robot_driver/launch/ur10.launch.py
[0.754s] -- Up-to-date symlink: /home/river2000/ur10_ws/install/ur_robot_driver/share/ur_robot_driver/launch/ur10e.launch.py
[0.754s] -- Up-to-date symlink: /home/river2000/ur10_ws/install/ur_robot_driver/share/ur_robot_driver/launch/ur16e.launch.py
[0.755s] -- Up-to-date symlink: /home/river2000/ur10_ws/install/ur_robot_driver/share/ur_robot_driver/launch/ur20.launch.py
[0.755s] -- Up-to-date symlink: /home/river2000/ur10_ws/install/ur_robot_driver/share/ur_robot_driver/launch/ur3.launch.py
[0.755s] -- Up-to-date symlink: /home/river2000/ur10_ws/install/ur_robot_driver/share/ur_robot_driver/launch/ur30.launch.py
[0.755s] -- Up-to-date symlink: /home/river2000/ur10_ws/install/ur_robot_driver/share/ur_robot_driver/launch/ur3e.launch.py
[0.755s] -- Up-to-date symlink: /home/river2000/ur10_ws/install/ur_robot_driver/share/ur_robot_driver/launch/ur5.launch.py
[0.756s] -- Up-to-date symlink: /home/river2000/ur10_ws/install/ur_robot_driver/share/ur_robot_driver/launch/ur5e.launch.py
[0.756s] -- Up-to-date symlink: /home/river2000/ur10_ws/install/ur_robot_driver/share/ur_robot_driver/launch/ur_control.launch.py
[0.756s] -- Up-to-date symlink: /home/river2000/ur10_ws/install/ur_robot_driver/share/ur_robot_driver/launch/ur_dashboard_client.launch.py
[0.756s] -- Up-to-date symlink: /home/river2000/ur10_ws/install/ur_robot_driver/share/ament_index/resource_index/package_run_dependencies/ur_robot_driver
[0.757s] -- Up-to-date symlink: /home/river2000/ur10_ws/install/ur_robot_driver/share/ament_index/resource_index/parent_prefix_path/ur_robot_driver
[0.757s] -- Up-to-date symlink: /home/river2000/ur10_ws/install/ur_robot_driver/share/ur_robot_driver/environment/ament_prefix_path.sh
[0.757s] -- Up-to-date symlink: /home/river2000/ur10_ws/install/ur_robot_driver/share/ur_robot_driver/environment/ament_prefix_path.dsv
[0.758s] -- Up-to-date symlink: /home/river2000/ur10_ws/install/ur_robot_driver/share/ur_robot_driver/environment/path.sh
[0.758s] -- Up-to-date symlink: /home/river2000/ur10_ws/install/ur_robot_driver/share/ur_robot_driver/environment/path.dsv
[0.758s] -- Up-to-date symlink: /home/river2000/ur10_ws/install/ur_robot_driver/share/ur_robot_driver/local_setup.bash
[0.758s] -- Up-to-date symlink: /home/river2000/ur10_ws/install/ur_robot_driver/share/ur_robot_driver/local_setup.sh
[0.759s] -- Up-to-date symlink: /home/river2000/ur10_ws/install/ur_robot_driver/share/ur_robot_driver/local_setup.zsh
[0.759s] -- Up-to-date symlink: /home/river2000/ur10_ws/install/ur_robot_driver/share/ur_robot_driver/local_setup.dsv
[0.759s] -- Symlinking: /home/river2000/ur10_ws/install/ur_robot_driver/share/ur_robot_driver/package.dsv
[0.774s] -- Up-to-date symlink: /home/river2000/ur10_ws/install/ur_robot_driver/share/ament_index/resource_index/packages/ur_robot_driver
[0.775s] -- Up-to-date symlink: /home/river2000/ur10_ws/install/ur_robot_driver/share/ament_index/resource_index/hardware_interface__pluginlib__plugin/ur_robot_driver
[0.775s] -- Up-to-date symlink: /home/river2000/ur10_ws/install/ur_robot_driver/share/ur_robot_driver/cmake/ament_cmake_export_include_directories-extras.cmake
[0.775s] -- Up-to-date symlink: /home/river2000/ur10_ws/install/ur_robot_driver/share/ur_robot_driver/cmake/ament_cmake_export_libraries-extras.cmake
[0.776s] -- Up-to-date symlink: /home/river2000/ur10_ws/install/ur_robot_driver/share/ur_robot_driver/cmake/ament_cmake_export_dependencies-extras.cmake
[0.776s] -- Up-to-date symlink: /home/river2000/ur10_ws/install/ur_robot_driver/share/ur_robot_driver/cmake/ur_robot_driverConfig.cmake
[0.776s] -- Up-to-date symlink: /home/river2000/ur10_ws/install/ur_robot_driver/share/ur_robot_driver/cmake/ur_robot_driverConfig-version.cmake
[0.776s] -- Up-to-date symlink: /home/river2000/ur10_ws/install/ur_robot_driver/share/ur_robot_driver/package.xml
[0.777s] -- Up-to-date: /home/river2000/ur10_ws/install/ur_robot_driver/share/ur_robot_driver/resources
[0.777s] -- Up-to-date: /home/river2000/ur10_ws/install/ur_robot_driver/share/ur_robot_driver/resources/rtde_input_recipe.txt
[0.777s] -- Up-to-date: /home/river2000/ur10_ws/install/ur_robot_driver/share/ur_robot_driver/resources/externalcontrol-1.0.5.urcap
[0.777s] -- Up-to-date: /home/river2000/ur10_ws/install/ur_robot_driver/share/ur_robot_driver/resources/ros_control.urscript
[0.777s] -- Up-to-date: /home/river2000/ur10_ws/install/ur_robot_driver/share/ur_robot_driver/resources/rs485-1.0.urcap
[0.777s] -- Up-to-date: /home/river2000/ur10_ws/install/ur_robot_driver/share/ur_robot_driver/resources/rtde_output_recipe.txt
[0.819s] Listing '/home/river2000/ur10_ws/install/ur_robot_driver/local/lib/python3.10/dist-packages/ur_robot_driver'...
[0.829s] Invoked command in '/home/river2000/ur10_ws/build/ur_robot_driver' returned '0': AMENT_PREFIX_PATH=/home/river2000/ur10_ws/install/ur_controllers:/home/river2000/ur10_ws/install/ur_description:/home/river2000/ur10_ws/install/ur_dashboard_msgs:${AMENT_PREFIX_PATH} CMAKE_PREFIX_PATH=/home/river2000/ur10_ws/install/ur_controllers:/home/river2000/ur10_ws/install/ur_description:/home/river2000/ur10_ws/install/ur_dashboard_msgs:/opt/ros/humble LD_LIBRARY_PATH=/home/river2000/ur10_ws/install/ur_controllers/lib:/home/river2000/ur10_ws/install/ur_dashboard_msgs/lib:${LD_LIBRARY_PATH} PYTHONPATH=/home/river2000/ur10_ws/install/ur_dashboard_msgs/local/lib/python3.10/dist-packages:${PYTHONPATH} /usr/bin/cmake --install /home/river2000/ur10_ws/build/ur_robot_driver
