In file included from [01m[K/home/river2000/ur10_ws/src/ur_pick_and_place_moveit/src/ur_pick_and_place_moveit.cpp:6[m[K:
[01m[K/opt/ros/humble/include/tf2_geometry_msgs/tf2_geometry_msgs/tf2_geometry_msgs.h:35:2:[m[K [01;35m[Kwarning: [m[K#warning This header is obsolete, please include tf2_geometry_msgs/tf2_geometry_msgs.hpp instead [[01;35m[K-Wcpp[m[K]
   35 | #[01;35m[Kwarning[m[K This header is obsolete, please include tf2_geometry_msgs/tf2_geometry_msgs.hpp instead
      |  [01;35m[K^~~~~~~[m[K
[01m[K/home/river2000/ur10_ws/src/ur_pick_and_place_moveit/src/ur_pick_and_place_moveit.cpp:[m[K In function ‘[01m[Kint main(int, char**)[m[K’:
[01m[K/home/river2000/ur10_ws/src/ur_pick_and_place_moveit/src/ur_pick_and_place_moveit.cpp:80:101:[m[K [01;35m[Kwarning: [m[K‘[01m[Kusing MoveItErrorCode = class moveit::core::MoveItErrorCode[m[K’ is deprecated: Use moveit::core::MoveItErrorCode [[01;35m[K-Wdeprecated-declarations[m[K]
   80 |   bool success = (move_group_arm.plan(my_plan_arm1) == moveit::planning_interface::MoveItErrorCode::[01;35m[KSUCCESS[m[K);
      |                                                                                                     [01;35m[K^~~~~~~[m[K
In file included from [01m[K/home/river2000/ur10_ws/src/ur_pick_and_place_moveit/src/ur_pick_and_place_moveit.cpp:3[m[K:
[01m[K/opt/ros/humble/include/moveit/move_group_interface/move_group_interface.h:71:7:[m[K [01;36m[Knote: [m[Kdeclared here
   71 | using [01;36m[KMoveItErrorCode[m[K [[deprecated("Use moveit::core::MoveItErrorCode")]] = moveit::core::MoveItErrorCode;
      |       [01;36m[K^~~~~~~~~~~~~~~[m[K
[01m[K/home/river2000/ur10_ws/src/ur_pick_and_place_moveit/src/ur_pick_and_place_moveit.cpp:111:96:[m[K [01;35m[Kwarning: [m[K‘[01m[Kusing MoveItErrorCode = class moveit::core::MoveItErrorCode[m[K’ is deprecated: Use moveit::core::MoveItErrorCode [[01;35m[K-Wdeprecated-declarations[m[K]
  111 |   success = (move_group_arm.plan(my_plan_arm1) == moveit::planning_interface::MoveItErrorCode::[01;35m[KSUCCESS[m[K);
      |                                                                                                [01;35m[K^~~~~~~[m[K
In file included from [01m[K/home/river2000/ur10_ws/src/ur_pick_and_place_moveit/src/ur_pick_and_place_moveit.cpp:3[m[K:
[01m[K/opt/ros/humble/include/moveit/move_group_interface/move_group_interface.h:71:7:[m[K [01;36m[Knote: [m[Kdeclared here
   71 | using [01;36m[KMoveItErrorCode[m[K [[deprecated("Use moveit::core::MoveItErrorCode")]] = moveit::core::MoveItErrorCode;
      |       [01;36m[K^~~~~~~~~~~~~~~[m[K
[01m[K/home/river2000/ur10_ws/src/ur_pick_and_place_moveit/src/ur_pick_and_place_moveit.cpp:239:96:[m[K [01;35m[Kwarning: [m[K‘[01m[Kusing MoveItErrorCode = class moveit::core::MoveItErrorCode[m[K’ is deprecated: Use moveit::core::MoveItErrorCode [[01;35m[K-Wdeprecated-declarations[m[K]
  239 |   success = (move_group_arm.plan(my_plan_arm2) == moveit::planning_interface::MoveItErrorCode::[01;35m[KSUCCESS[m[K);
      |                                                                                                [01;35m[K^~~~~~~[m[K
In file included from [01m[K/home/river2000/ur10_ws/src/ur_pick_and_place_moveit/src/ur_pick_and_place_moveit.cpp:3[m[K:
[01m[K/opt/ros/humble/include/moveit/move_group_interface/move_group_interface.h:71:7:[m[K [01;36m[Knote: [m[Kdeclared here
   71 | using [01;36m[KMoveItErrorCode[m[K [[deprecated("Use moveit::core::MoveItErrorCode")]] = moveit::core::MoveItErrorCode;
      |       [01;36m[K^~~~~~~~~~~~~~~[m[K
[01m[K/home/river2000/ur10_ws/src/ur_pick_and_place_moveit/src/ur_pick_and_place_moveit.cpp:80:8:[m[K [01;35m[Kwarning: [m[Kvariable ‘[01m[Ksuccess[m[K’ set but not used [[01;35m[K-Wunused-but-set-variable[m[K]
   80 |   bool [01;35m[Ksuccess[m[K = (move_group_arm.plan(my_plan_arm1) == moveit::planning_interface::MoveItErrorCode::SUCCESS);
      |        [01;35m[K^~~~~~~[m[K
[01m[K/home/river2000/ur10_ws/src/ur_pick_and_place_moveit/src/ur_pick_and_place_moveit.cpp:131:10:[m[K [01;35m[Kwarning: [m[Kvariable ‘[01m[Kfraction[m[K’ set but not used [[01;35m[K-Wunused-but-set-variable[m[K]
  131 |   double [01;35m[Kfraction[m[K = move_group_arm.computeCartesianPath(
      |          [01;35m[K^~~~~~~~[m[K
