[0.033s] Invoking command in '/home/river2000/ur10_ws/build/ros2_ur_moveit_examples': CMAKE_PREFIX_PATH=${CMAKE_PREFIX_PATH}:/home/river2000/ur10_ws/src/ros2_control_demos/install/ros2_control_demo_testing:/home/river2000/ur10_ws/install/rqt_joint_trajectory_controller:/home/river2000/ur10_ws/install/rqt_controller_manager:/home/river2000/ur10_ws/install/ros2controlcli:/home/river2000/ur10_ws/install/ros2_controllers_test_nodes:/home/river2000/ur10_ws/install/ros2_control_demo_testing:/opt/ros/humble /usr/bin/cmake --build /home/river2000/ur10_ws/build/ros2_ur_moveit_examples -- -j16 -l16
[0.150s] [35m[1mConsolidate compiler generated dependencies of target hello_moveit[0m
[0.202s] [ 20%] Built target check_collisions
[0.204s] [ 40%] Built target kinematics
[0.212s] [ 60%] Built target hello_moveit
[0.215s] [ 80%] Built target planning_scene_service
[0.221s] [100%] Built target planning_scene
[0.277s] Invoked command in '/home/river2000/ur10_ws/build/ros2_ur_moveit_examples' returned '0': CMAKE_PREFIX_PATH=${CMAKE_PREFIX_PATH}:/home/river2000/ur10_ws/src/ros2_control_demos/install/ros2_control_demo_testing:/home/river2000/ur10_ws/install/rqt_joint_trajectory_controller:/home/river2000/ur10_ws/install/rqt_controller_manager:/home/river2000/ur10_ws/install/ros2controlcli:/home/river2000/ur10_ws/install/ros2_controllers_test_nodes:/home/river2000/ur10_ws/install/ros2_control_demo_testing:/opt/ros/humble /usr/bin/cmake --build /home/river2000/ur10_ws/build/ros2_ur_moveit_examples -- -j16 -l16
[0.281s] Invoking command in '/home/river2000/ur10_ws/build/ros2_ur_moveit_examples': CMAKE_PREFIX_PATH=${CMAKE_PREFIX_PATH}:/home/river2000/ur10_ws/src/ros2_control_demos/install/ros2_control_demo_testing:/home/river2000/ur10_ws/install/rqt_joint_trajectory_controller:/home/river2000/ur10_ws/install/rqt_controller_manager:/home/river2000/ur10_ws/install/ros2controlcli:/home/river2000/ur10_ws/install/ros2_controllers_test_nodes:/home/river2000/ur10_ws/install/ros2_control_demo_testing:/opt/ros/humble /usr/bin/cmake --install /home/river2000/ur10_ws/build/ros2_ur_moveit_examples
[0.299s] -- Install configuration: ""
[0.299s] -- Execute custom install script
[0.300s] -- Up-to-date symlink: /home/river2000/ur10_ws/install/ros2_ur_moveit_examples/share/ros2_ur_moveit_examples/launch/check_collisions.launch.py
[0.300s] -- Up-to-date symlink: /home/river2000/ur10_ws/install/ros2_ur_moveit_examples/share/ros2_ur_moveit_examples/launch/hello_moveit.launch.py
[0.300s] -- Up-to-date symlink: /home/river2000/ur10_ws/install/ros2_ur_moveit_examples/share/ros2_ur_moveit_examples/launch/kinematics.launch.py
[0.300s] -- Up-to-date symlink: /home/river2000/ur10_ws/install/ros2_ur_moveit_examples/share/ros2_ur_moveit_examples/launch/planning_scene.launch.py
[0.301s] -- Up-to-date symlink: /home/river2000/ur10_ws/install/ros2_ur_moveit_examples/share/ros2_ur_moveit_examples/launch/planning_scene_service.launch.py
[0.301s] -- Up-to-date symlink: /home/river2000/ur10_ws/install/ros2_ur_moveit_examples/lib/ros2_ur_moveit_examples/hello_moveit
[0.301s] -- Up-to-date symlink: /home/river2000/ur10_ws/install/ros2_ur_moveit_examples/lib/ros2_ur_moveit_examples/kinematics
[0.301s] -- Up-to-date symlink: /home/river2000/ur10_ws/install/ros2_ur_moveit_examples/lib/ros2_ur_moveit_examples/check_collisions
[0.302s] -- Up-to-date symlink: /home/river2000/ur10_ws/install/ros2_ur_moveit_examples/lib/ros2_ur_moveit_examples/planning_scene
[0.302s] -- Up-to-date symlink: /home/river2000/ur10_ws/install/ros2_ur_moveit_examples/lib/ros2_ur_moveit_examples/planning_scene_service
[0.302s] -- Up-to-date symlink: /home/river2000/ur10_ws/install/ros2_ur_moveit_examples/share/ament_index/resource_index/package_run_dependencies/ros2_ur_moveit_examples
[0.302s] -- Up-to-date symlink: /home/river2000/ur10_ws/install/ros2_ur_moveit_examples/share/ament_index/resource_index/parent_prefix_path/ros2_ur_moveit_examples
[0.303s] -- Up-to-date symlink: /home/river2000/ur10_ws/install/ros2_ur_moveit_examples/share/ros2_ur_moveit_examples/environment/ament_prefix_path.sh
[0.303s] -- Up-to-date symlink: /home/river2000/ur10_ws/install/ros2_ur_moveit_examples/share/ros2_ur_moveit_examples/environment/ament_prefix_path.dsv
[0.303s] -- Up-to-date symlink: /home/river2000/ur10_ws/install/ros2_ur_moveit_examples/share/ros2_ur_moveit_examples/environment/path.sh
[0.303s] -- Up-to-date symlink: /home/river2000/ur10_ws/install/ros2_ur_moveit_examples/share/ros2_ur_moveit_examples/environment/path.dsv
[0.303s] -- Up-to-date symlink: /home/river2000/ur10_ws/install/ros2_ur_moveit_examples/share/ros2_ur_moveit_examples/local_setup.bash
[0.304s] -- Up-to-date symlink: /home/river2000/ur10_ws/install/ros2_ur_moveit_examples/share/ros2_ur_moveit_examples/local_setup.sh
[0.304s] -- Up-to-date symlink: /home/river2000/ur10_ws/install/ros2_ur_moveit_examples/share/ros2_ur_moveit_examples/local_setup.zsh
[0.304s] -- Up-to-date symlink: /home/river2000/ur10_ws/install/ros2_ur_moveit_examples/share/ros2_ur_moveit_examples/local_setup.dsv
[0.304s] -- Symlinking: /home/river2000/ur10_ws/install/ros2_ur_moveit_examples/share/ros2_ur_moveit_examples/package.dsv
[0.335s] -- Up-to-date symlink: /home/river2000/ur10_ws/install/ros2_ur_moveit_examples/share/ament_index/resource_index/packages/ros2_ur_moveit_examples
[0.336s] -- Up-to-date symlink: /home/river2000/ur10_ws/install/ros2_ur_moveit_examples/share/ros2_ur_moveit_examples/cmake/ros2_ur_moveit_examplesConfig.cmake
[0.336s] -- Up-to-date symlink: /home/river2000/ur10_ws/install/ros2_ur_moveit_examples/share/ros2_ur_moveit_examples/cmake/ros2_ur_moveit_examplesConfig-version.cmake
[0.336s] -- Up-to-date symlink: /home/river2000/ur10_ws/install/ros2_ur_moveit_examples/share/ros2_ur_moveit_examples/package.xml
[0.341s] Invoked command in '/home/river2000/ur10_ws/build/ros2_ur_moveit_examples' returned '0': CMAKE_PREFIX_PATH=${CMAKE_PREFIX_PATH}:/home/river2000/ur10_ws/src/ros2_control_demos/install/ros2_control_demo_testing:/home/river2000/ur10_ws/install/rqt_joint_trajectory_controller:/home/river2000/ur10_ws/install/rqt_controller_manager:/home/river2000/ur10_ws/install/ros2controlcli:/home/river2000/ur10_ws/install/ros2_controllers_test_nodes:/home/river2000/ur10_ws/install/ros2_control_demo_testing:/opt/ros/humble /usr/bin/cmake --install /home/river2000/ur10_ws/build/ros2_ur_moveit_examples
