[0.021s] Invoking command in '/home/river2000/ur10_ws/build/ur_controllers': AMENT_PREFIX_PATH=/home/river2000/ur10_ws/install/ur_dashboard_msgs:${AMENT_PREFIX_PATH} CMAKE_PREFIX_PATH=/home/river2000/ur10_ws/install/ur_dashboard_msgs:/opt/ros/humble LD_LIBRARY_PATH=/home/river2000/ur10_ws/install/ur_dashboard_msgs/lib:${LD_LIBRARY_PATH} PYTHONPATH=/home/river2000/ur10_ws/install/ur_dashboard_msgs/local/lib/python3.10/dist-packages:${PYTHONPATH} /usr/bin/cmake --build /home/river2000/ur10_ws/build/ur_controllers -- -j16 -l16
[0.094s] [35m[1mConsolidate compiler generated dependencies of target gmock_main[0m
[0.103s] [  8%] Built target force_mode_controller_parameters
[0.103s] [  8%] Built target scaled_joint_trajectory_controller_parameters
[0.104s] [ 12%] Built target ur_configuration_controller_parameters
[0.104s] [ 16%] Built target freedrive_mode_controller_parameters
[0.107s] [35m[1mConsolidate compiler generated dependencies of target gmock[0m
[0.107s] [ 20%] Built target passthrough_trajectory_controller_parameters
[0.108s] [ 25%] Built target gpio_controller_parameters
[0.110s] [ 33%] Built target gmock_main
[0.112s] [ 37%] Built target speed_scaling_state_broadcaster_parameters
[0.122s] [ 50%] Built target gmock
[0.130s] [35m[1mConsolidate compiler generated dependencies of target ur_controllers[0m
[0.171s] [ 83%] Built target ur_controllers
[0.184s] [35m[1mConsolidate compiler generated dependencies of target test_load_force_mode_controller[0m
[0.185s] [35m[1mConsolidate compiler generated dependencies of target test_load_freedrive_mode_controller[0m
[0.206s] [ 91%] Built target test_load_force_mode_controller
[0.207s] [100%] Built target test_load_freedrive_mode_controller
[0.219s] Invoked command in '/home/river2000/ur10_ws/build/ur_controllers' returned '0': AMENT_PREFIX_PATH=/home/river2000/ur10_ws/install/ur_dashboard_msgs:${AMENT_PREFIX_PATH} CMAKE_PREFIX_PATH=/home/river2000/ur10_ws/install/ur_dashboard_msgs:/opt/ros/humble LD_LIBRARY_PATH=/home/river2000/ur10_ws/install/ur_dashboard_msgs/lib:${LD_LIBRARY_PATH} PYTHONPATH=/home/river2000/ur10_ws/install/ur_dashboard_msgs/local/lib/python3.10/dist-packages:${PYTHONPATH} /usr/bin/cmake --build /home/river2000/ur10_ws/build/ur_controllers -- -j16 -l16
[0.221s] Invoking command in '/home/river2000/ur10_ws/build/ur_controllers': AMENT_PREFIX_PATH=/home/river2000/ur10_ws/install/ur_dashboard_msgs:${AMENT_PREFIX_PATH} CMAKE_PREFIX_PATH=/home/river2000/ur10_ws/install/ur_dashboard_msgs:/opt/ros/humble LD_LIBRARY_PATH=/home/river2000/ur10_ws/install/ur_dashboard_msgs/lib:${LD_LIBRARY_PATH} PYTHONPATH=/home/river2000/ur10_ws/install/ur_dashboard_msgs/local/lib/python3.10/dist-packages:${PYTHONPATH} /usr/bin/cmake --install /home/river2000/ur10_ws/build/ur_controllers
[0.229s] -- Install configuration: "Release"
[0.230s] -- Execute custom install script
[0.230s] -- Up-to-date symlink: /home/river2000/ur10_ws/install/ur_controllers/include/force_mode_controller_parameters/force_mode_controller_parameters.hpp
[0.231s] -- Up-to-date symlink: /home/river2000/ur10_ws/install/ur_controllers/include/gpio_controller_parameters/gpio_controller_parameters.hpp
[0.231s] -- Up-to-date symlink: /home/river2000/ur10_ws/install/ur_controllers/include/speed_scaling_state_broadcaster_parameters/speed_scaling_state_broadcaster_parameters.hpp
[0.231s] -- Up-to-date symlink: /home/river2000/ur10_ws/install/ur_controllers/include/scaled_joint_trajectory_controller_parameters/scaled_joint_trajectory_controller_parameters.hpp
[0.231s] -- Up-to-date symlink: /home/river2000/ur10_ws/install/ur_controllers/include/freedrive_mode_controller_parameters/freedrive_mode_controller_parameters.hpp
[0.232s] -- Up-to-date symlink: /home/river2000/ur10_ws/install/ur_controllers/include/passthrough_trajectory_controller_parameters/passthrough_trajectory_controller_parameters.hpp
[0.232s] -- Up-to-date symlink: /home/river2000/ur10_ws/install/ur_controllers/include/ur_configuration_controller_parameters/ur_configuration_controller_parameters.hpp
[0.232s] -- Up-to-date symlink: /home/river2000/ur10_ws/install/ur_controllers/share/ur_controllers//controller_plugins.xml
[0.233s] -- Up-to-date symlink: /home/river2000/ur10_ws/install/ur_controllers/lib/libur_controllers.so
[0.233s] -- Up-to-date symlink: /home/river2000/ur10_ws/install/ur_controllers/include/ur_controllers/force_mode_controller.hpp
[0.233s] -- Up-to-date symlink: /home/river2000/ur10_ws/install/ur_controllers/include/ur_controllers/freedrive_mode_controller.hpp
[0.233s] -- Up-to-date symlink: /home/river2000/ur10_ws/install/ur_controllers/include/ur_controllers/gpio_controller.hpp
[0.233s] -- Up-to-date symlink: /home/river2000/ur10_ws/install/ur_controllers/include/ur_controllers/passthrough_trajectory_controller.hpp
[0.234s] -- Up-to-date symlink: /home/river2000/ur10_ws/install/ur_controllers/include/ur_controllers/scaled_joint_trajectory_controller.hpp
[0.234s] -- Up-to-date symlink: /home/river2000/ur10_ws/install/ur_controllers/include/ur_controllers/speed_scaling_state_broadcaster.hpp
[0.234s] -- Up-to-date symlink: /home/river2000/ur10_ws/install/ur_controllers/include/ur_controllers/ur_configuration_controller.hpp
[0.234s] -- Up-to-date symlink: /home/river2000/ur10_ws/install/ur_controllers/share/ur_controllers/controller_plugins.xml
[0.234s] -- Up-to-date symlink: /home/river2000/ur10_ws/install/ur_controllers/share/ur_controllers/environment/library_path.sh
[0.234s] -- Up-to-date symlink: /home/river2000/ur10_ws/install/ur_controllers/share/ur_controllers/environment/library_path.dsv
[0.235s] -- Up-to-date symlink: /home/river2000/ur10_ws/install/ur_controllers/share/ament_index/resource_index/package_run_dependencies/ur_controllers
[0.235s] -- Up-to-date symlink: /home/river2000/ur10_ws/install/ur_controllers/share/ament_index/resource_index/parent_prefix_path/ur_controllers
[0.235s] -- Up-to-date symlink: /home/river2000/ur10_ws/install/ur_controllers/share/ur_controllers/environment/ament_prefix_path.sh
[0.235s] -- Up-to-date symlink: /home/river2000/ur10_ws/install/ur_controllers/share/ur_controllers/environment/ament_prefix_path.dsv
[0.236s] -- Up-to-date symlink: /home/river2000/ur10_ws/install/ur_controllers/share/ur_controllers/environment/path.sh
[0.236s] -- Up-to-date symlink: /home/river2000/ur10_ws/install/ur_controllers/share/ur_controllers/environment/path.dsv
[0.236s] -- Up-to-date symlink: /home/river2000/ur10_ws/install/ur_controllers/share/ur_controllers/local_setup.bash
[0.236s] -- Up-to-date symlink: /home/river2000/ur10_ws/install/ur_controllers/share/ur_controllers/local_setup.sh
[0.236s] -- Up-to-date symlink: /home/river2000/ur10_ws/install/ur_controllers/share/ur_controllers/local_setup.zsh
[0.237s] -- Up-to-date symlink: /home/river2000/ur10_ws/install/ur_controllers/share/ur_controllers/local_setup.dsv
[0.237s] -- Symlinking: /home/river2000/ur10_ws/install/ur_controllers/share/ur_controllers/package.dsv
[0.246s] -- Up-to-date symlink: /home/river2000/ur10_ws/install/ur_controllers/share/ament_index/resource_index/packages/ur_controllers
[0.246s] -- Up-to-date symlink: /home/river2000/ur10_ws/install/ur_controllers/share/ament_index/resource_index/controller_interface__pluginlib__plugin/ur_controllers
[0.246s] -- Up-to-date symlink: /home/river2000/ur10_ws/install/ur_controllers/share/ur_controllers/cmake/ament_cmake_export_dependencies-extras.cmake
[0.247s] -- Up-to-date symlink: /home/river2000/ur10_ws/install/ur_controllers/share/ur_controllers/cmake/ament_cmake_export_include_directories-extras.cmake
[0.247s] -- Up-to-date symlink: /home/river2000/ur10_ws/install/ur_controllers/share/ur_controllers/cmake/ament_cmake_export_libraries-extras.cmake
[0.248s] -- Up-to-date symlink: /home/river2000/ur10_ws/install/ur_controllers/share/ur_controllers/cmake/ur_controllersConfig.cmake
[0.248s] -- Up-to-date symlink: /home/river2000/ur10_ws/install/ur_controllers/share/ur_controllers/cmake/ur_controllersConfig-version.cmake
[0.248s] -- Up-to-date symlink: /home/river2000/ur10_ws/install/ur_controllers/share/ur_controllers/package.xml
[0.252s] Invoked command in '/home/river2000/ur10_ws/build/ur_controllers' returned '0': AMENT_PREFIX_PATH=/home/river2000/ur10_ws/install/ur_dashboard_msgs:${AMENT_PREFIX_PATH} CMAKE_PREFIX_PATH=/home/river2000/ur10_ws/install/ur_dashboard_msgs:/opt/ros/humble LD_LIBRARY_PATH=/home/river2000/ur10_ws/install/ur_dashboard_msgs/lib:${LD_LIBRARY_PATH} PYTHONPATH=/home/river2000/ur10_ws/install/ur_dashboard_msgs/local/lib/python3.10/dist-packages:${PYTHONPATH} /usr/bin/cmake --install /home/river2000/ur10_ws/build/ur_controllers
