[0.032s] Invoking command in '/home/river2000/ur10_ws/build/moveit_task_constructor_capabilities': AMENT_PREFIX_PATH=/home/river2000/ur10_ws/install/moveit_task_constructor_core:/home/river2000/ur10_ws/install/rviz_marker_tools:/home/river2000/ur10_ws/install/moveit_task_constructor_msgs:${AMENT_PREFIX_PATH} CMAKE_MODULE_PATH=/home/river2000/ur10_ws/install/moveit_task_constructor_core/share/moveit_task_constructor_core/cmake CMAKE_PREFIX_PATH=/home/river2000/ur10_ws/install/moveit_task_constructor_core:/home/river2000/ur10_ws/install/rviz_marker_tools:/home/river2000/ur10_ws/install/moveit_task_constructor_msgs:/home/river2000/ur10_ws/install/ur:/home/river2000/ur10_ws/install/ur_calibration:/home/river2000/ur10_ws/install/ur_robot_driver:/home/river2000/ur10_ws/install/ur_pick_and_place_moveit:/home/river2000/ur10_ws/install/ur_moveit_config:/home/river2000/ur10_ws/install/ur_bringup:/home/river2000/ur10_ws/install/ur_description:/home/river2000/ur10_ws/install/ur_controllers:/home/river2000/ur10_ws/install/ur_dashboard_msgs:/home/river2000/ur10_ws/install/ros2_ur_moveit_examples:/opt/ros/humble LD_LIBRARY_PATH=/home/river2000/ur10_ws/install/moveit_task_constructor_core/lib:/home/river2000/ur10_ws/install/rviz_marker_tools/lib:/home/river2000/ur10_ws/install/moveit_task_constructor_msgs/lib:${LD_LIBRARY_PATH} PYTHONPATH=/home/river2000/ur10_ws/install/moveit_task_constructor_core/local/lib/python3.10/dist-packages:/home/river2000/ur10_ws/install/moveit_task_constructor_msgs/local/lib/python3.10/dist-packages:${PYTHONPATH} /usr/bin/cmake /home/river2000/ur10_ws/src/moveit_task_constructor/capabilities -DCMAKE_BUILD_TYPE=Release -DCMAKE_INSTALL_PREFIX=/home/river2000/ur10_ws/install/moveit_task_constructor_capabilities
[0.159s] -- The C compiler identification is GNU 12.3.0
[0.246s] -- The CXX compiler identification is GNU 11.4.0
[0.265s] -- Detecting C compiler ABI info
[0.349s] -- Detecting C compiler ABI info - done
[0.358s] -- Check for working C compiler: /usr/lib/ccache/cc - skipped
[0.358s] -- Detecting C compile features
[0.359s] -- Detecting C compile features - done
[0.362s] -- Detecting CXX compiler ABI info
[0.465s] -- Detecting CXX compiler ABI info - done
[0.473s] -- Check for working CXX compiler: /usr/lib/ccache/g++ - skipped
[0.474s] -- Detecting CXX compile features
[0.474s] -- Detecting CXX compile features - done
[0.483s] -- Found ament_cmake: 1.3.11 (/opt/ros/humble/share/ament_cmake/cmake)
[0.984s] -- Found Python3: /usr/bin/python3 (found version "3.10.12") found components: Interpreter 
[1.161s] -- Found Boost: /usr/lib/x86_64-linux-gnu/cmake/Boost-1.74.0/BoostConfig.cmake (found version "1.74.0")  
[1.165s] -- Found moveit_common: 2.5.6 (/opt/ros/humble/share/moveit_common/cmake)
[1.258s] -- Found moveit_core: 2.5.6 (/opt/ros/humble/share/moveit_core/cmake)
[1.678s] -- Found Boost: /usr/lib/x86_64-linux-gnu/cmake/Boost-1.74.0/BoostConfig.cmake (found version "1.74.0") found components: chrono date_time filesystem iostreams program_options regex serialization system thread 
[1.762s] -- Found parameter_traits: 0.3.9 (/opt/ros/humble/share/parameter_traits/cmake)
[1.827s] -- Found rosidl_generator_c: 3.1.6 (/opt/ros/humble/share/rosidl_generator_c/cmake)
[1.837s] -- Found rosidl_adapter: 3.1.6 (/opt/ros/humble/share/rosidl_adapter/cmake)
[1.851s] -- Found rosidl_generator_cpp: 3.1.6 (/opt/ros/humble/share/rosidl_generator_cpp/cmake)
[1.868s] -- Using all available rosidl_typesupport_c: rosidl_typesupport_fastrtps_c;rosidl_typesupport_introspection_c
[1.891s] -- Using all available rosidl_typesupport_cpp: rosidl_typesupport_fastrtps_cpp;rosidl_typesupport_introspection_cpp
[1.952s] -- Found rmw_implementation_cmake: 6.1.2 (/opt/ros/humble/share/rmw_implementation_cmake/cmake)
[1.957s] -- Found rmw_fastrtps_cpp: 6.2.7 (/opt/ros/humble/share/rmw_fastrtps_cpp/cmake)
[2.096s] -- Found OpenSSL: /usr/lib/x86_64-linux-gnu/libcrypto.so (found version "3.0.2")  
[2.129s] -- Found FastRTPS: /opt/ros/humble/include  
[2.189s] -- Using RMW implementation 'rmw_fastrtps_cpp' as default
[2.204s] -- Found Threads: TRUE  
[2.270s] -- Found Eigen3: TRUE (found version "3.4.0") 
[2.275s] -- Found rclcpp_lifecycle: 16.0.11 (/opt/ros/humble/share/rclcpp_lifecycle/cmake)
[2.306s] -- Found Boost: /usr/lib/x86_64-linux-gnu/cmake/Boost-1.74.0/BoostConfig.cmake (found version "1.74.0") found components: filesystem 
[2.510s] -- library: /usr/lib/x86_64-linux-gnu/libcurl.so
[2.588s] -- Ensuring Eigen3 include directory is part of orocos-kdl CMake target
[2.903s] -- Found moveit_ros_move_group: 2.5.6 (/opt/ros/humble/share/moveit_ros_move_group/cmake)
[2.908s] -- Found Boost: /usr/lib/x86_64-linux-gnu/cmake/Boost-1.74.0/BoostConfig.cmake (found version "1.74.0") found components: system filesystem date_time program_options thread 
[2.948s] -- Found Boost: /usr/lib/x86_64-linux-gnu/cmake/Boost-1.74.0/BoostConfig.cmake (found version "1.74.0") found components: system filesystem date_time program_options thread chrono 
[2.963s] -- Found moveit_task_constructor_core: 0.1.3 (/home/river2000/ur10_ws/install/moveit_task_constructor_core/share/moveit_task_constructor_core/cmake)
[2.977s] -- Found Boost: /usr/lib/x86_64-linux-gnu/cmake/Boost-1.74.0/BoostConfig.cmake (found version "1.74.0") found components: date_time filesystem program_options system thread 
[2.993s] -- Found Boost: /usr/lib/x86_64-linux-gnu/cmake/Boost-1.74.0/BoostConfig.cmake (found version "1.74.0") found components: thread system filesystem regex date_time program_options 
[3.075s] -- Configuring done
[3.109s] -- Generating done
[3.118s] -- Build files have been written to: /home/river2000/ur10_ws/build/moveit_task_constructor_capabilities
[3.135s] Invoked command in '/home/river2000/ur10_ws/build/moveit_task_constructor_capabilities' returned '0': AMENT_PREFIX_PATH=/home/river2000/ur10_ws/install/moveit_task_constructor_core:/home/river2000/ur10_ws/install/rviz_marker_tools:/home/river2000/ur10_ws/install/moveit_task_constructor_msgs:${AMENT_PREFIX_PATH} CMAKE_MODULE_PATH=/home/river2000/ur10_ws/install/moveit_task_constructor_core/share/moveit_task_constructor_core/cmake CMAKE_PREFIX_PATH=/home/river2000/ur10_ws/install/moveit_task_constructor_core:/home/river2000/ur10_ws/install/rviz_marker_tools:/home/river2000/ur10_ws/install/moveit_task_constructor_msgs:/home/river2000/ur10_ws/install/ur:/home/river2000/ur10_ws/install/ur_calibration:/home/river2000/ur10_ws/install/ur_robot_driver:/home/river2000/ur10_ws/install/ur_pick_and_place_moveit:/home/river2000/ur10_ws/install/ur_moveit_config:/home/river2000/ur10_ws/install/ur_bringup:/home/river2000/ur10_ws/install/ur_description:/home/river2000/ur10_ws/install/ur_controllers:/home/river2000/ur10_ws/install/ur_dashboard_msgs:/home/river2000/ur10_ws/install/ros2_ur_moveit_examples:/opt/ros/humble LD_LIBRARY_PATH=/home/river2000/ur10_ws/install/moveit_task_constructor_core/lib:/home/river2000/ur10_ws/install/rviz_marker_tools/lib:/home/river2000/ur10_ws/install/moveit_task_constructor_msgs/lib:${LD_LIBRARY_PATH} PYTHONPATH=/home/river2000/ur10_ws/install/moveit_task_constructor_core/local/lib/python3.10/dist-packages:/home/river2000/ur10_ws/install/moveit_task_constructor_msgs/local/lib/python3.10/dist-packages:${PYTHONPATH} /usr/bin/cmake /home/river2000/ur10_ws/src/moveit_task_constructor/capabilities -DCMAKE_BUILD_TYPE=Release -DCMAKE_INSTALL_PREFIX=/home/river2000/ur10_ws/install/moveit_task_constructor_capabilities
[3.137s] Invoking command in '/home/river2000/ur10_ws/build/moveit_task_constructor_capabilities': AMENT_PREFIX_PATH=/home/river2000/ur10_ws/install/moveit_task_constructor_core:/home/river2000/ur10_ws/install/rviz_marker_tools:/home/river2000/ur10_ws/install/moveit_task_constructor_msgs:${AMENT_PREFIX_PATH} CMAKE_MODULE_PATH=/home/river2000/ur10_ws/install/moveit_task_constructor_core/share/moveit_task_constructor_core/cmake CMAKE_PREFIX_PATH=/home/river2000/ur10_ws/install/moveit_task_constructor_core:/home/river2000/ur10_ws/install/rviz_marker_tools:/home/river2000/ur10_ws/install/moveit_task_constructor_msgs:/home/river2000/ur10_ws/install/ur:/home/river2000/ur10_ws/install/ur_calibration:/home/river2000/ur10_ws/install/ur_robot_driver:/home/river2000/ur10_ws/install/ur_pick_and_place_moveit:/home/river2000/ur10_ws/install/ur_moveit_config:/home/river2000/ur10_ws/install/ur_bringup:/home/river2000/ur10_ws/install/ur_description:/home/river2000/ur10_ws/install/ur_controllers:/home/river2000/ur10_ws/install/ur_dashboard_msgs:/home/river2000/ur10_ws/install/ros2_ur_moveit_examples:/opt/ros/humble LD_LIBRARY_PATH=/home/river2000/ur10_ws/install/moveit_task_constructor_core/lib:/home/river2000/ur10_ws/install/rviz_marker_tools/lib:/home/river2000/ur10_ws/install/moveit_task_constructor_msgs/lib:${LD_LIBRARY_PATH} PYTHONPATH=/home/river2000/ur10_ws/install/moveit_task_constructor_core/local/lib/python3.10/dist-packages:/home/river2000/ur10_ws/install/moveit_task_constructor_msgs/local/lib/python3.10/dist-packages:${PYTHONPATH} /usr/bin/cmake --build /home/river2000/ur10_ws/build/moveit_task_constructor_capabilities -- -j16 -l16
[3.213s] [ 50%] [32mBuilding CXX object CMakeFiles/moveit_task_constructor_capabilities.dir/src/execute_task_solution_capability.cpp.o[0m
[26.302s] [100%] [32m[1mLinking CXX shared library libmoveit_task_constructor_capabilities.so[0m
[26.597s] [100%] Built target moveit_task_constructor_capabilities
[26.615s] Invoked command in '/home/river2000/ur10_ws/build/moveit_task_constructor_capabilities' returned '0': AMENT_PREFIX_PATH=/home/river2000/ur10_ws/install/moveit_task_constructor_core:/home/river2000/ur10_ws/install/rviz_marker_tools:/home/river2000/ur10_ws/install/moveit_task_constructor_msgs:${AMENT_PREFIX_PATH} CMAKE_MODULE_PATH=/home/river2000/ur10_ws/install/moveit_task_constructor_core/share/moveit_task_constructor_core/cmake CMAKE_PREFIX_PATH=/home/river2000/ur10_ws/install/moveit_task_constructor_core:/home/river2000/ur10_ws/install/rviz_marker_tools:/home/river2000/ur10_ws/install/moveit_task_constructor_msgs:/home/river2000/ur10_ws/install/ur:/home/river2000/ur10_ws/install/ur_calibration:/home/river2000/ur10_ws/install/ur_robot_driver:/home/river2000/ur10_ws/install/ur_pick_and_place_moveit:/home/river2000/ur10_ws/install/ur_moveit_config:/home/river2000/ur10_ws/install/ur_bringup:/home/river2000/ur10_ws/install/ur_description:/home/river2000/ur10_ws/install/ur_controllers:/home/river2000/ur10_ws/install/ur_dashboard_msgs:/home/river2000/ur10_ws/install/ros2_ur_moveit_examples:/opt/ros/humble LD_LIBRARY_PATH=/home/river2000/ur10_ws/install/moveit_task_constructor_core/lib:/home/river2000/ur10_ws/install/rviz_marker_tools/lib:/home/river2000/ur10_ws/install/moveit_task_constructor_msgs/lib:${LD_LIBRARY_PATH} PYTHONPATH=/home/river2000/ur10_ws/install/moveit_task_constructor_core/local/lib/python3.10/dist-packages:/home/river2000/ur10_ws/install/moveit_task_constructor_msgs/local/lib/python3.10/dist-packages:${PYTHONPATH} /usr/bin/cmake --build /home/river2000/ur10_ws/build/moveit_task_constructor_capabilities -- -j16 -l16
[26.617s] Invoking command in '/home/river2000/ur10_ws/build/moveit_task_constructor_capabilities': AMENT_PREFIX_PATH=/home/river2000/ur10_ws/install/moveit_task_constructor_core:/home/river2000/ur10_ws/install/rviz_marker_tools:/home/river2000/ur10_ws/install/moveit_task_constructor_msgs:${AMENT_PREFIX_PATH} CMAKE_MODULE_PATH=/home/river2000/ur10_ws/install/moveit_task_constructor_core/share/moveit_task_constructor_core/cmake CMAKE_PREFIX_PATH=/home/river2000/ur10_ws/install/moveit_task_constructor_core:/home/river2000/ur10_ws/install/rviz_marker_tools:/home/river2000/ur10_ws/install/moveit_task_constructor_msgs:/home/river2000/ur10_ws/install/ur:/home/river2000/ur10_ws/install/ur_calibration:/home/river2000/ur10_ws/install/ur_robot_driver:/home/river2000/ur10_ws/install/ur_pick_and_place_moveit:/home/river2000/ur10_ws/install/ur_moveit_config:/home/river2000/ur10_ws/install/ur_bringup:/home/river2000/ur10_ws/install/ur_description:/home/river2000/ur10_ws/install/ur_controllers:/home/river2000/ur10_ws/install/ur_dashboard_msgs:/home/river2000/ur10_ws/install/ros2_ur_moveit_examples:/opt/ros/humble LD_LIBRARY_PATH=/home/river2000/ur10_ws/install/moveit_task_constructor_core/lib:/home/river2000/ur10_ws/install/rviz_marker_tools/lib:/home/river2000/ur10_ws/install/moveit_task_constructor_msgs/lib:${LD_LIBRARY_PATH} PYTHONPATH=/home/river2000/ur10_ws/install/moveit_task_constructor_core/local/lib/python3.10/dist-packages:/home/river2000/ur10_ws/install/moveit_task_constructor_msgs/local/lib/python3.10/dist-packages:${PYTHONPATH} /usr/bin/cmake --install /home/river2000/ur10_ws/build/moveit_task_constructor_capabilities
[26.632s] -- Install configuration: "Release"
[26.632s] -- Installing: /home/river2000/ur10_ws/install/moveit_task_constructor_capabilities/lib/libmoveit_task_constructor_capabilities.so
[26.633s] -- Set runtime path of "/home/river2000/ur10_ws/install/moveit_task_constructor_capabilities/lib/libmoveit_task_constructor_capabilities.so" to ""
[26.633s] -- Installing: /home/river2000/ur10_ws/install/moveit_task_constructor_capabilities/share/moveit_task_constructor_capabilities/capabilities_plugin_description.xml
[26.634s] -- Installing: /home/river2000/ur10_ws/install/moveit_task_constructor_capabilities/share/ament_index/resource_index/package_run_dependencies/moveit_task_constructor_capabilities
[26.635s] -- Installing: /home/river2000/ur10_ws/install/moveit_task_constructor_capabilities/share/ament_index/resource_index/parent_prefix_path/moveit_task_constructor_capabilities
[26.635s] -- Installing: /home/river2000/ur10_ws/install/moveit_task_constructor_capabilities/share/moveit_task_constructor_capabilities/environment/ament_prefix_path.sh
[26.636s] -- Installing: /home/river2000/ur10_ws/install/moveit_task_constructor_capabilities/share/moveit_task_constructor_capabilities/environment/ament_prefix_path.dsv
[26.636s] -- Installing: /home/river2000/ur10_ws/install/moveit_task_constructor_capabilities/share/moveit_task_constructor_capabilities/environment/path.sh
[26.636s] -- Installing: /home/river2000/ur10_ws/install/moveit_task_constructor_capabilities/share/moveit_task_constructor_capabilities/environment/path.dsv
[26.637s] -- Installing: /home/river2000/ur10_ws/install/moveit_task_constructor_capabilities/share/moveit_task_constructor_capabilities/local_setup.bash
[26.637s] -- Installing: /home/river2000/ur10_ws/install/moveit_task_constructor_capabilities/share/moveit_task_constructor_capabilities/local_setup.sh
[26.637s] -- Installing: /home/river2000/ur10_ws/install/moveit_task_constructor_capabilities/share/moveit_task_constructor_capabilities/local_setup.zsh
[26.638s] -- Installing: /home/river2000/ur10_ws/install/moveit_task_constructor_capabilities/share/moveit_task_constructor_capabilities/local_setup.dsv
[26.638s] -- Installing: /home/river2000/ur10_ws/install/moveit_task_constructor_capabilities/share/moveit_task_constructor_capabilities/package.dsv
[26.638s] -- Installing: /home/river2000/ur10_ws/install/moveit_task_constructor_capabilities/share/ament_index/resource_index/packages/moveit_task_constructor_capabilities
[26.639s] -- Installing: /home/river2000/ur10_ws/install/moveit_task_constructor_capabilities/share/ament_index/resource_index/moveit_ros_move_group__pluginlib__plugin/moveit_task_constructor_capabilities
[26.639s] -- Installing: /home/river2000/ur10_ws/install/moveit_task_constructor_capabilities/share/moveit_task_constructor_capabilities/cmake/ament_cmake_export_dependencies-extras.cmake
[26.639s] -- Installing: /home/river2000/ur10_ws/install/moveit_task_constructor_capabilities/share/moveit_task_constructor_capabilities/cmake/moveit_task_constructor_capabilitiesConfig.cmake
[26.639s] -- Installing: /home/river2000/ur10_ws/install/moveit_task_constructor_capabilities/share/moveit_task_constructor_capabilities/cmake/moveit_task_constructor_capabilitiesConfig-version.cmake
[26.639s] -- Installing: /home/river2000/ur10_ws/install/moveit_task_constructor_capabilities/share/moveit_task_constructor_capabilities/package.xml
[26.643s] Invoked command in '/home/river2000/ur10_ws/build/moveit_task_constructor_capabilities' returned '0': AMENT_PREFIX_PATH=/home/river2000/ur10_ws/install/moveit_task_constructor_core:/home/river2000/ur10_ws/install/rviz_marker_tools:/home/river2000/ur10_ws/install/moveit_task_constructor_msgs:${AMENT_PREFIX_PATH} CMAKE_MODULE_PATH=/home/river2000/ur10_ws/install/moveit_task_constructor_core/share/moveit_task_constructor_core/cmake CMAKE_PREFIX_PATH=/home/river2000/ur10_ws/install/moveit_task_constructor_core:/home/river2000/ur10_ws/install/rviz_marker_tools:/home/river2000/ur10_ws/install/moveit_task_constructor_msgs:/home/river2000/ur10_ws/install/ur:/home/river2000/ur10_ws/install/ur_calibration:/home/river2000/ur10_ws/install/ur_robot_driver:/home/river2000/ur10_ws/install/ur_pick_and_place_moveit:/home/river2000/ur10_ws/install/ur_moveit_config:/home/river2000/ur10_ws/install/ur_bringup:/home/river2000/ur10_ws/install/ur_description:/home/river2000/ur10_ws/install/ur_controllers:/home/river2000/ur10_ws/install/ur_dashboard_msgs:/home/river2000/ur10_ws/install/ros2_ur_moveit_examples:/opt/ros/humble LD_LIBRARY_PATH=/home/river2000/ur10_ws/install/moveit_task_constructor_core/lib:/home/river2000/ur10_ws/install/rviz_marker_tools/lib:/home/river2000/ur10_ws/install/moveit_task_constructor_msgs/lib:${LD_LIBRARY_PATH} PYTHONPATH=/home/river2000/ur10_ws/install/moveit_task_constructor_core/local/lib/python3.10/dist-packages:/home/river2000/ur10_ws/install/moveit_task_constructor_msgs/local/lib/python3.10/dist-packages:${PYTHONPATH} /usr/bin/cmake --install /home/river2000/ur10_ws/build/moveit_task_constructor_capabilities
