[0.034s] Invoking command in '/home/river2000/ur10_ws/build/ur': CMAKE_PREFIX_PATH=/home/river2000/ur10_ws/install/ur_calibration:/home/river2000/ur10_ws/install/ur_robot_driver:/home/river2000/ur10_ws/install/ur_moveit_config:/home/river2000/ur10_ws/install/ur_controllers:/home/river2000/ur10_ws/install/ur_description:/home/river2000/ur10_ws/install/ur_dashboard_msgs:/home/river2000/ur10_ws/install/ur:/home/river2000/ur10_ws/install/ur_pick_and_place_moveit:/home/river2000/ur10_ws/install/ur_bringup:/home/river2000/ur10_ws/install/ros2_ur_moveit_examples:/opt/ros/humble /usr/bin/cmake /home/river2000/ur10_ws/src/Universal_Robots_ROS2_Driver/ur -DCMAKE_BUILD_TYPE=Release -DAMENT_CMAKE_SYMLINK_INSTALL=1 -DCMAKE_INSTALL_PREFIX=/home/river2000/ur10_ws/install/ur
[0.139s] -- The C compiler identification is GNU 12.3.0
[0.225s] -- The CXX compiler identification is GNU 11.4.0
[0.237s] -- Detecting C compiler ABI info
[0.329s] -- Detecting C compiler ABI info - done
[0.336s] -- Check for working C compiler: /usr/lib/ccache/cc - skipped
[0.336s] -- Detecting C compile features
[0.336s] -- Detecting C compile features - done
[0.339s] -- Detecting CXX compiler ABI info
[0.432s] -- Detecting CXX compiler ABI info - done
[0.452s] -- Check for working CXX compiler: /usr/lib/ccache/g++ - skipped
[0.453s] -- Detecting CXX compile features
[0.454s] -- Detecting CXX compile features - done
[0.464s] -- Found ament_cmake: 1.3.11 (/opt/ros/humble/share/ament_cmake/cmake)
[0.845s] -- Found Python3: /usr/bin/python3 (found version "3.10.12") found components: Interpreter 
[0.918s] -- Override CMake install command with custom implementation using symlinks instead of copying resources
[0.994s] -- Found ament_lint_auto: 0.12.11 (/opt/ros/humble/share/ament_lint_auto/cmake)
[1.097s] -- Added test 'lint_cmake' to check CMake code style
[1.098s] -- Added test 'xmllint' to check XML markup files
[1.099s] -- Configuring done
[1.102s] -- Generating done
[1.104s] -- Build files have been written to: /home/river2000/ur10_ws/build/ur
[1.108s] Invoked command in '/home/river2000/ur10_ws/build/ur' returned '0': CMAKE_PREFIX_PATH=/home/river2000/ur10_ws/install/ur_calibration:/home/river2000/ur10_ws/install/ur_robot_driver:/home/river2000/ur10_ws/install/ur_moveit_config:/home/river2000/ur10_ws/install/ur_controllers:/home/river2000/ur10_ws/install/ur_description:/home/river2000/ur10_ws/install/ur_dashboard_msgs:/home/river2000/ur10_ws/install/ur:/home/river2000/ur10_ws/install/ur_pick_and_place_moveit:/home/river2000/ur10_ws/install/ur_bringup:/home/river2000/ur10_ws/install/ros2_ur_moveit_examples:/opt/ros/humble /usr/bin/cmake /home/river2000/ur10_ws/src/Universal_Robots_ROS2_Driver/ur -DCMAKE_BUILD_TYPE=Release -DAMENT_CMAKE_SYMLINK_INSTALL=1 -DCMAKE_INSTALL_PREFIX=/home/river2000/ur10_ws/install/ur
[1.110s] Invoking command in '/home/river2000/ur10_ws/build/ur': CMAKE_PREFIX_PATH=/home/river2000/ur10_ws/install/ur_calibration:/home/river2000/ur10_ws/install/ur_robot_driver:/home/river2000/ur10_ws/install/ur_moveit_config:/home/river2000/ur10_ws/install/ur_controllers:/home/river2000/ur10_ws/install/ur_description:/home/river2000/ur10_ws/install/ur_dashboard_msgs:/home/river2000/ur10_ws/install/ur:/home/river2000/ur10_ws/install/ur_pick_and_place_moveit:/home/river2000/ur10_ws/install/ur_bringup:/home/river2000/ur10_ws/install/ros2_ur_moveit_examples:/opt/ros/humble /usr/bin/cmake --build /home/river2000/ur10_ws/build/ur -- -j16 -l16
[1.165s] Invoked command in '/home/river2000/ur10_ws/build/ur' returned '0': CMAKE_PREFIX_PATH=/home/river2000/ur10_ws/install/ur_calibration:/home/river2000/ur10_ws/install/ur_robot_driver:/home/river2000/ur10_ws/install/ur_moveit_config:/home/river2000/ur10_ws/install/ur_controllers:/home/river2000/ur10_ws/install/ur_description:/home/river2000/ur10_ws/install/ur_dashboard_msgs:/home/river2000/ur10_ws/install/ur:/home/river2000/ur10_ws/install/ur_pick_and_place_moveit:/home/river2000/ur10_ws/install/ur_bringup:/home/river2000/ur10_ws/install/ros2_ur_moveit_examples:/opt/ros/humble /usr/bin/cmake --build /home/river2000/ur10_ws/build/ur -- -j16 -l16
[1.166s] Invoking command in '/home/river2000/ur10_ws/build/ur': CMAKE_PREFIX_PATH=/home/river2000/ur10_ws/install/ur_calibration:/home/river2000/ur10_ws/install/ur_robot_driver:/home/river2000/ur10_ws/install/ur_moveit_config:/home/river2000/ur10_ws/install/ur_controllers:/home/river2000/ur10_ws/install/ur_description:/home/river2000/ur10_ws/install/ur_dashboard_msgs:/home/river2000/ur10_ws/install/ur:/home/river2000/ur10_ws/install/ur_pick_and_place_moveit:/home/river2000/ur10_ws/install/ur_bringup:/home/river2000/ur10_ws/install/ros2_ur_moveit_examples:/opt/ros/humble /usr/bin/cmake --install /home/river2000/ur10_ws/build/ur
[1.178s] -- Install configuration: "Release"
[1.178s] -- Execute custom install script
[1.178s] -- Symlinking: /home/river2000/ur10_ws/install/ur/share/ament_index/resource_index/package_run_dependencies/ur
[1.189s] -- Symlinking: /home/river2000/ur10_ws/install/ur/share/ament_index/resource_index/parent_prefix_path/ur
[1.200s] -- Symlinking: /home/river2000/ur10_ws/install/ur/share/ur/environment/ament_prefix_path.sh
[1.210s] -- Symlinking: /home/river2000/ur10_ws/install/ur/share/ur/environment/ament_prefix_path.dsv
[1.220s] -- Symlinking: /home/river2000/ur10_ws/install/ur/share/ur/environment/path.sh
[1.237s] -- Symlinking: /home/river2000/ur10_ws/install/ur/share/ur/environment/path.dsv
[1.247s] -- Symlinking: /home/river2000/ur10_ws/install/ur/share/ur/local_setup.bash
[1.257s] -- Symlinking: /home/river2000/ur10_ws/install/ur/share/ur/local_setup.sh
[1.266s] -- Symlinking: /home/river2000/ur10_ws/install/ur/share/ur/local_setup.zsh
[1.277s] -- Symlinking: /home/river2000/ur10_ws/install/ur/share/ur/local_setup.dsv
[1.288s] -- Symlinking: /home/river2000/ur10_ws/install/ur/share/ur/package.dsv
[1.309s] -- Symlinking: /home/river2000/ur10_ws/install/ur/share/ament_index/resource_index/packages/ur
[1.321s] -- Symlinking: /home/river2000/ur10_ws/install/ur/share/ur/cmake/urConfig.cmake
[1.332s] -- Symlinking: /home/river2000/ur10_ws/install/ur/share/ur/cmake/urConfig-version.cmake
[1.343s] -- Symlinking: /home/river2000/ur10_ws/install/ur/share/ur/package.xml
[1.359s] Invoked command in '/home/river2000/ur10_ws/build/ur' returned '0': CMAKE_PREFIX_PATH=/home/river2000/ur10_ws/install/ur_calibration:/home/river2000/ur10_ws/install/ur_robot_driver:/home/river2000/ur10_ws/install/ur_moveit_config:/home/river2000/ur10_ws/install/ur_controllers:/home/river2000/ur10_ws/install/ur_description:/home/river2000/ur10_ws/install/ur_dashboard_msgs:/home/river2000/ur10_ws/install/ur:/home/river2000/ur10_ws/install/ur_pick_and_place_moveit:/home/river2000/ur10_ws/install/ur_bringup:/home/river2000/ur10_ws/install/ros2_ur_moveit_examples:/opt/ros/humble /usr/bin/cmake --install /home/river2000/ur10_ws/build/ur
