[0.036s] Invoking command in '/home/river2000/ur10_ws/build/ros2_ur_moveit_examples': CMAKE_PREFIX_PATH=${CMAKE_PREFIX_PATH}:/home/river2000/ur10_ws/src/ros2_control_demos/install/ros2_control_demo_testing:/home/river2000/ur10_ws/install/rqt_joint_trajectory_controller:/home/river2000/ur10_ws/install/rqt_controller_manager:/home/river2000/ur10_ws/install/ros2controlcli:/home/river2000/ur10_ws/install/ros2_controllers_test_nodes:/home/river2000/ur10_ws/install/ros2_control_demo_testing:/opt/ros/humble /usr/bin/cmake --build /home/river2000/ur10_ws/build/ros2_ur_moveit_examples -- -j16 -l16
[0.156s] [35m[1mConsolidate compiler generated dependencies of target hello_moveit[0m
[0.210s] [ 20%] Built target kinematics
[0.210s] [ 40%] Built target check_collisions
[0.220s] [ 70%] [32mBuilding CXX object CMakeFiles/hello_moveit.dir/src/hello_moveit.cpp.o[0m
[0.220s] [ 70%] Built target planning_scene
[0.223s] [ 90%] Built target planning_scene_service
[10.414s] [100%] [32m[1mLinking CXX executable hello_moveit[0m
[10.853s] [100%] Built target hello_moveit
[10.890s] Invoked command in '/home/river2000/ur10_ws/build/ros2_ur_moveit_examples' returned '0': CMAKE_PREFIX_PATH=${CMAKE_PREFIX_PATH}:/home/river2000/ur10_ws/src/ros2_control_demos/install/ros2_control_demo_testing:/home/river2000/ur10_ws/install/rqt_joint_trajectory_controller:/home/river2000/ur10_ws/install/rqt_controller_manager:/home/river2000/ur10_ws/install/ros2controlcli:/home/river2000/ur10_ws/install/ros2_controllers_test_nodes:/home/river2000/ur10_ws/install/ros2_control_demo_testing:/opt/ros/humble /usr/bin/cmake --build /home/river2000/ur10_ws/build/ros2_ur_moveit_examples -- -j16 -l16
[10.894s] Invoking command in '/home/river2000/ur10_ws/build/ros2_ur_moveit_examples': CMAKE_PREFIX_PATH=${CMAKE_PREFIX_PATH}:/home/river2000/ur10_ws/src/ros2_control_demos/install/ros2_control_demo_testing:/home/river2000/ur10_ws/install/rqt_joint_trajectory_controller:/home/river2000/ur10_ws/install/rqt_controller_manager:/home/river2000/ur10_ws/install/ros2controlcli:/home/river2000/ur10_ws/install/ros2_controllers_test_nodes:/home/river2000/ur10_ws/install/ros2_control_demo_testing:/opt/ros/humble /usr/bin/cmake --install /home/river2000/ur10_ws/build/ros2_ur_moveit_examples
[10.915s] -- Install configuration: ""
[10.915s] -- Execute custom install script
[10.915s] -- Up-to-date symlink: /home/river2000/ur10_ws/install/ros2_ur_moveit_examples/share/ros2_ur_moveit_examples/launch/check_collisions.launch.py
[10.915s] -- Up-to-date symlink: /home/river2000/ur10_ws/install/ros2_ur_moveit_examples/share/ros2_ur_moveit_examples/launch/hello_moveit.launch.py
[10.916s] -- Up-to-date symlink: /home/river2000/ur10_ws/install/ros2_ur_moveit_examples/share/ros2_ur_moveit_examples/launch/kinematics.launch.py
[10.916s] -- Up-to-date symlink: /home/river2000/ur10_ws/install/ros2_ur_moveit_examples/share/ros2_ur_moveit_examples/launch/planning_scene.launch.py
[10.916s] -- Up-to-date symlink: /home/river2000/ur10_ws/install/ros2_ur_moveit_examples/share/ros2_ur_moveit_examples/launch/planning_scene_service.launch.py
[10.916s] -- Up-to-date symlink: /home/river2000/ur10_ws/install/ros2_ur_moveit_examples/lib/ros2_ur_moveit_examples/hello_moveit
[10.916s] -- Up-to-date symlink: /home/river2000/ur10_ws/install/ros2_ur_moveit_examples/lib/ros2_ur_moveit_examples/kinematics
[10.916s] -- Up-to-date symlink: /home/river2000/ur10_ws/install/ros2_ur_moveit_examples/lib/ros2_ur_moveit_examples/check_collisions
[10.916s] -- Up-to-date symlink: /home/river2000/ur10_ws/install/ros2_ur_moveit_examples/lib/ros2_ur_moveit_examples/planning_scene
[10.917s] -- Up-to-date symlink: /home/river2000/ur10_ws/install/ros2_ur_moveit_examples/lib/ros2_ur_moveit_examples/planning_scene_service
[10.917s] -- Up-to-date symlink: /home/river2000/ur10_ws/install/ros2_ur_moveit_examples/share/ament_index/resource_index/package_run_dependencies/ros2_ur_moveit_examples
[10.917s] -- Up-to-date symlink: /home/river2000/ur10_ws/install/ros2_ur_moveit_examples/share/ament_index/resource_index/parent_prefix_path/ros2_ur_moveit_examples
[10.917s] -- Up-to-date symlink: /home/river2000/ur10_ws/install/ros2_ur_moveit_examples/share/ros2_ur_moveit_examples/environment/ament_prefix_path.sh
[10.917s] -- Up-to-date symlink: /home/river2000/ur10_ws/install/ros2_ur_moveit_examples/share/ros2_ur_moveit_examples/environment/ament_prefix_path.dsv
[10.917s] -- Up-to-date symlink: /home/river2000/ur10_ws/install/ros2_ur_moveit_examples/share/ros2_ur_moveit_examples/environment/path.sh
[10.917s] -- Up-to-date symlink: /home/river2000/ur10_ws/install/ros2_ur_moveit_examples/share/ros2_ur_moveit_examples/environment/path.dsv
[10.918s] -- Up-to-date symlink: /home/river2000/ur10_ws/install/ros2_ur_moveit_examples/share/ros2_ur_moveit_examples/local_setup.bash
[10.918s] -- Up-to-date symlink: /home/river2000/ur10_ws/install/ros2_ur_moveit_examples/share/ros2_ur_moveit_examples/local_setup.sh
[10.918s] -- Up-to-date symlink: /home/river2000/ur10_ws/install/ros2_ur_moveit_examples/share/ros2_ur_moveit_examples/local_setup.zsh
[10.918s] -- Up-to-date symlink: /home/river2000/ur10_ws/install/ros2_ur_moveit_examples/share/ros2_ur_moveit_examples/local_setup.dsv
[10.918s] -- Symlinking: /home/river2000/ur10_ws/install/ros2_ur_moveit_examples/share/ros2_ur_moveit_examples/package.dsv
[10.940s] -- Up-to-date symlink: /home/river2000/ur10_ws/install/ros2_ur_moveit_examples/share/ament_index/resource_index/packages/ros2_ur_moveit_examples
[10.940s] -- Up-to-date symlink: /home/river2000/ur10_ws/install/ros2_ur_moveit_examples/share/ros2_ur_moveit_examples/cmake/ros2_ur_moveit_examplesConfig.cmake
[10.941s] -- Up-to-date symlink: /home/river2000/ur10_ws/install/ros2_ur_moveit_examples/share/ros2_ur_moveit_examples/cmake/ros2_ur_moveit_examplesConfig-version.cmake
[10.941s] -- Up-to-date symlink: /home/river2000/ur10_ws/install/ros2_ur_moveit_examples/share/ros2_ur_moveit_examples/package.xml
[10.945s] Invoked command in '/home/river2000/ur10_ws/build/ros2_ur_moveit_examples' returned '0': CMAKE_PREFIX_PATH=${CMAKE_PREFIX_PATH}:/home/river2000/ur10_ws/src/ros2_control_demos/install/ros2_control_demo_testing:/home/river2000/ur10_ws/install/rqt_joint_trajectory_controller:/home/river2000/ur10_ws/install/rqt_controller_manager:/home/river2000/ur10_ws/install/ros2controlcli:/home/river2000/ur10_ws/install/ros2_controllers_test_nodes:/home/river2000/ur10_ws/install/ros2_control_demo_testing:/opt/ros/humble /usr/bin/cmake --install /home/river2000/ur10_ws/build/ros2_ur_moveit_examples
