[0.013s] Invoking command in '/home/river2000/ur10_ws/build/ur_controllers': AMENT_PREFIX_PATH=/home/river2000/ur10_ws/install/ur_dashboard_msgs:${AMENT_PREFIX_PATH} CMAKE_PREFIX_PATH=/home/river2000/ur10_ws/install/ur_dashboard_msgs:/opt/ros/humble LD_LIBRARY_PATH=/home/river2000/ur10_ws/install/ur_dashboard_msgs/lib:${LD_LIBRARY_PATH} PYTHONPATH=/home/river2000/ur10_ws/install/ur_dashboard_msgs/local/lib/python3.10/dist-packages:${PYTHONPATH} /usr/bin/cmake /home/river2000/ur10_ws/src/Universal_Robots_ROS2_Driver/ur_controllers -DCMAKE_BUILD_TYPE=Release -DAMENT_CMAKE_SYMLINK_INSTALL=1 -DCMAKE_INSTALL_PREFIX=/home/river2000/ur10_ws/install/ur_controllers
[0.025s] -- Found ament_cmake: 1.3.11 (/opt/ros/humble/share/ament_cmake/cmake)
[0.154s] -- Override CMake install command with custom implementation using symlinks instead of copying resources
[0.160s] -- Found angles: 1.15.0 (/opt/ros/humble/share/angles/cmake)
[0.161s] -- Found controller_interface: 2.46.0 (/opt/ros/humble/share/controller_interface/cmake)
[0.187s] -- Found rosidl_generator_c: 3.1.6 (/opt/ros/humble/share/rosidl_generator_c/cmake)
[0.189s] -- Found rosidl_adapter: 3.1.6 (/opt/ros/humble/share/rosidl_adapter/cmake)
[0.194s] -- Found rosidl_generator_cpp: 3.1.6 (/opt/ros/humble/share/rosidl_generator_cpp/cmake)
[0.203s] -- Using all available rosidl_typesupport_c: rosidl_typesupport_fastrtps_c;rosidl_typesupport_introspection_c
[0.213s] -- Using all available rosidl_typesupport_cpp: rosidl_typesupport_fastrtps_cpp;rosidl_typesupport_introspection_cpp
[0.359s] -- Found rmw_implementation_cmake: 6.1.2 (/opt/ros/humble/share/rmw_implementation_cmake/cmake)
[0.360s] -- Found rmw_fastrtps_cpp: 6.2.7 (/opt/ros/humble/share/rmw_fastrtps_cpp/cmake)
[0.376s] -- Found TinyXML2 via Config file: TinyXML2_DIR-NOTFOUND
[0.386s] -- Found TinyXML2 via Config file: TinyXML2_DIR-NOTFOUND
[0.404s] -- Found TinyXML2 via Config file: TinyXML2_DIR-NOTFOUND
[0.412s] -- Found TinyXML2 via Config file: TinyXML2_DIR-NOTFOUND
[0.423s] -- Using RMW implementation 'rmw_fastrtps_cpp' as default
[0.465s] -- Found joint_trajectory_controller: 2.39.0 (/opt/ros/humble/share/joint_trajectory_controller/cmake)
[0.481s] -- Found parameter_traits: 0.3.9 (/opt/ros/humble/share/parameter_traits/cmake)
[0.499s] -- Found std_srvs: 4.2.4 (/opt/ros/humble/share/std_srvs/cmake)
[0.507s] -- Found tf2_geometry_msgs: 0.25.9 (/opt/ros/humble/share/tf2_geometry_msgs/cmake)
[0.510s] -- Found eigen3_cmake_module: 0.1.1 (/opt/ros/humble/share/eigen3_cmake_module/cmake)
[0.511s] -- Ensuring Eigen3 include directory is part of orocos-kdl CMake target
[0.553s] -- Found ur_dashboard_msgs: 2.5.1 (/home/river2000/ur10_ws/install/ur_dashboard_msgs/share/ur_dashboard_msgs/cmake)
[0.568s] -- Found ur_msgs: 2.1.0 (/opt/ros/humble/share/ur_msgs/cmake)
[0.597s] -- Found ament_cmake_gmock: 1.3.11 (/opt/ros/humble/share/ament_cmake_gmock/cmake)
[0.598s] -- Found controller_manager: 2.46.0 (/opt/ros/humble/share/controller_manager/cmake)
[0.621s] -- Found ros2_control_test_assets: 2.46.0 (/opt/ros/humble/share/ros2_control_test_assets/cmake)
[0.622s] -- Found gmock sources under '/opt/ros/humble/src/gmock_vendor': C++ tests using 'Google Mock' will be built
[0.624s] -- Found ament_cmake_gtest: 1.3.11 (/opt/ros/humble/share/ament_cmake_gtest/cmake)
[0.625s] -- Found gtest sources under '/opt/ros/humble/src/gtest_vendor': C++ tests using 'Google Test' will be built
[0.720s] -- Configuring done
[0.826s] -- Generating done
[0.843s] -- Build files have been written to: /home/river2000/ur10_ws/build/ur_controllers
[0.858s] Invoked command in '/home/river2000/ur10_ws/build/ur_controllers' returned '0': AMENT_PREFIX_PATH=/home/river2000/ur10_ws/install/ur_dashboard_msgs:${AMENT_PREFIX_PATH} CMAKE_PREFIX_PATH=/home/river2000/ur10_ws/install/ur_dashboard_msgs:/opt/ros/humble LD_LIBRARY_PATH=/home/river2000/ur10_ws/install/ur_dashboard_msgs/lib:${LD_LIBRARY_PATH} PYTHONPATH=/home/river2000/ur10_ws/install/ur_dashboard_msgs/local/lib/python3.10/dist-packages:${PYTHONPATH} /usr/bin/cmake /home/river2000/ur10_ws/src/Universal_Robots_ROS2_Driver/ur_controllers -DCMAKE_BUILD_TYPE=Release -DAMENT_CMAKE_SYMLINK_INSTALL=1 -DCMAKE_INSTALL_PREFIX=/home/river2000/ur10_ws/install/ur_controllers
[0.861s] Invoking command in '/home/river2000/ur10_ws/build/ur_controllers': AMENT_PREFIX_PATH=/home/river2000/ur10_ws/install/ur_dashboard_msgs:${AMENT_PREFIX_PATH} CMAKE_PREFIX_PATH=/home/river2000/ur10_ws/install/ur_dashboard_msgs:/opt/ros/humble LD_LIBRARY_PATH=/home/river2000/ur10_ws/install/ur_dashboard_msgs/lib:${LD_LIBRARY_PATH} PYTHONPATH=/home/river2000/ur10_ws/install/ur_dashboard_msgs/local/lib/python3.10/dist-packages:${PYTHONPATH} /usr/bin/cmake --build /home/river2000/ur10_ws/build/ur_controllers -- -j16 -l16
[0.911s] [35m[1mConsolidate compiler generated dependencies of target gmock[0m
[0.913s] [35m[1mConsolidate compiler generated dependencies of target gmock_main[0m
[0.923s] [  8%] Built target scaled_joint_trajectory_controller_parameters
[0.923s] [  8%] Built target speed_scaling_state_broadcaster_parameters
[0.923s] [ 12%] Built target force_mode_controller_parameters
[0.924s] [ 16%] Built target passthrough_trajectory_controller_parameters
[0.925s] [ 25%] Built target gpio_controller_parameters
[0.925s] [ 25%] Built target ur_configuration_controller_parameters
[0.926s] [ 29%] Built target freedrive_mode_controller_parameters
[0.930s] [ 33%] [32mBuilding CXX object gmock/CMakeFiles/gmock_main.dir/src/gmock_main.cc.o[0m
[0.930s] [ 37%] [32mBuilding CXX object gmock/CMakeFiles/gmock.dir/opt/ros/humble/src/gtest_vendor/src/gtest-all.cc.o[0m
[0.931s] [ 41%] [32mBuilding CXX object gmock/CMakeFiles/gmock.dir/src/gmock-all.cc.o[0m
[0.945s] [35m[1mConsolidate compiler generated dependencies of target ur_controllers[0m
[0.956s] [ 45%] [32m[1mLinking CXX static library libgmock_main.a[0m
[0.959s] [ 50%] [32m[1mLinking CXX static library libgmock.a[0m
[0.978s] [ 54%] [32mBuilding CXX object CMakeFiles/ur_controllers.dir/src/force_mode_controller.cpp.o[0m
[0.979s] [ 58%] [32mBuilding CXX object CMakeFiles/ur_controllers.dir/src/speed_scaling_state_broadcaster.cpp.o[0m
[0.980s] [ 62%] [32mBuilding CXX object CMakeFiles/ur_controllers.dir/src/scaled_joint_trajectory_controller.cpp.o[0m
[0.982s] [ 66%] [32mBuilding CXX object CMakeFiles/ur_controllers.dir/src/freedrive_mode_controller.cpp.o[0m
[0.984s] [ 70%] [32mBuilding CXX object CMakeFiles/ur_controllers.dir/src/gpio_controller.cpp.o[0m
[0.984s] [ 79%] [32mBuilding CXX object CMakeFiles/ur_controllers.dir/src/passthrough_trajectory_controller.cpp.o[0m
[0.984s] [ 79%] [32mBuilding CXX object CMakeFiles/ur_controllers.dir/src/ur_configuration_controller.cpp.o[0m
[1.000s] [ 79%] Built target gmock_main
[1.014s] [ 79%] Built target gmock
[1.538s] In file included from [01m[K/home/river2000/ur10_ws/src/Universal_Robots_ROS2_Driver/ur_controllers/include/ur_controllers/force_mode_controller.hpp:40[m[K,
[1.538s]                  from [01m[K/home/river2000/ur10_ws/src/Universal_Robots_ROS2_Driver/ur_controllers/src/force_mode_controller.cpp:42[m[K:
[1.538s] [01m[K/opt/ros/humble/include/realtime_tools/realtime_tools/realtime_buffer.h:22:100:[m[K [01;36m[Knote: [m[K‘[01m[K#pragma message: This header include is deprecated. Please update your code to use 'realtime_buffer.hpp' header.[m[K’
[1.539s]    22 |   "This header include is deprecated. Please update your code to use 'realtime_buffer.hpp' header."[01;36m[K)[m[K  //NOLINT
[1.539s]       |                                                                                                    [01;36m[K^[m[K
[1.553s] In file included from [01m[K/opt/ros/humble/include/control_toolbox/control_toolbox/pid.hpp:41[m[K,
[1.553s]                  from [01m[K/opt/ros/humble/include/joint_trajectory_controller/joint_trajectory_controller/joint_trajectory_controller.hpp:27[m[K,
[1.553s]                  from [01m[K/home/river2000/ur10_ws/src/Universal_Robots_ROS2_Driver/ur_controllers/include/ur_controllers/scaled_joint_trajectory_controller.hpp:43[m[K,
[1.553s]                  from [01m[K/home/river2000/ur10_ws/src/Universal_Robots_ROS2_Driver/ur_controllers/src/scaled_joint_trajectory_controller.cpp:41[m[K:
[1.553s] [01m[K/opt/ros/humble/include/realtime_tools/realtime_tools/realtime_buffer.h:22:100:[m[K [01;36m[Knote: [m[K‘[01m[K#pragma message: This header include is deprecated. Please update your code to use 'realtime_buffer.hpp' header.[m[K’
[1.553s]    22 |   "This header include is deprecated. Please update your code to use 'realtime_buffer.hpp' header."[01;36m[K)[m[K  //NOLINT
[1.553s]       |                                                                                                    [01;36m[K^[m[K
[1.553s] In file included from [01m[K/opt/ros/humble/include/joint_trajectory_controller/joint_trajectory_controller/joint_trajectory_controller.hpp:42[m[K,
[1.553s]                  from [01m[K/home/river2000/ur10_ws/src/Universal_Robots_ROS2_Driver/ur_controllers/include/ur_controllers/scaled_joint_trajectory_controller.hpp:43[m[K,
[1.553s]                  from [01m[K/home/river2000/ur10_ws/src/Universal_Robots_ROS2_Driver/ur_controllers/src/scaled_joint_trajectory_controller.cpp:41[m[K:
[1.554s] [01m[K/opt/ros/humble/include/realtime_tools/realtime_tools/realtime_publisher.h:22:103:[m[K [01;36m[Knote: [m[K‘[01m[K#pragma message: This header include is deprecated. Please update your code to use 'realtime_publisher.hpp' header.[m[K’
[1.554s]    22 |   "This header include is deprecated. Please update your code to use 'realtime_publisher.hpp' header."[01;36m[K)[m[K  //NOLINT
[1.554s]       |                                                                                                       [01;36m[K^[m[K
[1.554s] In file included from [01m[K/opt/ros/humble/include/joint_trajectory_controller/joint_trajectory_controller/joint_trajectory_controller.hpp:43[m[K,
[1.554s]                  from [01m[K/home/river2000/ur10_ws/src/Universal_Robots_ROS2_Driver/ur_controllers/include/ur_controllers/scaled_joint_trajectory_controller.hpp:43[m[K,
[1.554s]                  from [01m[K/home/river2000/ur10_ws/src/Universal_Robots_ROS2_Driver/ur_controllers/src/scaled_joint_trajectory_controller.cpp:41[m[K:
[1.554s] [01m[K/opt/ros/humble/include/realtime_tools/realtime_tools/realtime_server_goal_handle.h:22:112:[m[K [01;36m[Knote: [m[K‘[01m[K#pragma message: This header include is deprecated. Please update your code to use 'realtime_server_goal_handle.hpp' header.[m[K’
[1.554s]    22 |   "This header include is deprecated. Please update your code to use 'realtime_server_goal_handle.hpp' header."[01;36m[K)[m[K  //NOLINT
[1.554s]       |                                                                                                                [01;36m[K^[m[K
[1.554s] [01m[K/home/river2000/ur10_ws/src/Universal_Robots_ROS2_Driver/ur_controllers/src/gpio_controller.cpp:[m[K In member function ‘[01m[Kbool ur_controllers::GPIOController::setAnalogOutput(ur_msgs::srv::SetAnalogOutput_Request_<std::allocator<void> >::SharedPtr, ur_msgs::srv::SetAnalogOutput_Response_<std::allocator<void> >::SharedPtr)[m[K’:
[1.554s] [01m[K/home/river2000/ur10_ws/src/Universal_Robots_ROS2_Driver/ur_controllers/src/gpio_controller.cpp:410:21:[m[K [01;35m[Kwarning: [m[Kcomparison is always false due to limited range of data type [[01;35m[K-Wtype-limits[m[K]
[1.554s]   410 |   if ([01;35m[Kreq->data.pin < 0[m[K || req->data.pin > 1) {
[1.554s]       |       [01;35m[K~~~~~~~~~~~~~~^~~[m[K
[1.555s] In file included from [01m[K/home/river2000/ur10_ws/src/Universal_Robots_ROS2_Driver/ur_controllers/include/ur_controllers/passthrough_trajectory_controller.hpp:46[m[K,
[1.555s]                  from [01m[K/home/river2000/ur10_ws/src/Universal_Robots_ROS2_Driver/ur_controllers/src/passthrough_trajectory_controller.cpp:50[m[K:
[1.555s] [01m[K/opt/ros/humble/include/realtime_tools/realtime_tools/realtime_buffer.h:22:100:[m[K [01;36m[Knote: [m[K‘[01m[K#pragma message: This header include is deprecated. Please update your code to use 'realtime_buffer.hpp' header.[m[K’
[1.556s]    22 |   "This header include is deprecated. Please update your code to use 'realtime_buffer.hpp' header."[01;36m[K)[m[K  //NOLINT
[1.556s]       |                                                                                                    [01;36m[K^[m[K
[1.556s] In file included from [01m[K/home/river2000/ur10_ws/src/Universal_Robots_ROS2_Driver/ur_controllers/include/ur_controllers/passthrough_trajectory_controller.hpp:47[m[K,
[1.556s]                  from [01m[K/home/river2000/ur10_ws/src/Universal_Robots_ROS2_Driver/ur_controllers/src/passthrough_trajectory_controller.cpp:50[m[K:
[1.556s] [01m[K/opt/ros/humble/include/realtime_tools/realtime_tools/realtime_server_goal_handle.h:22:112:[m[K [01;36m[Knote: [m[K‘[01m[K#pragma message: This header include is deprecated. Please update your code to use 'realtime_server_goal_handle.hpp' header.[m[K’
[1.556s]    22 |   "This header include is deprecated. Please update your code to use 'realtime_server_goal_handle.hpp' header."[01;36m[K)[m[K  //NOLINT
[1.556s]       |                                                                                                                [01;36m[K^[m[K
[1.627s] In file included from [01m[K/home/river2000/ur10_ws/src/Universal_Robots_ROS2_Driver/ur_controllers/src/ur_configuration_controller.cpp:42[m[K:
[1.627s] [01m[K/opt/ros/humble/include/realtime_tools/realtime_tools/realtime_box.h:22:97:[m[K [01;36m[Knote: [m[K‘[01m[K#pragma message: This header include is deprecated. Please update your code to use 'realtime_box.hpp' header.[m[K’
[1.627s]    22 |   "This header include is deprecated. Please update your code to use 'realtime_box.hpp' header."[01;36m[K)[m[K  //NOLINT
[1.627s]       |                                                                                                 [01;36m[K^[m[K
[1.649s] [ 83%] [32m[1mLinking CXX shared library libur_controllers.so[0m
[2.059s] [ 83%] Built target ur_controllers
[2.074s] [35m[1mConsolidate compiler generated dependencies of target test_load_force_mode_controller[0m
[2.076s] [35m[1mConsolidate compiler generated dependencies of target test_load_freedrive_mode_controller[0m
[2.101s] [ 87%] [32mBuilding CXX object CMakeFiles/test_load_force_mode_controller.dir/test/test_load_force_mode_controller.cpp.o[0m
[2.111s] [ 91%] [32mBuilding CXX object CMakeFiles/test_load_freedrive_mode_controller.dir/test/test_load_freedrive_mode_controller.cpp.o[0m
[2.142s] [ 95%] [32m[1mLinking CXX executable test_load_force_mode_controller[0m
[2.149s] [100%] [32m[1mLinking CXX executable test_load_freedrive_mode_controller[0m
[2.428s] [100%] Built target test_load_force_mode_controller
[2.458s] [100%] Built target test_load_freedrive_mode_controller
[2.473s] Invoked command in '/home/river2000/ur10_ws/build/ur_controllers' returned '0': AMENT_PREFIX_PATH=/home/river2000/ur10_ws/install/ur_dashboard_msgs:${AMENT_PREFIX_PATH} CMAKE_PREFIX_PATH=/home/river2000/ur10_ws/install/ur_dashboard_msgs:/opt/ros/humble LD_LIBRARY_PATH=/home/river2000/ur10_ws/install/ur_dashboard_msgs/lib:${LD_LIBRARY_PATH} PYTHONPATH=/home/river2000/ur10_ws/install/ur_dashboard_msgs/local/lib/python3.10/dist-packages:${PYTHONPATH} /usr/bin/cmake --build /home/river2000/ur10_ws/build/ur_controllers -- -j16 -l16
[2.476s] Invoking command in '/home/river2000/ur10_ws/build/ur_controllers': AMENT_PREFIX_PATH=/home/river2000/ur10_ws/install/ur_dashboard_msgs:${AMENT_PREFIX_PATH} CMAKE_PREFIX_PATH=/home/river2000/ur10_ws/install/ur_dashboard_msgs:/opt/ros/humble LD_LIBRARY_PATH=/home/river2000/ur10_ws/install/ur_dashboard_msgs/lib:${LD_LIBRARY_PATH} PYTHONPATH=/home/river2000/ur10_ws/install/ur_dashboard_msgs/local/lib/python3.10/dist-packages:${PYTHONPATH} /usr/bin/cmake --install /home/river2000/ur10_ws/build/ur_controllers
[2.490s] -- Install configuration: "Release"
[2.491s] -- Execute custom install script
[2.491s] -- Up-to-date symlink: /home/river2000/ur10_ws/install/ur_controllers/include/force_mode_controller_parameters/force_mode_controller_parameters.hpp
[2.492s] -- Up-to-date symlink: /home/river2000/ur10_ws/install/ur_controllers/include/gpio_controller_parameters/gpio_controller_parameters.hpp
[2.492s] -- Up-to-date symlink: /home/river2000/ur10_ws/install/ur_controllers/include/speed_scaling_state_broadcaster_parameters/speed_scaling_state_broadcaster_parameters.hpp
[2.493s] -- Up-to-date symlink: /home/river2000/ur10_ws/install/ur_controllers/include/scaled_joint_trajectory_controller_parameters/scaled_joint_trajectory_controller_parameters.hpp
[2.493s] -- Up-to-date symlink: /home/river2000/ur10_ws/install/ur_controllers/include/freedrive_mode_controller_parameters/freedrive_mode_controller_parameters.hpp
[2.493s] -- Up-to-date symlink: /home/river2000/ur10_ws/install/ur_controllers/include/passthrough_trajectory_controller_parameters/passthrough_trajectory_controller_parameters.hpp
[2.494s] -- Up-to-date symlink: /home/river2000/ur10_ws/install/ur_controllers/include/ur_configuration_controller_parameters/ur_configuration_controller_parameters.hpp
[2.494s] -- Up-to-date symlink: /home/river2000/ur10_ws/install/ur_controllers/share/ur_controllers//controller_plugins.xml
[2.494s] -- Up-to-date symlink: /home/river2000/ur10_ws/install/ur_controllers/lib/libur_controllers.so
[2.494s] -- Up-to-date symlink: /home/river2000/ur10_ws/install/ur_controllers/include/ur_controllers/force_mode_controller.hpp
[2.495s] -- Up-to-date symlink: /home/river2000/ur10_ws/install/ur_controllers/include/ur_controllers/freedrive_mode_controller.hpp
[2.495s] -- Up-to-date symlink: /home/river2000/ur10_ws/install/ur_controllers/include/ur_controllers/gpio_controller.hpp
[2.495s] -- Up-to-date symlink: /home/river2000/ur10_ws/install/ur_controllers/include/ur_controllers/passthrough_trajectory_controller.hpp
[2.495s] -- Up-to-date symlink: /home/river2000/ur10_ws/install/ur_controllers/include/ur_controllers/scaled_joint_trajectory_controller.hpp
[2.495s] -- Up-to-date symlink: /home/river2000/ur10_ws/install/ur_controllers/include/ur_controllers/speed_scaling_state_broadcaster.hpp
[2.495s] -- Up-to-date symlink: /home/river2000/ur10_ws/install/ur_controllers/include/ur_controllers/ur_configuration_controller.hpp
[2.495s] -- Up-to-date symlink: /home/river2000/ur10_ws/install/ur_controllers/share/ur_controllers/controller_plugins.xml
[2.495s] -- Up-to-date symlink: /home/river2000/ur10_ws/install/ur_controllers/share/ur_controllers/environment/library_path.sh
[2.495s] -- Up-to-date symlink: /home/river2000/ur10_ws/install/ur_controllers/share/ur_controllers/environment/library_path.dsv
[2.495s] -- Up-to-date symlink: /home/river2000/ur10_ws/install/ur_controllers/share/ament_index/resource_index/package_run_dependencies/ur_controllers
[2.496s] -- Up-to-date symlink: /home/river2000/ur10_ws/install/ur_controllers/share/ament_index/resource_index/parent_prefix_path/ur_controllers
[2.496s] -- Up-to-date symlink: /home/river2000/ur10_ws/install/ur_controllers/share/ur_controllers/environment/ament_prefix_path.sh
[2.496s] -- Up-to-date symlink: /home/river2000/ur10_ws/install/ur_controllers/share/ur_controllers/environment/ament_prefix_path.dsv
[2.496s] -- Up-to-date symlink: /home/river2000/ur10_ws/install/ur_controllers/share/ur_controllers/environment/path.sh
[2.496s] -- Up-to-date symlink: /home/river2000/ur10_ws/install/ur_controllers/share/ur_controllers/environment/path.dsv
[2.496s] -- Up-to-date symlink: /home/river2000/ur10_ws/install/ur_controllers/share/ur_controllers/local_setup.bash
[2.496s] -- Up-to-date symlink: /home/river2000/ur10_ws/install/ur_controllers/share/ur_controllers/local_setup.sh
[2.497s] -- Up-to-date symlink: /home/river2000/ur10_ws/install/ur_controllers/share/ur_controllers/local_setup.zsh
[2.497s] -- Up-to-date symlink: /home/river2000/ur10_ws/install/ur_controllers/share/ur_controllers/local_setup.dsv
[2.497s] -- Symlinking: /home/river2000/ur10_ws/install/ur_controllers/share/ur_controllers/package.dsv
[2.515s] -- Up-to-date symlink: /home/river2000/ur10_ws/install/ur_controllers/share/ament_index/resource_index/packages/ur_controllers
[2.516s] -- Up-to-date symlink: /home/river2000/ur10_ws/install/ur_controllers/share/ament_index/resource_index/controller_interface__pluginlib__plugin/ur_controllers
[2.516s] -- Up-to-date symlink: /home/river2000/ur10_ws/install/ur_controllers/share/ur_controllers/cmake/ament_cmake_export_dependencies-extras.cmake
[2.516s] -- Up-to-date symlink: /home/river2000/ur10_ws/install/ur_controllers/share/ur_controllers/cmake/ament_cmake_export_include_directories-extras.cmake
[2.516s] -- Up-to-date symlink: /home/river2000/ur10_ws/install/ur_controllers/share/ur_controllers/cmake/ament_cmake_export_libraries-extras.cmake
[2.516s] -- Up-to-date symlink: /home/river2000/ur10_ws/install/ur_controllers/share/ur_controllers/cmake/ur_controllersConfig.cmake
[2.516s] -- Up-to-date symlink: /home/river2000/ur10_ws/install/ur_controllers/share/ur_controllers/cmake/ur_controllersConfig-version.cmake
[2.516s] -- Up-to-date symlink: /home/river2000/ur10_ws/install/ur_controllers/share/ur_controllers/package.xml
[2.519s] Invoked command in '/home/river2000/ur10_ws/build/ur_controllers' returned '0': AMENT_PREFIX_PATH=/home/river2000/ur10_ws/install/ur_dashboard_msgs:${AMENT_PREFIX_PATH} CMAKE_PREFIX_PATH=/home/river2000/ur10_ws/install/ur_dashboard_msgs:/opt/ros/humble LD_LIBRARY_PATH=/home/river2000/ur10_ws/install/ur_dashboard_msgs/lib:${LD_LIBRARY_PATH} PYTHONPATH=/home/river2000/ur10_ws/install/ur_dashboard_msgs/local/lib/python3.10/dist-packages:${PYTHONPATH} /usr/bin/cmake --install /home/river2000/ur10_ws/build/ur_controllers
