[0.029s] Invoking command in '/home/river2000/ur10_ws/build/ur_calibration': AMENT_PREFIX_PATH=/home/river2000/ur10_ws/install/ur_robot_driver:/home/river2000/ur10_ws/install/ur_controllers:/home/river2000/ur10_ws/install/ur_description:/home/river2000/ur10_ws/install/ur_dashboard_msgs:${AMENT_PREFIX_PATH} CMAKE_PREFIX_PATH=/home/river2000/ur10_ws/install/ur_robot_driver:/home/river2000/ur10_ws/install/ur_controllers:/home/river2000/ur10_ws/install/ur_description:/home/river2000/ur10_ws/install/ur_dashboard_msgs:/opt/ros/humble LD_LIBRARY_PATH=/home/river2000/ur10_ws/install/ur_robot_driver/lib:/home/river2000/ur10_ws/install/ur_controllers/lib:/home/river2000/ur10_ws/install/ur_dashboard_msgs/lib:${LD_LIBRARY_PATH} PATH=/home/river2000/ur10_ws/install/ur_robot_driver/bin:${PATH} PYTHONPATH=/home/river2000/ur10_ws/install/ur_robot_driver/local/lib/python3.10/dist-packages:/home/river2000/ur10_ws/install/ur_dashboard_msgs/local/lib/python3.10/dist-packages:${PYTHONPATH} /usr/bin/cmake /home/river2000/ur10_ws/src/Universal_Robots_ROS2_Driver/ur_calibration -DCMAKE_BUILD_TYPE=Release -DAMENT_CMAKE_SYMLINK_INSTALL=1 -DCMAKE_INSTALL_PREFIX=/home/river2000/ur10_ws/install/ur_calibration
[0.041s] -- Found ament_cmake: 1.3.11 (/opt/ros/humble/share/ament_cmake/cmake)
[0.180s] -- Override CMake install command with custom implementation using symlinks instead of copying resources
[0.193s] -- Found rclcpp: 16.0.11 (/opt/ros/humble/share/rclcpp/cmake)
[0.239s] -- Found rosidl_generator_c: 3.1.6 (/opt/ros/humble/share/rosidl_generator_c/cmake)
[0.241s] -- Found rosidl_adapter: 3.1.6 (/opt/ros/humble/share/rosidl_adapter/cmake)
[0.247s] -- Found rosidl_generator_cpp: 3.1.6 (/opt/ros/humble/share/rosidl_generator_cpp/cmake)
[0.255s] -- Using all available rosidl_typesupport_c: rosidl_typesupport_fastrtps_c;rosidl_typesupport_introspection_c
[0.266s] -- Using all available rosidl_typesupport_cpp: rosidl_typesupport_fastrtps_cpp;rosidl_typesupport_introspection_cpp
[0.294s] -- Found rmw_implementation_cmake: 6.1.2 (/opt/ros/humble/share/rmw_implementation_cmake/cmake)
[0.295s] -- Found rmw_fastrtps_cpp: 6.2.7 (/opt/ros/humble/share/rmw_fastrtps_cpp/cmake)
[0.419s] -- Using RMW implementation 'rmw_fastrtps_cpp' as default
[0.461s] -- Found ur_robot_driver: 2.5.1 (/home/river2000/ur10_ws/install/ur_robot_driver/share/ur_robot_driver/cmake)
[0.635s] -- Found eigen3_cmake_module: 0.1.1 (/opt/ros/humble/share/eigen3_cmake_module/cmake)
[0.636s] -- Ensuring Eigen3 include directory is part of orocos-kdl CMake target
[0.758s] -- Found ament_cmake_gmock: 1.3.11 (/opt/ros/humble/share/ament_cmake_gmock/cmake)
[0.758s] -- Found gmock sources under '/opt/ros/humble/src/gmock_vendor': C++ tests using 'Google Mock' will be built
[0.760s] -- Found ament_cmake_gtest: 1.3.11 (/opt/ros/humble/share/ament_cmake_gtest/cmake)
[0.760s] -- Found gtest sources under '/opt/ros/humble/src/gtest_vendor': C++ tests using 'Google Test' will be built
[0.835s] -- Configuring done
[0.940s] -- Generating done
[0.952s] -- Build files have been written to: /home/river2000/ur10_ws/build/ur_calibration
[0.967s] Invoked command in '/home/river2000/ur10_ws/build/ur_calibration' returned '0': AMENT_PREFIX_PATH=/home/river2000/ur10_ws/install/ur_robot_driver:/home/river2000/ur10_ws/install/ur_controllers:/home/river2000/ur10_ws/install/ur_description:/home/river2000/ur10_ws/install/ur_dashboard_msgs:${AMENT_PREFIX_PATH} CMAKE_PREFIX_PATH=/home/river2000/ur10_ws/install/ur_robot_driver:/home/river2000/ur10_ws/install/ur_controllers:/home/river2000/ur10_ws/install/ur_description:/home/river2000/ur10_ws/install/ur_dashboard_msgs:/opt/ros/humble LD_LIBRARY_PATH=/home/river2000/ur10_ws/install/ur_robot_driver/lib:/home/river2000/ur10_ws/install/ur_controllers/lib:/home/river2000/ur10_ws/install/ur_dashboard_msgs/lib:${LD_LIBRARY_PATH} PATH=/home/river2000/ur10_ws/install/ur_robot_driver/bin:${PATH} PYTHONPATH=/home/river2000/ur10_ws/install/ur_robot_driver/local/lib/python3.10/dist-packages:/home/river2000/ur10_ws/install/ur_dashboard_msgs/local/lib/python3.10/dist-packages:${PYTHONPATH} /usr/bin/cmake /home/river2000/ur10_ws/src/Universal_Robots_ROS2_Driver/ur_calibration -DCMAKE_BUILD_TYPE=Release -DAMENT_CMAKE_SYMLINK_INSTALL=1 -DCMAKE_INSTALL_PREFIX=/home/river2000/ur10_ws/install/ur_calibration
[0.970s] Invoking command in '/home/river2000/ur10_ws/build/ur_calibration': AMENT_PREFIX_PATH=/home/river2000/ur10_ws/install/ur_robot_driver:/home/river2000/ur10_ws/install/ur_controllers:/home/river2000/ur10_ws/install/ur_description:/home/river2000/ur10_ws/install/ur_dashboard_msgs:${AMENT_PREFIX_PATH} CMAKE_PREFIX_PATH=/home/river2000/ur10_ws/install/ur_robot_driver:/home/river2000/ur10_ws/install/ur_controllers:/home/river2000/ur10_ws/install/ur_description:/home/river2000/ur10_ws/install/ur_dashboard_msgs:/opt/ros/humble LD_LIBRARY_PATH=/home/river2000/ur10_ws/install/ur_robot_driver/lib:/home/river2000/ur10_ws/install/ur_controllers/lib:/home/river2000/ur10_ws/install/ur_dashboard_msgs/lib:${LD_LIBRARY_PATH} PATH=/home/river2000/ur10_ws/install/ur_robot_driver/bin:${PATH} PYTHONPATH=/home/river2000/ur10_ws/install/ur_robot_driver/local/lib/python3.10/dist-packages:/home/river2000/ur10_ws/install/ur_dashboard_msgs/local/lib/python3.10/dist-packages:${PYTHONPATH} /usr/bin/cmake --build /home/river2000/ur10_ws/build/ur_calibration -- -j16 -l16
[1.026s] [35m[1mConsolidate compiler generated dependencies of target calibration[0m
[1.026s] [35m[1mConsolidate compiler generated dependencies of target gmock_main[0m
[1.027s] [35m[1mConsolidate compiler generated dependencies of target gmock[0m
[1.042s] [  8%] [32mBuilding CXX object gmock/CMakeFiles/gmock_main.dir/src/gmock_main.cc.o[0m
[1.048s] [ 25%] [32mBuilding CXX object gmock/CMakeFiles/gmock.dir/src/gmock-all.cc.o[0m
[1.048s] [ 25%] [32mBuilding CXX object CMakeFiles/calibration.dir/src/calibration.cpp.o[0m
[1.057s] [ 33%] [32mBuilding CXX object gmock/CMakeFiles/gmock.dir/opt/ros/humble/src/gtest_vendor/src/gtest-all.cc.o[0m
[1.060s] [ 41%] [32mBuilding CXX object CMakeFiles/calibration.dir/src/calibration_consumer.cpp.o[0m
[1.063s] [ 50%] [32m[1mLinking CXX static library libgmock_main.a[0m
[1.083s] [ 58%] [32m[1mLinking CXX static library libgmock.a[0m
[1.089s] [ 66%] [32m[1mLinking CXX static library libcalibration.a[0m
[1.100s] [ 66%] Built target gmock_main
[1.127s] [ 66%] Built target calibration
[1.129s] [ 66%] Built target gmock
[1.141s] [35m[1mConsolidate compiler generated dependencies of target calibration_correction[0m
[1.144s] [35m[1mConsolidate compiler generated dependencies of target calibration_test[0m
[1.170s] [ 75%] [32mBuilding CXX object CMakeFiles/calibration_correction.dir/src/calibration_correction.cpp.o[0m
[1.173s] [ 83%] [32mBuilding CXX object CMakeFiles/calibration_test.dir/test/calibration_test.cpp.o[0m
[1.202s] [100%] [32m[1mLinking CXX executable calibration_test[0m
[1.202s] [100%] [32m[1mLinking CXX executable calibration_correction[0m
[1.469s] [100%] Built target calibration_test
[1.489s] [100%] Built target calibration_correction
[1.505s] Invoked command in '/home/river2000/ur10_ws/build/ur_calibration' returned '0': AMENT_PREFIX_PATH=/home/river2000/ur10_ws/install/ur_robot_driver:/home/river2000/ur10_ws/install/ur_controllers:/home/river2000/ur10_ws/install/ur_description:/home/river2000/ur10_ws/install/ur_dashboard_msgs:${AMENT_PREFIX_PATH} CMAKE_PREFIX_PATH=/home/river2000/ur10_ws/install/ur_robot_driver:/home/river2000/ur10_ws/install/ur_controllers:/home/river2000/ur10_ws/install/ur_description:/home/river2000/ur10_ws/install/ur_dashboard_msgs:/opt/ros/humble LD_LIBRARY_PATH=/home/river2000/ur10_ws/install/ur_robot_driver/lib:/home/river2000/ur10_ws/install/ur_controllers/lib:/home/river2000/ur10_ws/install/ur_dashboard_msgs/lib:${LD_LIBRARY_PATH} PATH=/home/river2000/ur10_ws/install/ur_robot_driver/bin:${PATH} PYTHONPATH=/home/river2000/ur10_ws/install/ur_robot_driver/local/lib/python3.10/dist-packages:/home/river2000/ur10_ws/install/ur_dashboard_msgs/local/lib/python3.10/dist-packages:${PYTHONPATH} /usr/bin/cmake --build /home/river2000/ur10_ws/build/ur_calibration -- -j16 -l16
[1.507s] Invoking command in '/home/river2000/ur10_ws/build/ur_calibration': AMENT_PREFIX_PATH=/home/river2000/ur10_ws/install/ur_robot_driver:/home/river2000/ur10_ws/install/ur_controllers:/home/river2000/ur10_ws/install/ur_description:/home/river2000/ur10_ws/install/ur_dashboard_msgs:${AMENT_PREFIX_PATH} CMAKE_PREFIX_PATH=/home/river2000/ur10_ws/install/ur_robot_driver:/home/river2000/ur10_ws/install/ur_controllers:/home/river2000/ur10_ws/install/ur_description:/home/river2000/ur10_ws/install/ur_dashboard_msgs:/opt/ros/humble LD_LIBRARY_PATH=/home/river2000/ur10_ws/install/ur_robot_driver/lib:/home/river2000/ur10_ws/install/ur_controllers/lib:/home/river2000/ur10_ws/install/ur_dashboard_msgs/lib:${LD_LIBRARY_PATH} PATH=/home/river2000/ur10_ws/install/ur_robot_driver/bin:${PATH} PYTHONPATH=/home/river2000/ur10_ws/install/ur_robot_driver/local/lib/python3.10/dist-packages:/home/river2000/ur10_ws/install/ur_dashboard_msgs/local/lib/python3.10/dist-packages:${PYTHONPATH} /usr/bin/cmake --install /home/river2000/ur10_ws/build/ur_calibration
[1.522s] -- Install configuration: "Release"
[1.523s] -- Execute custom install script
[1.523s] -- Up-to-date symlink: /home/river2000/ur10_ws/install/ur_calibration/lib/ur_calibration/calibration_correction
[1.524s] -- Up-to-date symlink: /home/river2000/ur10_ws/install/ur_calibration/include/ur_calibration/calibration.hpp
[1.524s] -- Up-to-date symlink: /home/river2000/ur10_ws/install/ur_calibration/include/ur_calibration/calibration_consumer.hpp
[1.524s] -- Up-to-date symlink: /home/river2000/ur10_ws/install/ur_calibration/share/ur_calibration/launch/calibration_correction.launch.py
[1.524s] -- Up-to-date symlink: /home/river2000/ur10_ws/install/ur_calibration/share/ament_index/resource_index/package_run_dependencies/ur_calibration
[1.524s] -- Up-to-date symlink: /home/river2000/ur10_ws/install/ur_calibration/share/ament_index/resource_index/parent_prefix_path/ur_calibration
[1.524s] -- Up-to-date symlink: /home/river2000/ur10_ws/install/ur_calibration/share/ur_calibration/environment/ament_prefix_path.sh
[1.525s] -- Up-to-date symlink: /home/river2000/ur10_ws/install/ur_calibration/share/ur_calibration/environment/ament_prefix_path.dsv
[1.525s] -- Up-to-date symlink: /home/river2000/ur10_ws/install/ur_calibration/share/ur_calibration/environment/path.sh
[1.525s] -- Up-to-date symlink: /home/river2000/ur10_ws/install/ur_calibration/share/ur_calibration/environment/path.dsv
[1.525s] -- Up-to-date symlink: /home/river2000/ur10_ws/install/ur_calibration/share/ur_calibration/local_setup.bash
[1.525s] -- Up-to-date symlink: /home/river2000/ur10_ws/install/ur_calibration/share/ur_calibration/local_setup.sh
[1.525s] -- Up-to-date symlink: /home/river2000/ur10_ws/install/ur_calibration/share/ur_calibration/local_setup.zsh
[1.525s] -- Up-to-date symlink: /home/river2000/ur10_ws/install/ur_calibration/share/ur_calibration/local_setup.dsv
[1.525s] -- Symlinking: /home/river2000/ur10_ws/install/ur_calibration/share/ur_calibration/package.dsv
[1.544s] -- Up-to-date symlink: /home/river2000/ur10_ws/install/ur_calibration/share/ament_index/resource_index/packages/ur_calibration
[1.544s] -- Up-to-date symlink: /home/river2000/ur10_ws/install/ur_calibration/share/ur_calibration/cmake/ament_cmake_export_include_directories-extras.cmake
[1.544s] -- Up-to-date symlink: /home/river2000/ur10_ws/install/ur_calibration/share/ur_calibration/cmake/ament_cmake_export_dependencies-extras.cmake
[1.544s] -- Up-to-date symlink: /home/river2000/ur10_ws/install/ur_calibration/share/ur_calibration/cmake/ur_calibrationConfig.cmake
[1.545s] -- Up-to-date symlink: /home/river2000/ur10_ws/install/ur_calibration/share/ur_calibration/cmake/ur_calibrationConfig-version.cmake
[1.545s] -- Up-to-date symlink: /home/river2000/ur10_ws/install/ur_calibration/share/ur_calibration/package.xml
[1.547s] Invoked command in '/home/river2000/ur10_ws/build/ur_calibration' returned '0': AMENT_PREFIX_PATH=/home/river2000/ur10_ws/install/ur_robot_driver:/home/river2000/ur10_ws/install/ur_controllers:/home/river2000/ur10_ws/install/ur_description:/home/river2000/ur10_ws/install/ur_dashboard_msgs:${AMENT_PREFIX_PATH} CMAKE_PREFIX_PATH=/home/river2000/ur10_ws/install/ur_robot_driver:/home/river2000/ur10_ws/install/ur_controllers:/home/river2000/ur10_ws/install/ur_description:/home/river2000/ur10_ws/install/ur_dashboard_msgs:/opt/ros/humble LD_LIBRARY_PATH=/home/river2000/ur10_ws/install/ur_robot_driver/lib:/home/river2000/ur10_ws/install/ur_controllers/lib:/home/river2000/ur10_ws/install/ur_dashboard_msgs/lib:${LD_LIBRARY_PATH} PATH=/home/river2000/ur10_ws/install/ur_robot_driver/bin:${PATH} PYTHONPATH=/home/river2000/ur10_ws/install/ur_robot_driver/local/lib/python3.10/dist-packages:/home/river2000/ur10_ws/install/ur_dashboard_msgs/local/lib/python3.10/dist-packages:${PYTHONPATH} /usr/bin/cmake --install /home/river2000/ur10_ws/build/ur_calibration
