[0.034s] Invoking command in '/home/river2000/ur10_ws/build/ros2_ur_moveit_examples': CMAKE_PREFIX_PATH=${CMAKE_PREFIX_PATH}:/opt/ros/humble /usr/bin/cmake /home/river2000/ur10_ws/src/ROS2_ur_moveit_examples -DCMAKE_BUILD_TYPE=Release -DAMENT_CMAKE_SYMLINK_INSTALL=1 -DCMAKE_INSTALL_PREFIX=/home/river2000/ur10_ws/install/ros2_ur_moveit_examples
[0.145s] -- The C compiler identification is GNU 12.3.0
[0.256s] -- The CXX compiler identification is GNU 11.4.0
[0.280s] -- Detecting C compiler ABI info
[0.410s] -- Detecting C compiler ABI info - done
[0.422s] -- Check for working C compiler: /usr/lib/ccache/cc - skipped
[0.422s] -- Detecting C compile features
[0.422s] -- Detecting C compile features - done
[0.427s] -- Detecting CXX compiler ABI info
[0.561s] -- Detecting CXX compiler ABI info - done
[0.582s] -- Check for working CXX compiler: /usr/lib/ccache/g++ - skipped
[0.583s] -- Detecting CXX compile features
[0.584s] -- Detecting CXX compile features - done
[0.902s] -- Found Boost: /usr/lib/x86_64-linux-gnu/cmake/Boost-1.74.0/BoostConfig.cmake (found version "1.74.0") found components: system filesystem date_time thread 
[0.907s] -- Found ament_cmake: 1.3.11 (/opt/ros/humble/share/ament_cmake/cmake)
[1.600s] -- Found Python3: /usr/bin/python3 (found version "3.10.12") found components: Interpreter 
[1.715s] -- Override CMake install command with custom implementation using symlinks instead of copying resources
[1.790s] -- Found control_msgs: 4.7.0 (/opt/ros/humble/share/control_msgs/cmake)
[1.851s] -- Found rosidl_generator_c: 3.1.6 (/opt/ros/humble/share/rosidl_generator_c/cmake)
[1.859s] -- Found rosidl_adapter: 3.1.6 (/opt/ros/humble/share/rosidl_adapter/cmake)
[1.873s] -- Found rosidl_generator_cpp: 3.1.6 (/opt/ros/humble/share/rosidl_generator_cpp/cmake)
[1.893s] -- Using all available rosidl_typesupport_c: rosidl_typesupport_fastrtps_c;rosidl_typesupport_introspection_c
[1.918s] -- Using all available rosidl_typesupport_cpp: rosidl_typesupport_fastrtps_cpp;rosidl_typesupport_introspection_cpp
[2.105s] -- Found moveit_common: 2.5.6 (/opt/ros/humble/share/moveit_common/cmake)
[2.108s] -- Found moveit_core: 2.5.6 (/opt/ros/humble/share/moveit_core/cmake)
[2.137s] -- Found Boost: /usr/lib/x86_64-linux-gnu/cmake/Boost-1.74.0/BoostConfig.cmake (found version "1.74.0") found components: chrono date_time filesystem iostreams program_options regex serialization system thread 
[2.209s] -- Found parameter_traits: 0.3.9 (/opt/ros/humble/share/parameter_traits/cmake)
[2.271s] -- Found rmw_implementation_cmake: 6.1.2 (/opt/ros/humble/share/rmw_implementation_cmake/cmake)
[2.276s] -- Found rmw_fastrtps_cpp: 6.2.7 (/opt/ros/humble/share/rmw_fastrtps_cpp/cmake)
[2.477s] -- Found OpenSSL: /usr/lib/x86_64-linux-gnu/libcrypto.so (found version "3.0.2")  
[2.526s] -- Found FastRTPS: /opt/ros/humble/include  
[2.608s] -- Using RMW implementation 'rmw_fastrtps_cpp' as default
[2.624s] -- Found Threads: TRUE  
[2.691s] -- Found Eigen3: TRUE (found version "3.4.0") 
[2.695s] -- Found rclcpp_lifecycle: 16.0.11 (/opt/ros/humble/share/rclcpp_lifecycle/cmake)
[2.732s] -- Found Boost: /usr/lib/x86_64-linux-gnu/cmake/Boost-1.74.0/BoostConfig.cmake (found version "1.74.0") found components: filesystem 
[2.922s] -- library: /usr/lib/x86_64-linux-gnu/libcurl.so
[2.994s] -- Ensuring Eigen3 include directory is part of orocos-kdl CMake target
[3.298s] -- Found moveit_ros_planning: 2.5.6 (/opt/ros/humble/share/moveit_ros_planning/cmake)
[3.306s] -- Found Boost: /usr/lib/x86_64-linux-gnu/cmake/Boost-1.74.0/BoostConfig.cmake (found version "1.74.0") found components: system filesystem date_time program_options thread chrono 
[3.342s] -- Found moveit_ros_planning_interface: 2.5.6 (/opt/ros/humble/share/moveit_ros_planning_interface/cmake)
[3.349s] -- Found Boost: /usr/lib/x86_64-linux-gnu/cmake/Boost-1.74.0/BoostConfig.cmake (found version "1.74.0") found components: date_time filesystem program_options system thread 
[3.371s] -- Found Boost: /usr/lib/x86_64-linux-gnu/cmake/Boost-1.74.0/BoostConfig.cmake (found version "1.74.0") found components: thread system filesystem regex date_time program_options 
[3.404s] -- Found Boost: /usr/lib/x86_64-linux-gnu/cmake/Boost-1.74.0/BoostConfig.cmake (found version "1.74.0") found components: system filesystem date_time program_options thread 
[3.447s] -- Found moveit_servo: 2.5.6 (/opt/ros/humble/share/moveit_servo/cmake)
[3.499s] -- Found interactive_markers: 2.3.2 (/opt/ros/humble/share/interactive_markers/cmake)
[3.506s] -- Found rviz_visual_tools: 4.1.4 (/opt/ros/humble/share/rviz_visual_tools/cmake)
[3.546s] -- Setting assimp_DIR to: '/opt/ros/humble/share/rviz_assimp_vendor/cmake/../../../opt/rviz_assimp_vendor/lib/cmake/assimp-4.1'
[3.561s] -- Setting OGRE_DIR to: '/opt/ros/humble/share/rviz_ogre_vendor/cmake/../../../opt/rviz_ogre_vendor/lib/OGRE/cmake'
[3.562s] -- Found OGRE
[3.563s] --   static     : OFF
[3.563s] --   components : HLMS;MeshLodGenerator;Overlay;Paging;Property;RTShaderSystem;Terrain;Volume
[3.563s] --   plugins    : Plugin_BSPSceneManager;Plugin_OctreeSceneManager;Plugin_PCZSceneManager;Plugin_ParticleFX;RenderSystem_GL;RenderSystem_GL3Plus;Codec_STBI
[3.563s] --   media      : /opt/ros/humble/opt/rviz_ogre_vendor/share/OGRE/Media
[3.564s] -- OGRE_LIBRARIES: OgreHLMS;OgreMeshLodGenerator;OgreOverlay;OgrePaging;OgreProperty;OgreRTShaderSystem;OgreTerrain;OgreVolume;OgreMain
[3.564s] -- OGRE_LIBRARY_DIRS: /opt/ros/humble/opt/rviz_ogre_vendor/lib
[3.564s] -- OGRE_PLUGINS: Plugin_BSPSceneManager;Plugin_OctreeSceneManager;Plugin_PCZSceneManager;Plugin_ParticleFX;RenderSystem_GL;RenderSystem_GL3Plus;Codec_STBI
[3.564s] -- OGRE_PLUGIN_DIR: /opt/ros/humble/opt/rviz_ogre_vendor/lib/OGRE
[3.565s] -- rviz_ogre_vendor::OgreOverlay for IMPORTED_LOCATION_RELEASE: /opt/ros/humble/opt/rviz_ogre_vendor/lib/libOgreOverlay.so
[3.565s] -- rviz_ogre_vendor::OgreOverlay for IMPORTED_LOCATION_DEBUG: /opt/ros/humble/opt/rviz_ogre_vendor/lib/libOgreOverlay.so
[3.565s] -- rviz_ogre_vendor::OgreMain for IMPORTED_LOCATION_RELEASE: /opt/ros/humble/opt/rviz_ogre_vendor/lib/libOgreMain.so
[3.565s] -- rviz_ogre_vendor::OgreMain for IMPORTED_LOCATION_DEBUG: /opt/ros/humble/opt/rviz_ogre_vendor/lib/libOgreMain.so
[3.596s] -- Found ZLIB: /usr/lib/x86_64-linux-gnu/libz.so (found version "1.2.11") 
[3.605s] -- Found OpenGL: /usr/lib/x86_64-linux-gnu/libOpenGL.so   
[3.826s] -- Found X11: /usr/include   
[3.827s] -- Looking for XOpenDisplay in /usr/lib/x86_64-linux-gnu/libX11.so;/usr/lib/x86_64-linux-gnu/libXext.so
[3.942s] -- Looking for XOpenDisplay in /usr/lib/x86_64-linux-gnu/libX11.so;/usr/lib/x86_64-linux-gnu/libXext.so - found
[3.942s] -- Looking for gethostbyname
[4.043s] -- Looking for gethostbyname - found
[4.043s] -- Looking for connect
[4.142s] -- Looking for connect - found
[4.143s] -- Looking for remove
[4.240s] -- Looking for remove - found
[4.240s] -- Looking for shmat
[4.335s] -- Looking for shmat - found
[4.335s] -- Looking for IceConnectionNumber in ICE
[4.433s] -- Looking for IceConnectionNumber in ICE - found
[4.561s] -- Found moveit_visual_tools: 4.1.1 (/opt/ros/humble/share/moveit_visual_tools/cmake)
[4.619s] -- Found ament_lint_auto: 0.12.11 (/opt/ros/humble/share/ament_lint_auto/cmake)
[4.760s] -- Added test 'cppcheck' to perform static code analysis on C / C++ code
[4.761s] -- Configured cppcheck include dirs: /home/river2000/ur10_ws/src/ROS2_ur_moveit_examples/include
[4.761s] -- Configured cppcheck exclude dirs and/or files: 
[4.763s] -- Added test 'flake8' to check Python code syntax and style conventions
[4.765s] -- Added test 'lint_cmake' to check CMake code style
[4.766s] -- Added test 'pep257' to check Python code against some of the docstring style conventions in PEP 257
[4.773s] -- Added test 'uncrustify' to check C / C++ code style
[4.773s] -- Configured uncrustify additional arguments: 
[4.775s] -- Added test 'xmllint' to check XML markup files
[4.777s] -- Configuring done
[4.834s] -- Generating done
[4.848s] -- Build files have been written to: /home/river2000/ur10_ws/build/ros2_ur_moveit_examples
[4.873s] Invoked command in '/home/river2000/ur10_ws/build/ros2_ur_moveit_examples' returned '0': CMAKE_PREFIX_PATH=${CMAKE_PREFIX_PATH}:/opt/ros/humble /usr/bin/cmake /home/river2000/ur10_ws/src/ROS2_ur_moveit_examples -DCMAKE_BUILD_TYPE=Release -DAMENT_CMAKE_SYMLINK_INSTALL=1 -DCMAKE_INSTALL_PREFIX=/home/river2000/ur10_ws/install/ros2_ur_moveit_examples
[4.877s] Invoking command in '/home/river2000/ur10_ws/build/ros2_ur_moveit_examples': CMAKE_PREFIX_PATH=${CMAKE_PREFIX_PATH}:/opt/ros/humble /usr/bin/cmake --build /home/river2000/ur10_ws/build/ros2_ur_moveit_examples -- -j16 -l16
[4.967s] [ 50%] [32mBuilding CXX object CMakeFiles/hello_moveit.dir/src/hello_moveit.cpp.o[0m
[5.016s] [100%] [32m[1mLinking CXX executable hello_moveit[0m
[5.549s] [100%] Built target hello_moveit
[5.577s] Invoked command in '/home/river2000/ur10_ws/build/ros2_ur_moveit_examples' returned '0': CMAKE_PREFIX_PATH=${CMAKE_PREFIX_PATH}:/opt/ros/humble /usr/bin/cmake --build /home/river2000/ur10_ws/build/ros2_ur_moveit_examples -- -j16 -l16
[5.582s] Invoking command in '/home/river2000/ur10_ws/build/ros2_ur_moveit_examples': CMAKE_PREFIX_PATH=${CMAKE_PREFIX_PATH}:/opt/ros/humble /usr/bin/cmake --install /home/river2000/ur10_ws/build/ros2_ur_moveit_examples
[5.593s] -- Install configuration: "Release"
[5.593s] -- Execute custom install script
[5.594s] -- Symlinking: /home/river2000/ur10_ws/install/ros2_ur_moveit_examples/share/ros2_ur_moveit_examples/launch/hello_moveit.launch.py
[5.616s] -- Symlinking: /home/river2000/ur10_ws/install/ros2_ur_moveit_examples/lib/ros2_ur_moveit_examples/hello_moveit
[5.634s] -- Symlinking: /home/river2000/ur10_ws/install/ros2_ur_moveit_examples/share/ament_index/resource_index/package_run_dependencies/ros2_ur_moveit_examples
[5.662s] -- Symlinking: /home/river2000/ur10_ws/install/ros2_ur_moveit_examples/share/ament_index/resource_index/parent_prefix_path/ros2_ur_moveit_examples
[5.693s] -- Symlinking: /home/river2000/ur10_ws/install/ros2_ur_moveit_examples/share/ros2_ur_moveit_examples/environment/ament_prefix_path.sh
[5.715s] -- Symlinking: /home/river2000/ur10_ws/install/ros2_ur_moveit_examples/share/ros2_ur_moveit_examples/environment/ament_prefix_path.dsv
[5.740s] -- Symlinking: /home/river2000/ur10_ws/install/ros2_ur_moveit_examples/share/ros2_ur_moveit_examples/environment/path.sh
[5.762s] -- Symlinking: /home/river2000/ur10_ws/install/ros2_ur_moveit_examples/share/ros2_ur_moveit_examples/environment/path.dsv
[5.783s] -- Symlinking: /home/river2000/ur10_ws/install/ros2_ur_moveit_examples/share/ros2_ur_moveit_examples/local_setup.bash
[5.802s] -- Symlinking: /home/river2000/ur10_ws/install/ros2_ur_moveit_examples/share/ros2_ur_moveit_examples/local_setup.sh
[5.816s] -- Symlinking: /home/river2000/ur10_ws/install/ros2_ur_moveit_examples/share/ros2_ur_moveit_examples/local_setup.zsh
[5.836s] -- Symlinking: /home/river2000/ur10_ws/install/ros2_ur_moveit_examples/share/ros2_ur_moveit_examples/local_setup.dsv
[5.864s] -- Symlinking: /home/river2000/ur10_ws/install/ros2_ur_moveit_examples/share/ros2_ur_moveit_examples/package.dsv
[5.885s] -- Symlinking: /home/river2000/ur10_ws/install/ros2_ur_moveit_examples/share/ament_index/resource_index/packages/ros2_ur_moveit_examples
[5.910s] -- Symlinking: /home/river2000/ur10_ws/install/ros2_ur_moveit_examples/share/ros2_ur_moveit_examples/cmake/ros2_ur_moveit_examplesConfig.cmake
[5.930s] -- Symlinking: /home/river2000/ur10_ws/install/ros2_ur_moveit_examples/share/ros2_ur_moveit_examples/cmake/ros2_ur_moveit_examplesConfig-version.cmake
[5.946s] -- Symlinking: /home/river2000/ur10_ws/install/ros2_ur_moveit_examples/share/ros2_ur_moveit_examples/package.xml
[5.965s] Invoked command in '/home/river2000/ur10_ws/build/ros2_ur_moveit_examples' returned '0': CMAKE_PREFIX_PATH=${CMAKE_PREFIX_PATH}:/opt/ros/humble /usr/bin/cmake --install /home/river2000/ur10_ws/build/ros2_ur_moveit_examples
