[0.009s] Invoking command in '/home/river2000/ur10_ws/build/ur_moveit_config': AMENT_PREFIX_PATH=/home/river2000/ur10_ws/install/ur_description:${AMENT_PREFIX_PATH} CMAKE_PREFIX_PATH=/home/river2000/ur10_ws/install/ur_description:/opt/ros/humble /usr/bin/cmake /home/river2000/ur10_ws/src/Universal_Robots_ROS2_Driver/ur_moveit_config -DCMAKE_BUILD_TYPE=Release -DAMENT_CMAKE_SYMLINK_INSTALL=1 -DCMAKE_INSTALL_PREFIX=/home/river2000/ur10_ws/install/ur_moveit_config
[0.021s] -- Found ament_cmake: 1.3.11 (/opt/ros/humble/share/ament_cmake/cmake)
[0.157s] -- Override CMake install command with custom implementation using symlinks instead of copying resources
[0.304s] -- Configuring done
[0.309s] -- Generating done
[0.311s] -- Build files have been written to: /home/river2000/ur10_ws/build/ur_moveit_config
[0.314s] Invoked command in '/home/river2000/ur10_ws/build/ur_moveit_config' returned '0': AMENT_PREFIX_PATH=/home/river2000/ur10_ws/install/ur_description:${AMENT_PREFIX_PATH} CMAKE_PREFIX_PATH=/home/river2000/ur10_ws/install/ur_description:/opt/ros/humble /usr/bin/cmake /home/river2000/ur10_ws/src/Universal_Robots_ROS2_Driver/ur_moveit_config -DCMAKE_BUILD_TYPE=Release -DAMENT_CMAKE_SYMLINK_INSTALL=1 -DCMAKE_INSTALL_PREFIX=/home/river2000/ur10_ws/install/ur_moveit_config
[0.316s] Invoking command in '/home/river2000/ur10_ws/build/ur_moveit_config': AMENT_PREFIX_PATH=/home/river2000/ur10_ws/install/ur_description:${AMENT_PREFIX_PATH} CMAKE_PREFIX_PATH=/home/river2000/ur10_ws/install/ur_description:/opt/ros/humble /usr/bin/cmake --build /home/river2000/ur10_ws/build/ur_moveit_config -- -j16 -l16
[0.399s] Built target ament_cmake_python_symlink_ur_moveit_config
[0.732s] running egg_info
[0.753s] writing ur_moveit_config.egg-info/PKG-INFO
[0.754s] writing dependency_links to ur_moveit_config.egg-info/dependency_links.txt
[0.754s] writing top-level names to ur_moveit_config.egg-info/top_level.txt
[0.811s] reading manifest file 'ur_moveit_config.egg-info/SOURCES.txt'
[0.812s] writing manifest file 'ur_moveit_config.egg-info/SOURCES.txt'
[0.849s] Built target ament_cmake_python_build_ur_moveit_config_egg
[0.866s] Invoked command in '/home/river2000/ur10_ws/build/ur_moveit_config' returned '0': AMENT_PREFIX_PATH=/home/river2000/ur10_ws/install/ur_description:${AMENT_PREFIX_PATH} CMAKE_PREFIX_PATH=/home/river2000/ur10_ws/install/ur_description:/opt/ros/humble /usr/bin/cmake --build /home/river2000/ur10_ws/build/ur_moveit_config -- -j16 -l16
[0.869s] Invoking command in '/home/river2000/ur10_ws/build/ur_moveit_config': AMENT_PREFIX_PATH=/home/river2000/ur10_ws/install/ur_description:${AMENT_PREFIX_PATH} CMAKE_PREFIX_PATH=/home/river2000/ur10_ws/install/ur_description:/opt/ros/humble /usr/bin/cmake --install /home/river2000/ur10_ws/build/ur_moveit_config
[0.882s] -- Install configuration: "Release"
[0.883s] -- Execute custom install script
[0.884s] -- Up-to-date symlink: /home/river2000/ur10_ws/install/ur_moveit_config/share/ur_moveit_config/config/controllers.yaml
[0.884s] -- Up-to-date symlink: /home/river2000/ur10_ws/install/ur_moveit_config/share/ur_moveit_config/config/joint_limits.yaml
[0.884s] -- Up-to-date symlink: /home/river2000/ur10_ws/install/ur_moveit_config/share/ur_moveit_config/config/kinematics.yaml
[0.884s] -- Up-to-date symlink: /home/river2000/ur10_ws/install/ur_moveit_config/share/ur_moveit_config/config/ompl_planning.yaml
[0.885s] -- Up-to-date symlink: /home/river2000/ur10_ws/install/ur_moveit_config/share/ur_moveit_config/config/ur_servo.yaml
[0.885s] -- Up-to-date symlink: /home/river2000/ur10_ws/install/ur_moveit_config/share/ur_moveit_config/launch/ur_moveit.launch.py
[0.886s] -- Up-to-date symlink: /home/river2000/ur10_ws/install/ur_moveit_config/share/ur_moveit_config/rviz/view_robot.rviz
[0.886s] -- Up-to-date symlink: /home/river2000/ur10_ws/install/ur_moveit_config/share/ur_moveit_config/srdf/ur.srdf.xacro
[0.886s] -- Up-to-date symlink: /home/river2000/ur10_ws/install/ur_moveit_config/share/ur_moveit_config/srdf/ur_macro.srdf.xacro
[0.886s] -- Up-to-date symlink: /home/river2000/ur10_ws/install/ur_moveit_config/share/ur_moveit_config/environment/pythonpath.sh
[0.886s] -- Up-to-date symlink: /home/river2000/ur10_ws/install/ur_moveit_config/share/ur_moveit_config/environment/pythonpath.dsv
[0.887s] -- Up-to-date symlink: /home/river2000/ur10_ws/install/ur_moveit_config/local/lib/python3.10/dist-packages/ur_moveit_config-2.5.1-py3.10.egg-info/PKG-INFO
[0.887s] -- Up-to-date symlink: /home/river2000/ur10_ws/install/ur_moveit_config/local/lib/python3.10/dist-packages/ur_moveit_config-2.5.1-py3.10.egg-info/SOURCES.txt
[0.887s] -- Up-to-date symlink: /home/river2000/ur10_ws/install/ur_moveit_config/local/lib/python3.10/dist-packages/ur_moveit_config-2.5.1-py3.10.egg-info/dependency_links.txt
[0.887s] -- Up-to-date symlink: /home/river2000/ur10_ws/install/ur_moveit_config/local/lib/python3.10/dist-packages/ur_moveit_config-2.5.1-py3.10.egg-info/top_level.txt
[0.887s] -- Up-to-date symlink: /home/river2000/ur10_ws/install/ur_moveit_config/local/lib/python3.10/dist-packages/ur_moveit_config/__init__.py
[0.887s] -- Up-to-date symlink: /home/river2000/ur10_ws/install/ur_moveit_config/local/lib/python3.10/dist-packages/ur_moveit_config/launch_common.py
[0.888s] -- Up-to-date symlink: /home/river2000/ur10_ws/install/ur_moveit_config/local/lib/python3.10/dist-packages/launch_common.py
[0.888s] -- Up-to-date symlink: /home/river2000/ur10_ws/install/ur_moveit_config/share/ament_index/resource_index/package_run_dependencies/ur_moveit_config
[0.888s] -- Up-to-date symlink: /home/river2000/ur10_ws/install/ur_moveit_config/share/ament_index/resource_index/parent_prefix_path/ur_moveit_config
[0.888s] -- Up-to-date symlink: /home/river2000/ur10_ws/install/ur_moveit_config/share/ur_moveit_config/environment/ament_prefix_path.sh
[0.888s] -- Up-to-date symlink: /home/river2000/ur10_ws/install/ur_moveit_config/share/ur_moveit_config/environment/ament_prefix_path.dsv
[0.889s] -- Up-to-date symlink: /home/river2000/ur10_ws/install/ur_moveit_config/share/ur_moveit_config/environment/path.sh
[0.889s] -- Up-to-date symlink: /home/river2000/ur10_ws/install/ur_moveit_config/share/ur_moveit_config/environment/path.dsv
[0.889s] -- Up-to-date symlink: /home/river2000/ur10_ws/install/ur_moveit_config/share/ur_moveit_config/local_setup.bash
[0.889s] -- Up-to-date symlink: /home/river2000/ur10_ws/install/ur_moveit_config/share/ur_moveit_config/local_setup.sh
[0.889s] -- Up-to-date symlink: /home/river2000/ur10_ws/install/ur_moveit_config/share/ur_moveit_config/local_setup.zsh
[0.889s] -- Up-to-date symlink: /home/river2000/ur10_ws/install/ur_moveit_config/share/ur_moveit_config/local_setup.dsv
[0.890s] -- Symlinking: /home/river2000/ur10_ws/install/ur_moveit_config/share/ur_moveit_config/package.dsv
[0.898s] -- Up-to-date symlink: /home/river2000/ur10_ws/install/ur_moveit_config/share/ament_index/resource_index/packages/ur_moveit_config
[0.898s] -- Up-to-date symlink: /home/river2000/ur10_ws/install/ur_moveit_config/share/ur_moveit_config/cmake/ur_moveit_configConfig.cmake
[0.898s] -- Up-to-date symlink: /home/river2000/ur10_ws/install/ur_moveit_config/share/ur_moveit_config/cmake/ur_moveit_configConfig-version.cmake
[0.898s] -- Up-to-date symlink: /home/river2000/ur10_ws/install/ur_moveit_config/share/ur_moveit_config/package.xml
[0.939s] Listing '/home/river2000/ur10_ws/install/ur_moveit_config/local/lib/python3.10/dist-packages/ur_moveit_config'...
[0.981s] Invoked command in '/home/river2000/ur10_ws/build/ur_moveit_config' returned '0': AMENT_PREFIX_PATH=/home/river2000/ur10_ws/install/ur_description:${AMENT_PREFIX_PATH} CMAKE_PREFIX_PATH=/home/river2000/ur10_ws/install/ur_description:/opt/ros/humble /usr/bin/cmake --install /home/river2000/ur10_ws/build/ur_moveit_config
