[0.038s] Invoking command in '/home/river2000/ur10_ws/build/ur_robot_driver': CMAKE_PREFIX_PATH=/home/river2000/ur10_ws/install/ur_controllers:/home/river2000/ur10_ws/install/ur_description:/home/river2000/ur10_ws/install/ur_dashboard_msgs:/home/river2000/ur10_ws/install/ur:/home/river2000/ur10_ws/install/ur_calibration:/home/river2000/ur10_ws/install/ur_robot_driver:/home/river2000/ur10_ws/install/ur_pick_and_place_moveit:/home/river2000/ur10_ws/install/ur_moveit_config:/home/river2000/ur10_ws/install/ur_bringup:/home/river2000/ur10_ws/install/ros2_ur_moveit_examples:/opt/ros/humble LD_LIBRARY_PATH=/home/river2000/ur10_ws/install/ur_controllers/lib:/home/river2000/ur10_ws/install/ur_dashboard_msgs/lib:/home/river2000/ur10_ws/install/ur_robot_driver/lib:/usr/local/cuda-11.8/lib64:/usr/lib/x86_64-linux-gnu/gazebo-11/plugins:/opt/ros/humble/opt/rviz_ogre_vendor/lib:/opt/ros/humble/lib/x86_64-linux-gnu:/opt/ros/humble/lib /usr/bin/cmake --build /home/river2000/ur10_ws/build/ur_robot_driver -- -j16 -l16
[0.149s] [ 33%] Built target controller_stopper_node
[0.149s] [ 33%] Built target ur_ros2_control_node
[0.151s] [ 73%] Built target dashboard_client
[0.151s] [ 73%] Built target urscript_interface
[0.151s] [100%] Built target ur_robot_driver_plugin
[0.155s] [100%] Built target ament_cmake_python_symlink_ur_robot_driver
[0.506s] running egg_info
[0.537s] writing ur_robot_driver.egg-info/PKG-INFO
[0.537s] writing dependency_links to ur_robot_driver.egg-info/dependency_links.txt
[0.538s] writing top-level names to ur_robot_driver.egg-info/top_level.txt
[0.627s] reading manifest file 'ur_robot_driver.egg-info/SOURCES.txt'
[0.628s] writing manifest file 'ur_robot_driver.egg-info/SOURCES.txt'
[0.679s] [100%] Built target ament_cmake_python_build_ur_robot_driver_egg
[0.707s] Invoked command in '/home/river2000/ur10_ws/build/ur_robot_driver' returned '0': CMAKE_PREFIX_PATH=/home/river2000/ur10_ws/install/ur_controllers:/home/river2000/ur10_ws/install/ur_description:/home/river2000/ur10_ws/install/ur_dashboard_msgs:/home/river2000/ur10_ws/install/ur:/home/river2000/ur10_ws/install/ur_calibration:/home/river2000/ur10_ws/install/ur_robot_driver:/home/river2000/ur10_ws/install/ur_pick_and_place_moveit:/home/river2000/ur10_ws/install/ur_moveit_config:/home/river2000/ur10_ws/install/ur_bringup:/home/river2000/ur10_ws/install/ros2_ur_moveit_examples:/opt/ros/humble LD_LIBRARY_PATH=/home/river2000/ur10_ws/install/ur_controllers/lib:/home/river2000/ur10_ws/install/ur_dashboard_msgs/lib:/home/river2000/ur10_ws/install/ur_robot_driver/lib:/usr/local/cuda-11.8/lib64:/usr/lib/x86_64-linux-gnu/gazebo-11/plugins:/opt/ros/humble/opt/rviz_ogre_vendor/lib:/opt/ros/humble/lib/x86_64-linux-gnu:/opt/ros/humble/lib /usr/bin/cmake --build /home/river2000/ur10_ws/build/ur_robot_driver -- -j16 -l16
[0.711s] Invoking command in '/home/river2000/ur10_ws/build/ur_robot_driver': CMAKE_PREFIX_PATH=/home/river2000/ur10_ws/install/ur_controllers:/home/river2000/ur10_ws/install/ur_description:/home/river2000/ur10_ws/install/ur_dashboard_msgs:/home/river2000/ur10_ws/install/ur:/home/river2000/ur10_ws/install/ur_calibration:/home/river2000/ur10_ws/install/ur_robot_driver:/home/river2000/ur10_ws/install/ur_pick_and_place_moveit:/home/river2000/ur10_ws/install/ur_moveit_config:/home/river2000/ur10_ws/install/ur_bringup:/home/river2000/ur10_ws/install/ros2_ur_moveit_examples:/opt/ros/humble LD_LIBRARY_PATH=/home/river2000/ur10_ws/install/ur_controllers/lib:/home/river2000/ur10_ws/install/ur_dashboard_msgs/lib:/home/river2000/ur10_ws/install/ur_robot_driver/lib:/usr/local/cuda-11.8/lib64:/usr/lib/x86_64-linux-gnu/gazebo-11/plugins:/opt/ros/humble/opt/rviz_ogre_vendor/lib:/opt/ros/humble/lib/x86_64-linux-gnu:/opt/ros/humble/lib /usr/bin/cmake --install /home/river2000/ur10_ws/build/ur_robot_driver
[0.729s] -- Install configuration: "Release"
[0.729s] -- Execute custom install script
[0.730s] -- Up-to-date symlink: /home/river2000/ur10_ws/install/ur_robot_driver/share/ur_robot_driver//hardware_interface_plugin.xml
[0.730s] -- Up-to-date symlink: /home/river2000/ur10_ws/install/ur_robot_driver/lib/ur_robot_driver/dashboard_client
[0.730s] -- Up-to-date symlink: /home/river2000/ur10_ws/install/ur_robot_driver/lib/ur_robot_driver/ur_ros2_control_node
[0.730s] -- Up-to-date symlink: /home/river2000/ur10_ws/install/ur_robot_driver/lib/ur_robot_driver/controller_stopper_node
[0.731s] -- Up-to-date symlink: /home/river2000/ur10_ws/install/ur_robot_driver/lib/ur_robot_driver/urscript_interface
[0.731s] -- Up-to-date symlink: /home/river2000/ur10_ws/install/ur_robot_driver/lib/libur_robot_driver_plugin.so
[0.731s] -- Up-to-date symlink: /home/river2000/ur10_ws/install/ur_robot_driver/include/ur_robot_driver/controller_stopper.hpp
[0.732s] -- Up-to-date symlink: /home/river2000/ur10_ws/install/ur_robot_driver/include/ur_robot_driver/dashboard_client_ros.hpp
[0.732s] -- Up-to-date symlink: /home/river2000/ur10_ws/install/ur_robot_driver/include/ur_robot_driver/hardware_interface.hpp
[0.732s] -- Up-to-date symlink: /home/river2000/ur10_ws/install/ur_robot_driver/include/ur_robot_driver/urcl_log_handler.hpp
[0.732s] -- Up-to-date symlink: /home/river2000/ur10_ws/install/ur_robot_driver/share/ur_robot_driver/environment/library_path.sh
[0.732s] -- Up-to-date symlink: /home/river2000/ur10_ws/install/ur_robot_driver/share/ur_robot_driver/environment/library_path.dsv
[0.733s] -- Up-to-date symlink: /home/river2000/ur10_ws/install/ur_robot_driver/include/ur_robot_driver/controller_stopper.hpp
[0.733s] -- Up-to-date symlink: /home/river2000/ur10_ws/install/ur_robot_driver/include/ur_robot_driver/dashboard_client_ros.hpp
[0.733s] -- Up-to-date symlink: /home/river2000/ur10_ws/install/ur_robot_driver/include/ur_robot_driver/hardware_interface.hpp
[0.733s] -- Up-to-date symlink: /home/river2000/ur10_ws/install/ur_robot_driver/include/ur_robot_driver/urcl_log_handler.hpp
[0.734s] -- Up-to-date symlink: /home/river2000/ur10_ws/install/ur_robot_driver/share/ur_robot_driver/environment/pythonpath.sh
[0.734s] -- Up-to-date symlink: /home/river2000/ur10_ws/install/ur_robot_driver/share/ur_robot_driver/environment/pythonpath.dsv
[0.734s] -- Up-to-date symlink: /home/river2000/ur10_ws/install/ur_robot_driver/local/lib/python3.10/dist-packages/ur_robot_driver-2.5.1-py3.10.egg-info/PKG-INFO
[0.734s] -- Up-to-date symlink: /home/river2000/ur10_ws/install/ur_robot_driver/local/lib/python3.10/dist-packages/ur_robot_driver-2.5.1-py3.10.egg-info/SOURCES.txt
[0.734s] -- Up-to-date symlink: /home/river2000/ur10_ws/install/ur_robot_driver/local/lib/python3.10/dist-packages/ur_robot_driver-2.5.1-py3.10.egg-info/dependency_links.txt
[0.735s] -- Up-to-date symlink: /home/river2000/ur10_ws/install/ur_robot_driver/local/lib/python3.10/dist-packages/ur_robot_driver-2.5.1-py3.10.egg-info/top_level.txt
[0.735s] -- Up-to-date symlink: /home/river2000/ur10_ws/install/ur_robot_driver/local/lib/python3.10/dist-packages/ur_robot_driver/__init__.py
[0.735s] -- Up-to-date symlink: /home/river2000/ur10_ws/install/ur_robot_driver/lib/ur_robot_driver/tool_communication.py
[0.735s] -- Up-to-date symlink: /home/river2000/ur10_ws/install/ur_robot_driver/lib/ur_robot_driver/example_move.py
[0.736s] -- Up-to-date symlink: /home/river2000/ur10_ws/install/ur_robot_driver/lib/ur_robot_driver/start_ursim.sh
[0.736s] -- Up-to-date symlink: /home/river2000/ur10_ws/install/ur_robot_driver/lib/ur_robot_driver/examples.py
[0.736s] -- Up-to-date symlink: /home/river2000/ur10_ws/install/ur_robot_driver/lib/ur_robot_driver/force_mode.py
[0.736s] -- Up-to-date symlink: /home/river2000/ur10_ws/install/ur_robot_driver/bin/wait_dashboard_server.sh
[0.736s] -- Up-to-date symlink: /home/river2000/ur10_ws/install/ur_robot_driver/lib/ur_robot_driver/start_ursim.sh
[0.737s] -- Up-to-date symlink: /home/river2000/ur10_ws/install/ur_robot_driver/share/ur_robot_driver/config/test_goal_publishers_config.yaml
[0.737s] -- Up-to-date symlink: /home/river2000/ur10_ws/install/ur_robot_driver/share/ur_robot_driver/config/test_velocity_goal_publishers_config.yaml
[0.737s] -- Up-to-date symlink: /home/river2000/ur10_ws/install/ur_robot_driver/share/ur_robot_driver/config/ur10_update_rate.yaml
[0.737s] -- Up-to-date symlink: /home/river2000/ur10_ws/install/ur_robot_driver/share/ur_robot_driver/config/ur10e_update_rate.yaml
[0.738s] -- Up-to-date symlink: /home/river2000/ur10_ws/install/ur_robot_driver/share/ur_robot_driver/config/ur16e_update_rate.yaml
[0.738s] -- Up-to-date symlink: /home/river2000/ur10_ws/install/ur_robot_driver/share/ur_robot_driver/config/ur20_update_rate.yaml
[0.738s] -- Up-to-date symlink: /home/river2000/ur10_ws/install/ur_robot_driver/share/ur_robot_driver/config/ur30_update_rate.yaml
[0.738s] -- Up-to-date symlink: /home/river2000/ur10_ws/install/ur_robot_driver/share/ur_robot_driver/config/ur3_update_rate.yaml
[0.738s] -- Up-to-date symlink: /home/river2000/ur10_ws/install/ur_robot_driver/share/ur_robot_driver/config/ur3e_update_rate.yaml
[0.739s] -- Up-to-date symlink: /home/river2000/ur10_ws/install/ur_robot_driver/share/ur_robot_driver/config/ur5_update_rate.yaml
[0.739s] -- Up-to-date symlink: /home/river2000/ur10_ws/install/ur_robot_driver/share/ur_robot_driver/config/ur5e_update_rate.yaml
[0.739s] -- Up-to-date symlink: /home/river2000/ur10_ws/install/ur_robot_driver/share/ur_robot_driver/config/ur_controllers.yaml
[0.739s] -- Up-to-date symlink: /home/river2000/ur10_ws/install/ur_robot_driver/share/ur_robot_driver/launch/test_forward_velocity_controller.launch.py
[0.739s] -- Up-to-date symlink: /home/river2000/ur10_ws/install/ur_robot_driver/share/ur_robot_driver/launch/test_joint_trajectory_controller.launch.py
[0.740s] -- Up-to-date symlink: /home/river2000/ur10_ws/install/ur_robot_driver/share/ur_robot_driver/launch/test_scaled_joint_trajectory_controller.launch.py
[0.740s] -- Up-to-date symlink: /home/river2000/ur10_ws/install/ur_robot_driver/share/ur_robot_driver/launch/ur10.launch.py
[0.740s] -- Up-to-date symlink: /home/river2000/ur10_ws/install/ur_robot_driver/share/ur_robot_driver/launch/ur10e.launch.py
[0.740s] -- Up-to-date symlink: /home/river2000/ur10_ws/install/ur_robot_driver/share/ur_robot_driver/launch/ur16e.launch.py
[0.740s] -- Up-to-date symlink: /home/river2000/ur10_ws/install/ur_robot_driver/share/ur_robot_driver/launch/ur20.launch.py
[0.740s] -- Up-to-date symlink: /home/river2000/ur10_ws/install/ur_robot_driver/share/ur_robot_driver/launch/ur3.launch.py
[0.741s] -- Up-to-date symlink: /home/river2000/ur10_ws/install/ur_robot_driver/share/ur_robot_driver/launch/ur30.launch.py
[0.741s] -- Up-to-date symlink: /home/river2000/ur10_ws/install/ur_robot_driver/share/ur_robot_driver/launch/ur3e.launch.py
[0.741s] -- Up-to-date symlink: /home/river2000/ur10_ws/install/ur_robot_driver/share/ur_robot_driver/launch/ur5.launch.py
[0.741s] -- Up-to-date symlink: /home/river2000/ur10_ws/install/ur_robot_driver/share/ur_robot_driver/launch/ur5e.launch.py
[0.741s] -- Up-to-date symlink: /home/river2000/ur10_ws/install/ur_robot_driver/share/ur_robot_driver/launch/ur_control.launch.py
[0.742s] -- Up-to-date symlink: /home/river2000/ur10_ws/install/ur_robot_driver/share/ur_robot_driver/launch/ur_dashboard_client.launch.py
[0.742s] -- Up-to-date symlink: /home/river2000/ur10_ws/install/ur_robot_driver/share/ament_index/resource_index/package_run_dependencies/ur_robot_driver
[0.742s] -- Up-to-date symlink: /home/river2000/ur10_ws/install/ur_robot_driver/share/ament_index/resource_index/parent_prefix_path/ur_robot_driver
[0.742s] -- Up-to-date symlink: /home/river2000/ur10_ws/install/ur_robot_driver/share/ur_robot_driver/environment/ament_prefix_path.sh
[0.742s] -- Up-to-date symlink: /home/river2000/ur10_ws/install/ur_robot_driver/share/ur_robot_driver/environment/ament_prefix_path.dsv
[0.743s] -- Up-to-date symlink: /home/river2000/ur10_ws/install/ur_robot_driver/share/ur_robot_driver/environment/path.sh
[0.743s] -- Up-to-date symlink: /home/river2000/ur10_ws/install/ur_robot_driver/share/ur_robot_driver/environment/path.dsv
[0.743s] -- Up-to-date symlink: /home/river2000/ur10_ws/install/ur_robot_driver/share/ur_robot_driver/local_setup.bash
[0.743s] -- Up-to-date symlink: /home/river2000/ur10_ws/install/ur_robot_driver/share/ur_robot_driver/local_setup.sh
[0.743s] -- Up-to-date symlink: /home/river2000/ur10_ws/install/ur_robot_driver/share/ur_robot_driver/local_setup.zsh
[0.743s] -- Up-to-date symlink: /home/river2000/ur10_ws/install/ur_robot_driver/share/ur_robot_driver/local_setup.dsv
[0.744s] -- Symlinking: /home/river2000/ur10_ws/install/ur_robot_driver/share/ur_robot_driver/package.dsv
[0.760s] -- Up-to-date symlink: /home/river2000/ur10_ws/install/ur_robot_driver/share/ament_index/resource_index/packages/ur_robot_driver
[0.760s] -- Up-to-date symlink: /home/river2000/ur10_ws/install/ur_robot_driver/share/ament_index/resource_index/hardware_interface__pluginlib__plugin/ur_robot_driver
[0.760s] -- Up-to-date symlink: /home/river2000/ur10_ws/install/ur_robot_driver/share/ur_robot_driver/cmake/ament_cmake_export_include_directories-extras.cmake
[0.761s] -- Up-to-date symlink: /home/river2000/ur10_ws/install/ur_robot_driver/share/ur_robot_driver/cmake/ament_cmake_export_libraries-extras.cmake
[0.761s] -- Up-to-date symlink: /home/river2000/ur10_ws/install/ur_robot_driver/share/ur_robot_driver/cmake/ament_cmake_export_dependencies-extras.cmake
[0.762s] -- Up-to-date symlink: /home/river2000/ur10_ws/install/ur_robot_driver/share/ur_robot_driver/cmake/ur_robot_driverConfig.cmake
[0.762s] -- Up-to-date symlink: /home/river2000/ur10_ws/install/ur_robot_driver/share/ur_robot_driver/cmake/ur_robot_driverConfig-version.cmake
[0.762s] -- Up-to-date symlink: /home/river2000/ur10_ws/install/ur_robot_driver/share/ur_robot_driver/package.xml
[0.762s] -- Up-to-date: /home/river2000/ur10_ws/install/ur_robot_driver/share/ur_robot_driver/resources
[0.762s] -- Up-to-date: /home/river2000/ur10_ws/install/ur_robot_driver/share/ur_robot_driver/resources/rtde_input_recipe.txt
[0.763s] -- Up-to-date: /home/river2000/ur10_ws/install/ur_robot_driver/share/ur_robot_driver/resources/externalcontrol-1.0.5.urcap
[0.763s] -- Up-to-date: /home/river2000/ur10_ws/install/ur_robot_driver/share/ur_robot_driver/resources/ros_control.urscript
[0.763s] -- Up-to-date: /home/river2000/ur10_ws/install/ur_robot_driver/share/ur_robot_driver/resources/rs485-1.0.urcap
[0.763s] -- Up-to-date: /home/river2000/ur10_ws/install/ur_robot_driver/share/ur_robot_driver/resources/rtde_output_recipe.txt
[0.805s] Listing '/home/river2000/ur10_ws/install/ur_robot_driver/local/lib/python3.10/dist-packages/ur_robot_driver'...
[0.815s] Invoked command in '/home/river2000/ur10_ws/build/ur_robot_driver' returned '0': CMAKE_PREFIX_PATH=/home/river2000/ur10_ws/install/ur_controllers:/home/river2000/ur10_ws/install/ur_description:/home/river2000/ur10_ws/install/ur_dashboard_msgs:/home/river2000/ur10_ws/install/ur:/home/river2000/ur10_ws/install/ur_calibration:/home/river2000/ur10_ws/install/ur_robot_driver:/home/river2000/ur10_ws/install/ur_pick_and_place_moveit:/home/river2000/ur10_ws/install/ur_moveit_config:/home/river2000/ur10_ws/install/ur_bringup:/home/river2000/ur10_ws/install/ros2_ur_moveit_examples:/opt/ros/humble LD_LIBRARY_PATH=/home/river2000/ur10_ws/install/ur_controllers/lib:/home/river2000/ur10_ws/install/ur_dashboard_msgs/lib:/home/river2000/ur10_ws/install/ur_robot_driver/lib:/usr/local/cuda-11.8/lib64:/usr/lib/x86_64-linux-gnu/gazebo-11/plugins:/opt/ros/humble/opt/rviz_ogre_vendor/lib:/opt/ros/humble/lib/x86_64-linux-gnu:/opt/ros/humble/lib /usr/bin/cmake --install /home/river2000/ur10_ws/build/ur_robot_driver
