[0.018s] Invoking command in '/home/river2000/ur10_ws/build/ur_moveit_config': AMENT_PREFIX_PATH=/home/river2000/ur10_ws/install/ur_description:${AMENT_PREFIX_PATH} CMAKE_PREFIX_PATH=/home/river2000/ur10_ws/install/ur_description:/opt/ros/humble /usr/bin/cmake --build /home/river2000/ur10_ws/build/ur_moveit_config -- -j16 -l16
[0.075s] Built target ament_cmake_python_symlink_ur_moveit_config
[0.277s] running egg_info
[0.296s] writing ur_moveit_config.egg-info/PKG-INFO
[0.296s] writing dependency_links to ur_moveit_config.egg-info/dependency_links.txt
[0.297s] writing top-level names to ur_moveit_config.egg-info/top_level.txt
[0.350s] reading manifest file 'ur_moveit_config.egg-info/SOURCES.txt'
[0.351s] writing manifest file 'ur_moveit_config.egg-info/SOURCES.txt'
[0.391s] Built target ament_cmake_python_build_ur_moveit_config_egg
[0.405s] Invoked command in '/home/river2000/ur10_ws/build/ur_moveit_config' returned '0': AMENT_PREFIX_PATH=/home/river2000/ur10_ws/install/ur_description:${AMENT_PREFIX_PATH} CMAKE_PREFIX_PATH=/home/river2000/ur10_ws/install/ur_description:/opt/ros/humble /usr/bin/cmake --build /home/river2000/ur10_ws/build/ur_moveit_config -- -j16 -l16
[0.408s] Invoking command in '/home/river2000/ur10_ws/build/ur_moveit_config': AMENT_PREFIX_PATH=/home/river2000/ur10_ws/install/ur_description:${AMENT_PREFIX_PATH} CMAKE_PREFIX_PATH=/home/river2000/ur10_ws/install/ur_description:/opt/ros/humble /usr/bin/cmake --install /home/river2000/ur10_ws/build/ur_moveit_config
[0.414s] -- Install configuration: "Release"
[0.415s] -- Execute custom install script
[0.416s] -- Up-to-date symlink: /home/river2000/ur10_ws/install/ur_moveit_config/share/ur_moveit_config/config/controllers.yaml
[0.416s] -- Up-to-date symlink: /home/river2000/ur10_ws/install/ur_moveit_config/share/ur_moveit_config/config/joint_limits.yaml
[0.416s] -- Up-to-date symlink: /home/river2000/ur10_ws/install/ur_moveit_config/share/ur_moveit_config/config/kinematics.yaml
[0.416s] -- Up-to-date symlink: /home/river2000/ur10_ws/install/ur_moveit_config/share/ur_moveit_config/config/ompl_planning.yaml
[0.417s] -- Up-to-date symlink: /home/river2000/ur10_ws/install/ur_moveit_config/share/ur_moveit_config/config/ur_servo.yaml
[0.417s] -- Up-to-date symlink: /home/river2000/ur10_ws/install/ur_moveit_config/share/ur_moveit_config/launch/ur_moveit.launch.py
[0.417s] -- Up-to-date symlink: /home/river2000/ur10_ws/install/ur_moveit_config/share/ur_moveit_config/rviz/view_robot.rviz
[0.418s] -- Up-to-date symlink: /home/river2000/ur10_ws/install/ur_moveit_config/share/ur_moveit_config/srdf/ur.srdf.xacro
[0.418s] -- Up-to-date symlink: /home/river2000/ur10_ws/install/ur_moveit_config/share/ur_moveit_config/srdf/ur_macro.srdf.xacro
[0.418s] -- Up-to-date symlink: /home/river2000/ur10_ws/install/ur_moveit_config/share/ur_moveit_config/environment/pythonpath.sh
[0.418s] -- Up-to-date symlink: /home/river2000/ur10_ws/install/ur_moveit_config/share/ur_moveit_config/environment/pythonpath.dsv
[0.419s] -- Up-to-date symlink: /home/river2000/ur10_ws/install/ur_moveit_config/local/lib/python3.10/dist-packages/ur_moveit_config-2.5.1-py3.10.egg-info/PKG-INFO
[0.419s] -- Up-to-date symlink: /home/river2000/ur10_ws/install/ur_moveit_config/local/lib/python3.10/dist-packages/ur_moveit_config-2.5.1-py3.10.egg-info/SOURCES.txt
[0.419s] -- Up-to-date symlink: /home/river2000/ur10_ws/install/ur_moveit_config/local/lib/python3.10/dist-packages/ur_moveit_config-2.5.1-py3.10.egg-info/dependency_links.txt
[0.419s] -- Up-to-date symlink: /home/river2000/ur10_ws/install/ur_moveit_config/local/lib/python3.10/dist-packages/ur_moveit_config-2.5.1-py3.10.egg-info/top_level.txt
[0.420s] -- Up-to-date symlink: /home/river2000/ur10_ws/install/ur_moveit_config/local/lib/python3.10/dist-packages/ur_moveit_config/__init__.py
[0.421s] -- Up-to-date symlink: /home/river2000/ur10_ws/install/ur_moveit_config/local/lib/python3.10/dist-packages/ur_moveit_config/launch_common.py
[0.422s] -- Up-to-date symlink: /home/river2000/ur10_ws/install/ur_moveit_config/local/lib/python3.10/dist-packages/launch_common.py
[0.422s] -- Up-to-date symlink: /home/river2000/ur10_ws/install/ur_moveit_config/share/ament_index/resource_index/package_run_dependencies/ur_moveit_config
[0.422s] -- Up-to-date symlink: /home/river2000/ur10_ws/install/ur_moveit_config/share/ament_index/resource_index/parent_prefix_path/ur_moveit_config
[0.422s] -- Up-to-date symlink: /home/river2000/ur10_ws/install/ur_moveit_config/share/ur_moveit_config/environment/ament_prefix_path.sh
[0.422s] -- Up-to-date symlink: /home/river2000/ur10_ws/install/ur_moveit_config/share/ur_moveit_config/environment/ament_prefix_path.dsv
[0.422s] -- Up-to-date symlink: /home/river2000/ur10_ws/install/ur_moveit_config/share/ur_moveit_config/environment/path.sh
[0.422s] -- Up-to-date symlink: /home/river2000/ur10_ws/install/ur_moveit_config/share/ur_moveit_config/environment/path.dsv
[0.423s] -- Up-to-date symlink: /home/river2000/ur10_ws/install/ur_moveit_config/share/ur_moveit_config/local_setup.bash
[0.423s] -- Up-to-date symlink: /home/river2000/ur10_ws/install/ur_moveit_config/share/ur_moveit_config/local_setup.sh
[0.423s] -- Up-to-date symlink: /home/river2000/ur10_ws/install/ur_moveit_config/share/ur_moveit_config/local_setup.zsh
[0.423s] -- Up-to-date symlink: /home/river2000/ur10_ws/install/ur_moveit_config/share/ur_moveit_config/local_setup.dsv
[0.423s] -- Symlinking: /home/river2000/ur10_ws/install/ur_moveit_config/share/ur_moveit_config/package.dsv
[0.443s] -- Up-to-date symlink: /home/river2000/ur10_ws/install/ur_moveit_config/share/ament_index/resource_index/packages/ur_moveit_config
[0.444s] -- Up-to-date symlink: /home/river2000/ur10_ws/install/ur_moveit_config/share/ur_moveit_config/cmake/ur_moveit_configConfig.cmake
[0.444s] -- Up-to-date symlink: /home/river2000/ur10_ws/install/ur_moveit_config/share/ur_moveit_config/cmake/ur_moveit_configConfig-version.cmake
[0.444s] -- Up-to-date symlink: /home/river2000/ur10_ws/install/ur_moveit_config/share/ur_moveit_config/package.xml
[0.470s] Listing '/home/river2000/ur10_ws/install/ur_moveit_config/local/lib/python3.10/dist-packages/ur_moveit_config'...
[0.517s] Invoked command in '/home/river2000/ur10_ws/build/ur_moveit_config' returned '0': AMENT_PREFIX_PATH=/home/river2000/ur10_ws/install/ur_description:${AMENT_PREFIX_PATH} CMAKE_PREFIX_PATH=/home/river2000/ur10_ws/install/ur_description:/opt/ros/humble /usr/bin/cmake --install /home/river2000/ur10_ws/build/ur_moveit_config
