[0.034s] Invoking command in '/home/river2000/ur10_ws/build/ur_pick_and_place_moveit': CMAKE_PREFIX_PATH=/opt/ros/humble /usr/bin/cmake --build /home/river2000/ur10_ws/build/ur_pick_and_place_moveit -- -j16 -l16
[0.122s] [35m[1mConsolidate compiler generated dependencies of target ur_pick_and_place_moveit[0m
[0.174s] [ 50%] [32mBuilding CXX object CMakeFiles/ur_pick_and_place_moveit.dir/src/ur_pick_and_place_moveit.cpp.o[0m
[11.154s] In file included from [01m[K/home/river2000/ur10_ws/src/ur_pick_and_place_moveit/src/ur_pick_and_place_moveit.cpp:6[m[K:
[11.154s] [01m[K/opt/ros/humble/include/tf2_geometry_msgs/tf2_geometry_msgs/tf2_geometry_msgs.h:35:2:[m[K [01;35m[Kwarning: [m[K#warning This header is obsolete, please include tf2_geometry_msgs/tf2_geometry_msgs.hpp instead [[01;35m[K-Wcpp[m[K]
[11.154s]    35 | #[01;35m[Kwarning[m[K This header is obsolete, please include tf2_geometry_msgs/tf2_geometry_msgs.hpp instead
[11.155s]       |  [01;35m[K^~~~~~~[m[K
[11.155s] [01m[K/home/river2000/ur10_ws/src/ur_pick_and_place_moveit/src/ur_pick_and_place_moveit.cpp:[m[K In function ‘[01m[Kint main(int, char**)[m[K’:
[11.155s] [01m[K/home/river2000/ur10_ws/src/ur_pick_and_place_moveit/src/ur_pick_and_place_moveit.cpp:80:101:[m[K [01;35m[Kwarning: [m[K‘[01m[Kusing MoveItErrorCode = class moveit::core::MoveItErrorCode[m[K’ is deprecated: Use moveit::core::MoveItErrorCode [[01;35m[K-Wdeprecated-declarations[m[K]
[11.155s]    80 |   bool success = (move_group_arm.plan(my_plan_arm1) == moveit::planning_interface::MoveItErrorCode::[01;35m[KSUCCESS[m[K);
[11.155s]       |                                                                                                     [01;35m[K^~~~~~~[m[K
[11.155s] In file included from [01m[K/home/river2000/ur10_ws/src/ur_pick_and_place_moveit/src/ur_pick_and_place_moveit.cpp:3[m[K:
[11.155s] [01m[K/opt/ros/humble/include/moveit/move_group_interface/move_group_interface.h:71:7:[m[K [01;36m[Knote: [m[Kdeclared here
[11.156s]    71 | using [01;36m[KMoveItErrorCode[m[K [[deprecated("Use moveit::core::MoveItErrorCode")]] = moveit::core::MoveItErrorCode;
[11.156s]       |       [01;36m[K^~~~~~~~~~~~~~~[m[K
[11.156s] [01m[K/home/river2000/ur10_ws/src/ur_pick_and_place_moveit/src/ur_pick_and_place_moveit.cpp:111:96:[m[K [01;35m[Kwarning: [m[K‘[01m[Kusing MoveItErrorCode = class moveit::core::MoveItErrorCode[m[K’ is deprecated: Use moveit::core::MoveItErrorCode [[01;35m[K-Wdeprecated-declarations[m[K]
[11.156s]   111 |   success = (move_group_arm.plan(my_plan_arm1) == moveit::planning_interface::MoveItErrorCode::[01;35m[KSUCCESS[m[K);
[11.156s]       |                                                                                                [01;35m[K^~~~~~~[m[K
[11.156s] In file included from [01m[K/home/river2000/ur10_ws/src/ur_pick_and_place_moveit/src/ur_pick_and_place_moveit.cpp:3[m[K:
[11.156s] [01m[K/opt/ros/humble/include/moveit/move_group_interface/move_group_interface.h:71:7:[m[K [01;36m[Knote: [m[Kdeclared here
[11.156s]    71 | using [01;36m[KMoveItErrorCode[m[K [[deprecated("Use moveit::core::MoveItErrorCode")]] = moveit::core::MoveItErrorCode;
[11.157s]       |       [01;36m[K^~~~~~~~~~~~~~~[m[K
[11.157s] [01m[K/home/river2000/ur10_ws/src/ur_pick_and_place_moveit/src/ur_pick_and_place_moveit.cpp:239:96:[m[K [01;35m[Kwarning: [m[K‘[01m[Kusing MoveItErrorCode = class moveit::core::MoveItErrorCode[m[K’ is deprecated: Use moveit::core::MoveItErrorCode [[01;35m[K-Wdeprecated-declarations[m[K]
[11.157s]   239 |   success = (move_group_arm.plan(my_plan_arm2) == moveit::planning_interface::MoveItErrorCode::[01;35m[KSUCCESS[m[K);
[11.157s]       |                                                                                                [01;35m[K^~~~~~~[m[K
[11.157s] In file included from [01m[K/home/river2000/ur10_ws/src/ur_pick_and_place_moveit/src/ur_pick_and_place_moveit.cpp:3[m[K:
[11.157s] [01m[K/opt/ros/humble/include/moveit/move_group_interface/move_group_interface.h:71:7:[m[K [01;36m[Knote: [m[Kdeclared here
[11.157s]    71 | using [01;36m[KMoveItErrorCode[m[K [[deprecated("Use moveit::core::MoveItErrorCode")]] = moveit::core::MoveItErrorCode;
[11.157s]       |       [01;36m[K^~~~~~~~~~~~~~~[m[K
[11.157s] [01m[K/home/river2000/ur10_ws/src/ur_pick_and_place_moveit/src/ur_pick_and_place_moveit.cpp:80:8:[m[K [01;35m[Kwarning: [m[Kvariable ‘[01m[Ksuccess[m[K’ set but not used [[01;35m[K-Wunused-but-set-variable[m[K]
[11.157s]    80 |   bool [01;35m[Ksuccess[m[K = (move_group_arm.plan(my_plan_arm1) == moveit::planning_interface::MoveItErrorCode::SUCCESS);
[11.157s]       |        [01;35m[K^~~~~~~[m[K
[11.157s] [01m[K/home/river2000/ur10_ws/src/ur_pick_and_place_moveit/src/ur_pick_and_place_moveit.cpp:131:10:[m[K [01;35m[Kwarning: [m[Kvariable ‘[01m[Kfraction[m[K’ set but not used [[01;35m[K-Wunused-but-set-variable[m[K]
[11.157s]   131 |   double [01;35m[Kfraction[m[K = move_group_arm.computeCartesianPath(
[11.157s]       |          [01;35m[K^~~~~~~~[m[K
[11.171s] [100%] [32m[1mLinking CXX executable ur_pick_and_place_moveit[0m
[11.465s] [100%] Built target ur_pick_and_place_moveit
[11.480s] Invoked command in '/home/river2000/ur10_ws/build/ur_pick_and_place_moveit' returned '0': CMAKE_PREFIX_PATH=/opt/ros/humble /usr/bin/cmake --build /home/river2000/ur10_ws/build/ur_pick_and_place_moveit -- -j16 -l16
[11.484s] Invoking command in '/home/river2000/ur10_ws/build/ur_pick_and_place_moveit': CMAKE_PREFIX_PATH=/opt/ros/humble /usr/bin/cmake --install /home/river2000/ur10_ws/build/ur_pick_and_place_moveit
[11.501s] -- Install configuration: "Release"
[11.501s] -- Execute custom install script
[11.502s] -- Up-to-date symlink: /home/river2000/ur10_ws/install/ur_pick_and_place_moveit/lib/ur_pick_and_place_moveit/ur_pick_and_place_moveit
[11.502s] -- Up-to-date symlink: /home/river2000/ur10_ws/install/ur_pick_and_place_moveit/share/ur_pick_and_place_moveit//launch/pick_and_place_moveit_launch.py
[11.502s] -- Up-to-date symlink: /home/river2000/ur10_ws/install/ur_pick_and_place_moveit/share/ament_index/resource_index/package_run_dependencies/ur_pick_and_place_moveit
[11.502s] -- Up-to-date symlink: /home/river2000/ur10_ws/install/ur_pick_and_place_moveit/share/ament_index/resource_index/parent_prefix_path/ur_pick_and_place_moveit
[11.503s] -- Up-to-date symlink: /home/river2000/ur10_ws/install/ur_pick_and_place_moveit/share/ur_pick_and_place_moveit/environment/ament_prefix_path.sh
[11.503s] -- Up-to-date symlink: /home/river2000/ur10_ws/install/ur_pick_and_place_moveit/share/ur_pick_and_place_moveit/environment/ament_prefix_path.dsv
[11.503s] -- Up-to-date symlink: /home/river2000/ur10_ws/install/ur_pick_and_place_moveit/share/ur_pick_and_place_moveit/environment/path.sh
[11.503s] -- Up-to-date symlink: /home/river2000/ur10_ws/install/ur_pick_and_place_moveit/share/ur_pick_and_place_moveit/environment/path.dsv
[11.503s] -- Up-to-date symlink: /home/river2000/ur10_ws/install/ur_pick_and_place_moveit/share/ur_pick_and_place_moveit/local_setup.bash
[11.503s] -- Up-to-date symlink: /home/river2000/ur10_ws/install/ur_pick_and_place_moveit/share/ur_pick_and_place_moveit/local_setup.sh
[11.503s] -- Up-to-date symlink: /home/river2000/ur10_ws/install/ur_pick_and_place_moveit/share/ur_pick_and_place_moveit/local_setup.zsh
[11.503s] -- Up-to-date symlink: /home/river2000/ur10_ws/install/ur_pick_and_place_moveit/share/ur_pick_and_place_moveit/local_setup.dsv
[11.504s] -- Symlinking: /home/river2000/ur10_ws/install/ur_pick_and_place_moveit/share/ur_pick_and_place_moveit/package.dsv
[11.523s] -- Up-to-date symlink: /home/river2000/ur10_ws/install/ur_pick_and_place_moveit/share/ament_index/resource_index/packages/ur_pick_and_place_moveit
[11.523s] -- Up-to-date symlink: /home/river2000/ur10_ws/install/ur_pick_and_place_moveit/share/ur_pick_and_place_moveit/cmake/ur_pick_and_place_moveitConfig.cmake
[11.523s] -- Up-to-date symlink: /home/river2000/ur10_ws/install/ur_pick_and_place_moveit/share/ur_pick_and_place_moveit/cmake/ur_pick_and_place_moveitConfig-version.cmake
[11.524s] -- Up-to-date symlink: /home/river2000/ur10_ws/install/ur_pick_and_place_moveit/share/ur_pick_and_place_moveit/package.xml
[11.526s] Invoked command in '/home/river2000/ur10_ws/build/ur_pick_and_place_moveit' returned '0': CMAKE_PREFIX_PATH=/opt/ros/humble /usr/bin/cmake --install /home/river2000/ur10_ws/build/ur_pick_and_place_moveit
