[0.042s] Invoking command in '/home/river2000/ur10_ws/build/ur': CMAKE_PREFIX_PATH=/home/river2000/ur10_ws/install/ur_calibration:/home/river2000/ur10_ws/install/ur_robot_driver:/home/river2000/ur10_ws/install/ur_moveit_config:/home/river2000/ur10_ws/install/ur_controllers:/home/river2000/ur10_ws/install/ur_description:/home/river2000/ur10_ws/install/ur_dashboard_msgs:/home/river2000/ur10_ws/install/ur:/home/river2000/ur10_ws/install/ur_pick_and_place_moveit:/home/river2000/ur10_ws/install/ur_bringup:/home/river2000/ur10_ws/install/ros2_ur_moveit_examples:/opt/ros/humble /usr/bin/cmake --build /home/river2000/ur10_ws/build/ur -- -j16 -l16
[0.108s] Invoked command in '/home/river2000/ur10_ws/build/ur' returned '0': CMAKE_PREFIX_PATH=/home/river2000/ur10_ws/install/ur_calibration:/home/river2000/ur10_ws/install/ur_robot_driver:/home/river2000/ur10_ws/install/ur_moveit_config:/home/river2000/ur10_ws/install/ur_controllers:/home/river2000/ur10_ws/install/ur_description:/home/river2000/ur10_ws/install/ur_dashboard_msgs:/home/river2000/ur10_ws/install/ur:/home/river2000/ur10_ws/install/ur_pick_and_place_moveit:/home/river2000/ur10_ws/install/ur_bringup:/home/river2000/ur10_ws/install/ros2_ur_moveit_examples:/opt/ros/humble /usr/bin/cmake --build /home/river2000/ur10_ws/build/ur -- -j16 -l16
[0.111s] Invoking command in '/home/river2000/ur10_ws/build/ur': CMAKE_PREFIX_PATH=/home/river2000/ur10_ws/install/ur_calibration:/home/river2000/ur10_ws/install/ur_robot_driver:/home/river2000/ur10_ws/install/ur_moveit_config:/home/river2000/ur10_ws/install/ur_controllers:/home/river2000/ur10_ws/install/ur_description:/home/river2000/ur10_ws/install/ur_dashboard_msgs:/home/river2000/ur10_ws/install/ur:/home/river2000/ur10_ws/install/ur_pick_and_place_moveit:/home/river2000/ur10_ws/install/ur_bringup:/home/river2000/ur10_ws/install/ros2_ur_moveit_examples:/opt/ros/humble /usr/bin/cmake --install /home/river2000/ur10_ws/build/ur
[0.124s] -- Install configuration: "Release"
[0.124s] -- Execute custom install script
[0.124s] -- Up-to-date symlink: /home/river2000/ur10_ws/install/ur/share/ament_index/resource_index/package_run_dependencies/ur
[0.125s] -- Up-to-date symlink: /home/river2000/ur10_ws/install/ur/share/ament_index/resource_index/parent_prefix_path/ur
[0.125s] -- Up-to-date symlink: /home/river2000/ur10_ws/install/ur/share/ur/environment/ament_prefix_path.sh
[0.125s] -- Up-to-date symlink: /home/river2000/ur10_ws/install/ur/share/ur/environment/ament_prefix_path.dsv
[0.125s] -- Up-to-date symlink: /home/river2000/ur10_ws/install/ur/share/ur/environment/path.sh
[0.125s] -- Up-to-date symlink: /home/river2000/ur10_ws/install/ur/share/ur/environment/path.dsv
[0.126s] -- Up-to-date symlink: /home/river2000/ur10_ws/install/ur/share/ur/local_setup.bash
[0.126s] -- Up-to-date symlink: /home/river2000/ur10_ws/install/ur/share/ur/local_setup.sh
[0.126s] -- Up-to-date symlink: /home/river2000/ur10_ws/install/ur/share/ur/local_setup.zsh
[0.126s] -- Up-to-date symlink: /home/river2000/ur10_ws/install/ur/share/ur/local_setup.dsv
[0.126s] -- Symlinking: /home/river2000/ur10_ws/install/ur/share/ur/package.dsv
[0.144s] -- Up-to-date symlink: /home/river2000/ur10_ws/install/ur/share/ament_index/resource_index/packages/ur
[0.145s] -- Up-to-date symlink: /home/river2000/ur10_ws/install/ur/share/ur/cmake/urConfig.cmake
[0.145s] -- Up-to-date symlink: /home/river2000/ur10_ws/install/ur/share/ur/cmake/urConfig-version.cmake
[0.145s] -- Up-to-date symlink: /home/river2000/ur10_ws/install/ur/share/ur/package.xml
[0.149s] Invoked command in '/home/river2000/ur10_ws/build/ur' returned '0': CMAKE_PREFIX_PATH=/home/river2000/ur10_ws/install/ur_calibration:/home/river2000/ur10_ws/install/ur_robot_driver:/home/river2000/ur10_ws/install/ur_moveit_config:/home/river2000/ur10_ws/install/ur_controllers:/home/river2000/ur10_ws/install/ur_description:/home/river2000/ur10_ws/install/ur_dashboard_msgs:/home/river2000/ur10_ws/install/ur:/home/river2000/ur10_ws/install/ur_pick_and_place_moveit:/home/river2000/ur10_ws/install/ur_bringup:/home/river2000/ur10_ws/install/ros2_ur_moveit_examples:/opt/ros/humble /usr/bin/cmake --install /home/river2000/ur10_ws/build/ur
