[0.027s] Invoking command in '/home/river2000/ur10_ws/build/ur_calibration': CMAKE_PREFIX_PATH=/home/river2000/ur10_ws/install/ur_robot_driver:/home/river2000/ur10_ws/install/ur_controllers:/home/river2000/ur10_ws/install/ur_description:/home/river2000/ur10_ws/install/ur_dashboard_msgs:/home/river2000/ur10_ws/install/ur:/home/river2000/ur10_ws/install/ur_calibration:/home/river2000/ur10_ws/install/ur_pick_and_place_moveit:/home/river2000/ur10_ws/install/ur_moveit_config:/home/river2000/ur10_ws/install/ur_bringup:/home/river2000/ur10_ws/install/ros2_ur_moveit_examples:/opt/ros/humble /usr/bin/cmake /home/river2000/ur10_ws/src/Universal_Robots_ROS2_Driver/ur_calibration -DCMAKE_BUILD_TYPE=Release -DAMENT_CMAKE_SYMLINK_INSTALL=1 -DCMAKE_INSTALL_PREFIX=/home/river2000/ur10_ws/install/ur_calibration
[0.090s] -- The C compiler identification is GNU 12.3.0
[0.163s] -- The CXX compiler identification is GNU 11.4.0
[0.187s] -- Detecting C compiler ABI info
[0.274s] -- Detecting C compiler ABI info - done
[0.292s] -- Check for working C compiler: /usr/lib/ccache/cc - skipped
[0.293s] -- Detecting C compile features
[0.294s] -- Detecting C compile features - done
[0.301s] -- Detecting CXX compiler ABI info
[0.387s] -- Detecting CXX compiler ABI info - done
[0.405s] -- Check for working CXX compiler: /usr/lib/ccache/g++ - skipped
[0.405s] -- Detecting CXX compile features
[0.406s] -- Detecting CXX compile features - done
[0.415s] -- Found ament_cmake: 1.3.11 (/opt/ros/humble/share/ament_cmake/cmake)
[0.817s] -- Found Python3: /usr/bin/python3 (found version "3.10.12") found components: Interpreter 
[0.892s] -- Override CMake install command with custom implementation using symlinks instead of copying resources
[0.950s] -- Found rclcpp: 16.0.11 (/opt/ros/humble/share/rclcpp/cmake)
[1.002s] -- Found rosidl_generator_c: 3.1.6 (/opt/ros/humble/share/rosidl_generator_c/cmake)
[1.009s] -- Found rosidl_adapter: 3.1.6 (/opt/ros/humble/share/rosidl_adapter/cmake)
[1.019s] -- Found rosidl_generator_cpp: 3.1.6 (/opt/ros/humble/share/rosidl_generator_cpp/cmake)
[1.032s] -- Using all available rosidl_typesupport_c: rosidl_typesupport_fastrtps_c;rosidl_typesupport_introspection_c
[1.051s] -- Using all available rosidl_typesupport_cpp: rosidl_typesupport_fastrtps_cpp;rosidl_typesupport_introspection_cpp
[1.101s] -- Found rmw_implementation_cmake: 6.1.2 (/opt/ros/humble/share/rmw_implementation_cmake/cmake)
[1.105s] -- Found rmw_fastrtps_cpp: 6.2.7 (/opt/ros/humble/share/rmw_fastrtps_cpp/cmake)
[1.237s] -- Found OpenSSL: /usr/lib/x86_64-linux-gnu/libcrypto.so (found version "3.0.2")  
[1.273s] -- Found FastRTPS: /opt/ros/humble/include  
[1.330s] -- Using RMW implementation 'rmw_fastrtps_cpp' as default
[1.342s] -- Looking for pthread.h
[1.432s] -- Looking for pthread.h - found
[1.433s] -- Performing Test CMAKE_HAVE_LIBC_PTHREAD
[1.535s] -- Performing Test CMAKE_HAVE_LIBC_PTHREAD - Success
[1.537s] -- Found Threads: TRUE  
[1.613s] -- Found ur_robot_driver: 2.5.1 (/home/river2000/ur10_ws/install/ur_robot_driver/share/ur_robot_driver/cmake)
[1.872s] -- Found eigen3_cmake_module: 0.1.1 (/opt/ros/humble/share/eigen3_cmake_module/cmake)
[1.873s] -- Found Eigen3: TRUE (found version "3.4.0") 
[1.873s] -- Ensuring Eigen3 include directory is part of orocos-kdl CMake target
[2.023s] -- Found ament_cmake_gmock: 1.3.11 (/opt/ros/humble/share/ament_cmake_gmock/cmake)
[2.026s] -- Found gmock sources under '/opt/ros/humble/src/gmock_vendor': C++ tests using 'Google Mock' will be built
[2.033s] -- Found ament_cmake_gtest: 1.3.11 (/opt/ros/humble/share/ament_cmake_gtest/cmake)
[2.033s] -- Found gtest sources under '/opt/ros/humble/src/gtest_vendor': C++ tests using 'Google Test' will be built
[2.102s] -- Configuring done
[2.203s] -- Generating done
[2.213s] -- Build files have been written to: /home/river2000/ur10_ws/build/ur_calibration
[2.227s] Invoked command in '/home/river2000/ur10_ws/build/ur_calibration' returned '0': CMAKE_PREFIX_PATH=/home/river2000/ur10_ws/install/ur_robot_driver:/home/river2000/ur10_ws/install/ur_controllers:/home/river2000/ur10_ws/install/ur_description:/home/river2000/ur10_ws/install/ur_dashboard_msgs:/home/river2000/ur10_ws/install/ur:/home/river2000/ur10_ws/install/ur_calibration:/home/river2000/ur10_ws/install/ur_pick_and_place_moveit:/home/river2000/ur10_ws/install/ur_moveit_config:/home/river2000/ur10_ws/install/ur_bringup:/home/river2000/ur10_ws/install/ros2_ur_moveit_examples:/opt/ros/humble /usr/bin/cmake /home/river2000/ur10_ws/src/Universal_Robots_ROS2_Driver/ur_calibration -DCMAKE_BUILD_TYPE=Release -DAMENT_CMAKE_SYMLINK_INSTALL=1 -DCMAKE_INSTALL_PREFIX=/home/river2000/ur10_ws/install/ur_calibration
[2.229s] Invoking command in '/home/river2000/ur10_ws/build/ur_calibration': CMAKE_PREFIX_PATH=/home/river2000/ur10_ws/install/ur_robot_driver:/home/river2000/ur10_ws/install/ur_controllers:/home/river2000/ur10_ws/install/ur_description:/home/river2000/ur10_ws/install/ur_dashboard_msgs:/home/river2000/ur10_ws/install/ur:/home/river2000/ur10_ws/install/ur_calibration:/home/river2000/ur10_ws/install/ur_pick_and_place_moveit:/home/river2000/ur10_ws/install/ur_moveit_config:/home/river2000/ur10_ws/install/ur_bringup:/home/river2000/ur10_ws/install/ros2_ur_moveit_examples:/opt/ros/humble /usr/bin/cmake --build /home/river2000/ur10_ws/build/ur_calibration -- -j16 -l16
[2.316s] [ 25%] [32mBuilding CXX object CMakeFiles/calibration.dir/src/calibration.cpp.o[0m
[2.316s] [ 25%] [32mBuilding CXX object CMakeFiles/calibration.dir/src/calibration_consumer.cpp.o[0m
[2.316s] [ 25%] [32mBuilding CXX object gmock/CMakeFiles/gmock.dir/opt/ros/humble/src/gtest_vendor/src/gtest-all.cc.o[0m
[2.322s] [ 33%] [32mBuilding CXX object gmock/CMakeFiles/gmock.dir/src/gmock-all.cc.o[0m
[2.323s] [ 41%] [32mBuilding CXX object gmock/CMakeFiles/gmock_main.dir/src/gmock_main.cc.o[0m
[2.344s] [ 50%] [32m[1mLinking CXX static library libgmock_main.a[0m
[2.345s] [ 58%] [32m[1mLinking CXX static library libgmock.a[0m
[2.348s] [ 66%] [32m[1mLinking CXX static library libcalibration.a[0m
[2.383s] [ 66%] Built target gmock_main
[2.386s] [ 66%] Built target calibration
[2.399s] [ 66%] Built target gmock
[2.421s] [ 75%] [32mBuilding CXX object CMakeFiles/calibration_correction.dir/src/calibration_correction.cpp.o[0m
[2.426s] [ 83%] [32mBuilding CXX object CMakeFiles/calibration_test.dir/test/calibration_test.cpp.o[0m
[2.451s] [ 91%] [32m[1mLinking CXX executable calibration_correction[0m
[2.475s] [100%] [32m[1mLinking CXX executable calibration_test[0m
[2.714s] [100%] Built target calibration_correction
[2.721s] [100%] Built target calibration_test
[2.747s] Invoked command in '/home/river2000/ur10_ws/build/ur_calibration' returned '0': CMAKE_PREFIX_PATH=/home/river2000/ur10_ws/install/ur_robot_driver:/home/river2000/ur10_ws/install/ur_controllers:/home/river2000/ur10_ws/install/ur_description:/home/river2000/ur10_ws/install/ur_dashboard_msgs:/home/river2000/ur10_ws/install/ur:/home/river2000/ur10_ws/install/ur_calibration:/home/river2000/ur10_ws/install/ur_pick_and_place_moveit:/home/river2000/ur10_ws/install/ur_moveit_config:/home/river2000/ur10_ws/install/ur_bringup:/home/river2000/ur10_ws/install/ros2_ur_moveit_examples:/opt/ros/humble /usr/bin/cmake --build /home/river2000/ur10_ws/build/ur_calibration -- -j16 -l16
[2.750s] Invoking command in '/home/river2000/ur10_ws/build/ur_calibration': CMAKE_PREFIX_PATH=/home/river2000/ur10_ws/install/ur_robot_driver:/home/river2000/ur10_ws/install/ur_controllers:/home/river2000/ur10_ws/install/ur_description:/home/river2000/ur10_ws/install/ur_dashboard_msgs:/home/river2000/ur10_ws/install/ur:/home/river2000/ur10_ws/install/ur_calibration:/home/river2000/ur10_ws/install/ur_pick_and_place_moveit:/home/river2000/ur10_ws/install/ur_moveit_config:/home/river2000/ur10_ws/install/ur_bringup:/home/river2000/ur10_ws/install/ros2_ur_moveit_examples:/opt/ros/humble /usr/bin/cmake --install /home/river2000/ur10_ws/build/ur_calibration
[2.757s] -- Install configuration: "Release"
[2.757s] -- Execute custom install script
[2.758s] -- Symlinking: /home/river2000/ur10_ws/install/ur_calibration/lib/ur_calibration/calibration_correction
[2.778s] -- Symlinking: /home/river2000/ur10_ws/install/ur_calibration/include/ur_calibration/calibration.hpp
[2.787s] -- Symlinking: /home/river2000/ur10_ws/install/ur_calibration/include/ur_calibration/calibration_consumer.hpp
[2.797s] -- Symlinking: /home/river2000/ur10_ws/install/ur_calibration/share/ur_calibration/launch/calibration_correction.launch.py
[2.808s] -- Symlinking: /home/river2000/ur10_ws/install/ur_calibration/share/ament_index/resource_index/package_run_dependencies/ur_calibration
[2.828s] -- Symlinking: /home/river2000/ur10_ws/install/ur_calibration/share/ament_index/resource_index/parent_prefix_path/ur_calibration
[2.838s] -- Symlinking: /home/river2000/ur10_ws/install/ur_calibration/share/ur_calibration/environment/ament_prefix_path.sh
[2.852s] -- Symlinking: /home/river2000/ur10_ws/install/ur_calibration/share/ur_calibration/environment/ament_prefix_path.dsv
[2.871s] -- Symlinking: /home/river2000/ur10_ws/install/ur_calibration/share/ur_calibration/environment/path.sh
[2.883s] -- Symlinking: /home/river2000/ur10_ws/install/ur_calibration/share/ur_calibration/environment/path.dsv
[2.903s] -- Symlinking: /home/river2000/ur10_ws/install/ur_calibration/share/ur_calibration/local_setup.bash
[2.916s] -- Symlinking: /home/river2000/ur10_ws/install/ur_calibration/share/ur_calibration/local_setup.sh
[2.937s] -- Symlinking: /home/river2000/ur10_ws/install/ur_calibration/share/ur_calibration/local_setup.zsh
[2.959s] -- Symlinking: /home/river2000/ur10_ws/install/ur_calibration/share/ur_calibration/local_setup.dsv
[2.980s] -- Symlinking: /home/river2000/ur10_ws/install/ur_calibration/share/ur_calibration/package.dsv
[3.003s] -- Symlinking: /home/river2000/ur10_ws/install/ur_calibration/share/ament_index/resource_index/packages/ur_calibration
[3.022s] -- Symlinking: /home/river2000/ur10_ws/install/ur_calibration/share/ur_calibration/cmake/ament_cmake_export_include_directories-extras.cmake
[3.040s] -- Symlinking: /home/river2000/ur10_ws/install/ur_calibration/share/ur_calibration/cmake/ament_cmake_export_dependencies-extras.cmake
[3.049s] -- Symlinking: /home/river2000/ur10_ws/install/ur_calibration/share/ur_calibration/cmake/ur_calibrationConfig.cmake
[3.068s] -- Symlinking: /home/river2000/ur10_ws/install/ur_calibration/share/ur_calibration/cmake/ur_calibrationConfig-version.cmake
[3.079s] -- Symlinking: /home/river2000/ur10_ws/install/ur_calibration/share/ur_calibration/package.xml
[3.094s] Invoked command in '/home/river2000/ur10_ws/build/ur_calibration' returned '0': CMAKE_PREFIX_PATH=/home/river2000/ur10_ws/install/ur_robot_driver:/home/river2000/ur10_ws/install/ur_controllers:/home/river2000/ur10_ws/install/ur_description:/home/river2000/ur10_ws/install/ur_dashboard_msgs:/home/river2000/ur10_ws/install/ur:/home/river2000/ur10_ws/install/ur_calibration:/home/river2000/ur10_ws/install/ur_pick_and_place_moveit:/home/river2000/ur10_ws/install/ur_moveit_config:/home/river2000/ur10_ws/install/ur_bringup:/home/river2000/ur10_ws/install/ros2_ur_moveit_examples:/opt/ros/humble /usr/bin/cmake --install /home/river2000/ur10_ws/build/ur_calibration
