[0.028s] Invoking command in '/home/river2000/ur10_ws/build/ur_calibration': AMENT_PREFIX_PATH=/home/river2000/ur10_ws/install/ur_robot_driver:/home/river2000/ur10_ws/install/ur_controllers:/home/river2000/ur10_ws/install/ur_description:/home/river2000/ur10_ws/install/ur_dashboard_msgs:${AMENT_PREFIX_PATH} CMAKE_PREFIX_PATH=/home/river2000/ur10_ws/install/ur_robot_driver:/home/river2000/ur10_ws/install/ur_controllers:/home/river2000/ur10_ws/install/ur_description:/home/river2000/ur10_ws/install/ur_dashboard_msgs:/opt/ros/humble LD_LIBRARY_PATH=/home/river2000/ur10_ws/install/ur_robot_driver/lib:/home/river2000/ur10_ws/install/ur_controllers/lib:/home/river2000/ur10_ws/install/ur_dashboard_msgs/lib:${LD_LIBRARY_PATH} PATH=/home/river2000/ur10_ws/install/ur_robot_driver/bin:${PATH} PYTHONPATH=/home/river2000/ur10_ws/install/ur_robot_driver/local/lib/python3.10/dist-packages:/home/river2000/ur10_ws/install/ur_dashboard_msgs/local/lib/python3.10/dist-packages:${PYTHONPATH} /usr/bin/cmake --build /home/river2000/ur10_ws/build/ur_calibration -- -j16 -l16
[0.106s] [ 25%] Built target gmock
[0.110s] [ 50%] Built target calibration
[0.112s] [ 66%] Built target gmock_main
[0.145s] [ 83%] Built target calibration_correction
[0.150s] [100%] Built target calibration_test
[0.167s] Invoked command in '/home/river2000/ur10_ws/build/ur_calibration' returned '0': AMENT_PREFIX_PATH=/home/river2000/ur10_ws/install/ur_robot_driver:/home/river2000/ur10_ws/install/ur_controllers:/home/river2000/ur10_ws/install/ur_description:/home/river2000/ur10_ws/install/ur_dashboard_msgs:${AMENT_PREFIX_PATH} CMAKE_PREFIX_PATH=/home/river2000/ur10_ws/install/ur_robot_driver:/home/river2000/ur10_ws/install/ur_controllers:/home/river2000/ur10_ws/install/ur_description:/home/river2000/ur10_ws/install/ur_dashboard_msgs:/opt/ros/humble LD_LIBRARY_PATH=/home/river2000/ur10_ws/install/ur_robot_driver/lib:/home/river2000/ur10_ws/install/ur_controllers/lib:/home/river2000/ur10_ws/install/ur_dashboard_msgs/lib:${LD_LIBRARY_PATH} PATH=/home/river2000/ur10_ws/install/ur_robot_driver/bin:${PATH} PYTHONPATH=/home/river2000/ur10_ws/install/ur_robot_driver/local/lib/python3.10/dist-packages:/home/river2000/ur10_ws/install/ur_dashboard_msgs/local/lib/python3.10/dist-packages:${PYTHONPATH} /usr/bin/cmake --build /home/river2000/ur10_ws/build/ur_calibration -- -j16 -l16
[0.169s] Invoking command in '/home/river2000/ur10_ws/build/ur_calibration': AMENT_PREFIX_PATH=/home/river2000/ur10_ws/install/ur_robot_driver:/home/river2000/ur10_ws/install/ur_controllers:/home/river2000/ur10_ws/install/ur_description:/home/river2000/ur10_ws/install/ur_dashboard_msgs:${AMENT_PREFIX_PATH} CMAKE_PREFIX_PATH=/home/river2000/ur10_ws/install/ur_robot_driver:/home/river2000/ur10_ws/install/ur_controllers:/home/river2000/ur10_ws/install/ur_description:/home/river2000/ur10_ws/install/ur_dashboard_msgs:/opt/ros/humble LD_LIBRARY_PATH=/home/river2000/ur10_ws/install/ur_robot_driver/lib:/home/river2000/ur10_ws/install/ur_controllers/lib:/home/river2000/ur10_ws/install/ur_dashboard_msgs/lib:${LD_LIBRARY_PATH} PATH=/home/river2000/ur10_ws/install/ur_robot_driver/bin:${PATH} PYTHONPATH=/home/river2000/ur10_ws/install/ur_robot_driver/local/lib/python3.10/dist-packages:/home/river2000/ur10_ws/install/ur_dashboard_msgs/local/lib/python3.10/dist-packages:${PYTHONPATH} /usr/bin/cmake --install /home/river2000/ur10_ws/build/ur_calibration
[0.183s] -- Install configuration: "RelWithDebInfo"
[0.184s] -- Execute custom install script
[0.185s] -- Up-to-date symlink: /home/river2000/ur10_ws/install/ur_calibration/lib/ur_calibration/calibration_correction
[0.186s] -- Up-to-date symlink: /home/river2000/ur10_ws/install/ur_calibration/include/ur_calibration/calibration.hpp
[0.187s] -- Up-to-date symlink: /home/river2000/ur10_ws/install/ur_calibration/include/ur_calibration/calibration_consumer.hpp
[0.187s] -- Up-to-date symlink: /home/river2000/ur10_ws/install/ur_calibration/share/ur_calibration/launch/calibration_correction.launch.py
[0.188s] -- Up-to-date symlink: /home/river2000/ur10_ws/install/ur_calibration/share/ament_index/resource_index/package_run_dependencies/ur_calibration
[0.188s] -- Up-to-date symlink: /home/river2000/ur10_ws/install/ur_calibration/share/ament_index/resource_index/parent_prefix_path/ur_calibration
[0.188s] -- Up-to-date symlink: /home/river2000/ur10_ws/install/ur_calibration/share/ur_calibration/environment/ament_prefix_path.sh
[0.189s] -- Up-to-date symlink: /home/river2000/ur10_ws/install/ur_calibration/share/ur_calibration/environment/ament_prefix_path.dsv
[0.189s] -- Up-to-date symlink: /home/river2000/ur10_ws/install/ur_calibration/share/ur_calibration/environment/path.sh
[0.189s] -- Up-to-date symlink: /home/river2000/ur10_ws/install/ur_calibration/share/ur_calibration/environment/path.dsv
[0.189s] -- Up-to-date symlink: /home/river2000/ur10_ws/install/ur_calibration/share/ur_calibration/local_setup.bash
[0.189s] -- Up-to-date symlink: /home/river2000/ur10_ws/install/ur_calibration/share/ur_calibration/local_setup.sh
[0.189s] -- Up-to-date symlink: /home/river2000/ur10_ws/install/ur_calibration/share/ur_calibration/local_setup.zsh
[0.190s] -- Up-to-date symlink: /home/river2000/ur10_ws/install/ur_calibration/share/ur_calibration/local_setup.dsv
[0.190s] -- Symlinking: /home/river2000/ur10_ws/install/ur_calibration/share/ur_calibration/package.dsv
[0.201s] -- Up-to-date symlink: /home/river2000/ur10_ws/install/ur_calibration/share/ament_index/resource_index/packages/ur_calibration
[0.201s] -- Up-to-date symlink: /home/river2000/ur10_ws/install/ur_calibration/share/ur_calibration/cmake/ament_cmake_export_include_directories-extras.cmake
[0.201s] -- Up-to-date symlink: /home/river2000/ur10_ws/install/ur_calibration/share/ur_calibration/cmake/ament_cmake_export_dependencies-extras.cmake
[0.201s] -- Up-to-date symlink: /home/river2000/ur10_ws/install/ur_calibration/share/ur_calibration/cmake/ur_calibrationConfig.cmake
[0.201s] -- Up-to-date symlink: /home/river2000/ur10_ws/install/ur_calibration/share/ur_calibration/cmake/ur_calibrationConfig-version.cmake
[0.201s] -- Up-to-date symlink: /home/river2000/ur10_ws/install/ur_calibration/share/ur_calibration/package.xml
[0.205s] Invoked command in '/home/river2000/ur10_ws/build/ur_calibration' returned '0': AMENT_PREFIX_PATH=/home/river2000/ur10_ws/install/ur_robot_driver:/home/river2000/ur10_ws/install/ur_controllers:/home/river2000/ur10_ws/install/ur_description:/home/river2000/ur10_ws/install/ur_dashboard_msgs:${AMENT_PREFIX_PATH} CMAKE_PREFIX_PATH=/home/river2000/ur10_ws/install/ur_robot_driver:/home/river2000/ur10_ws/install/ur_controllers:/home/river2000/ur10_ws/install/ur_description:/home/river2000/ur10_ws/install/ur_dashboard_msgs:/opt/ros/humble LD_LIBRARY_PATH=/home/river2000/ur10_ws/install/ur_robot_driver/lib:/home/river2000/ur10_ws/install/ur_controllers/lib:/home/river2000/ur10_ws/install/ur_dashboard_msgs/lib:${LD_LIBRARY_PATH} PATH=/home/river2000/ur10_ws/install/ur_robot_driver/bin:${PATH} PYTHONPATH=/home/river2000/ur10_ws/install/ur_robot_driver/local/lib/python3.10/dist-packages:/home/river2000/ur10_ws/install/ur_dashboard_msgs/local/lib/python3.10/dist-packages:${PYTHONPATH} /usr/bin/cmake --install /home/river2000/ur10_ws/build/ur_calibration
