[0.027s] Invoking command in '/home/river2000/ur10_ws/build/ros2_ur_moveit_examples': CMAKE_PREFIX_PATH=${CMAKE_PREFIX_PATH}:/home/river2000/ur10_ws/src/ros2_control_demos/install/ros2_control_demo_testing:/home/river2000/ur10_ws/install/rqt_joint_trajectory_controller:/home/river2000/ur10_ws/install/rqt_controller_manager:/home/river2000/ur10_ws/install/ros2controlcli:/home/river2000/ur10_ws/install/ros2_controllers_test_nodes:/home/river2000/ur10_ws/install/ros2_control_demo_testing:/opt/ros/humble /usr/bin/cmake /home/river2000/ur10_ws/src/ROS2_ur_moveit_examples -DAMENT_CMAKE_SYMLINK_INSTALL=1 -DCMAKE_INSTALL_PREFIX=/home/river2000/ur10_ws/install/ros2_ur_moveit_examples
[0.159s] -- The C compiler identification is GNU 12.3.0
[0.281s] -- The CXX compiler identification is GNU 11.4.0
[0.303s] -- Detecting C compiler ABI info
[0.447s] -- Detecting C compiler ABI info - done
[0.457s] -- Check for working C compiler: /usr/lib/ccache/cc - skipped
[0.458s] -- Detecting C compile features
[0.458s] -- Detecting C compile features - done
[0.463s] -- Detecting CXX compiler ABI info
[0.636s] -- Detecting CXX compiler ABI info - done
[0.652s] -- Check for working CXX compiler: /usr/lib/ccache/g++ - skipped
[0.653s] -- Detecting CXX compile features
[0.654s] -- Detecting CXX compile features - done
[1.041s] -- Found Boost: /usr/lib/x86_64-linux-gnu/cmake/Boost-1.74.0/BoostConfig.cmake (found version "1.74.0") found components: system filesystem date_time thread 
[1.046s] -- Found ament_cmake: 1.3.11 (/opt/ros/humble/share/ament_cmake/cmake)
[1.679s] -- Found Python3: /usr/bin/python3 (found version "3.10.12") found components: Interpreter 
[1.776s] -- Override CMake install command with custom implementation using symlinks instead of copying resources
[1.860s] -- Found control_msgs: 4.7.0 (/opt/ros/humble/share/control_msgs/cmake)
[1.926s] -- Found rosidl_generator_c: 3.1.6 (/opt/ros/humble/share/rosidl_generator_c/cmake)
[1.934s] -- Found rosidl_adapter: 3.1.6 (/opt/ros/humble/share/rosidl_adapter/cmake)
[1.948s] -- Found rosidl_generator_cpp: 3.1.6 (/opt/ros/humble/share/rosidl_generator_cpp/cmake)
[1.972s] -- Using all available rosidl_typesupport_c: rosidl_typesupport_fastrtps_c;rosidl_typesupport_introspection_c
[2.003s] -- Using all available rosidl_typesupport_cpp: rosidl_typesupport_fastrtps_cpp;rosidl_typesupport_introspection_cpp
[2.190s] -- Found moveit_common: 2.5.6 (/opt/ros/humble/share/moveit_common/cmake)
[2.193s] -- Found moveit_core: 2.5.6 (/opt/ros/humble/share/moveit_core/cmake)
[2.224s] -- Found Boost: /usr/lib/x86_64-linux-gnu/cmake/Boost-1.74.0/BoostConfig.cmake (found version "1.74.0") found components: chrono date_time filesystem iostreams program_options regex serialization system thread 
[2.316s] -- Found parameter_traits: 0.3.9 (/opt/ros/humble/share/parameter_traits/cmake)
[2.383s] -- Found rmw_implementation_cmake: 6.1.2 (/opt/ros/humble/share/rmw_implementation_cmake/cmake)
[2.393s] -- Found rmw_fastrtps_cpp: 6.2.7 (/opt/ros/humble/share/rmw_fastrtps_cpp/cmake)
[2.697s] -- Found OpenSSL: /usr/lib/x86_64-linux-gnu/libcrypto.so (found version "3.0.2")  
[2.764s] -- Found FastRTPS: /opt/ros/humble/include  
[2.867s] -- Using RMW implementation 'rmw_fastrtps_cpp' as default
[2.884s] -- Found Threads: TRUE  
[2.954s] -- Found Eigen3: TRUE (found version "3.4.0") 
[2.959s] -- Found rclcpp_lifecycle: 16.0.11 (/opt/ros/humble/share/rclcpp_lifecycle/cmake)
[2.997s] -- Found Boost: /usr/lib/x86_64-linux-gnu/cmake/Boost-1.74.0/BoostConfig.cmake (found version "1.74.0") found components: filesystem 
[3.347s] -- library: /usr/lib/x86_64-linux-gnu/libcurl.so
[3.428s] -- Ensuring Eigen3 include directory is part of orocos-kdl CMake target
[3.740s] -- Found moveit_ros_planning: 2.5.6 (/opt/ros/humble/share/moveit_ros_planning/cmake)
[3.747s] -- Found Boost: /usr/lib/x86_64-linux-gnu/cmake/Boost-1.74.0/BoostConfig.cmake (found version "1.74.0") found components: system filesystem date_time program_options thread chrono 
[3.784s] -- Found moveit_ros_planning_interface: 2.5.6 (/opt/ros/humble/share/moveit_ros_planning_interface/cmake)
[3.791s] -- Found Boost: /usr/lib/x86_64-linux-gnu/cmake/Boost-1.74.0/BoostConfig.cmake (found version "1.74.0") found components: date_time filesystem program_options system thread 
[3.813s] -- Found Boost: /usr/lib/x86_64-linux-gnu/cmake/Boost-1.74.0/BoostConfig.cmake (found version "1.74.0") found components: thread system filesystem regex date_time program_options 
[3.847s] -- Found Boost: /usr/lib/x86_64-linux-gnu/cmake/Boost-1.74.0/BoostConfig.cmake (found version "1.74.0") found components: system filesystem date_time program_options thread 
[3.890s] -- Found moveit_servo: 2.5.6 (/opt/ros/humble/share/moveit_servo/cmake)
[3.943s] -- Found interactive_markers: 2.3.2 (/opt/ros/humble/share/interactive_markers/cmake)
[3.950s] -- Found rviz_visual_tools: 4.1.4 (/opt/ros/humble/share/rviz_visual_tools/cmake)
[3.993s] -- Setting assimp_DIR to: '/opt/ros/humble/share/rviz_assimp_vendor/cmake/../../../opt/rviz_assimp_vendor/lib/cmake/assimp-4.1'
[4.008s] -- Setting OGRE_DIR to: '/opt/ros/humble/share/rviz_ogre_vendor/cmake/../../../opt/rviz_ogre_vendor/lib/OGRE/cmake'
[4.010s] -- Found OGRE
[4.011s] --   static     : OFF
[4.011s] --   components : HLMS;MeshLodGenerator;Overlay;Paging;Property;RTShaderSystem;Terrain;Volume
[4.011s] --   plugins    : Plugin_BSPSceneManager;Plugin_OctreeSceneManager;Plugin_PCZSceneManager;Plugin_ParticleFX;RenderSystem_GL;RenderSystem_GL3Plus;Codec_STBI
[4.011s] --   media      : /opt/ros/humble/opt/rviz_ogre_vendor/share/OGRE/Media
[4.011s] -- OGRE_LIBRARIES: OgreHLMS;OgreMeshLodGenerator;OgreOverlay;OgrePaging;OgreProperty;OgreRTShaderSystem;OgreTerrain;OgreVolume;OgreMain
[4.012s] -- OGRE_LIBRARY_DIRS: /opt/ros/humble/opt/rviz_ogre_vendor/lib
[4.012s] -- OGRE_PLUGINS: Plugin_BSPSceneManager;Plugin_OctreeSceneManager;Plugin_PCZSceneManager;Plugin_ParticleFX;RenderSystem_GL;RenderSystem_GL3Plus;Codec_STBI
[4.012s] -- OGRE_PLUGIN_DIR: /opt/ros/humble/opt/rviz_ogre_vendor/lib/OGRE
[4.012s] -- rviz_ogre_vendor::OgreOverlay for IMPORTED_LOCATION_RELEASE: /opt/ros/humble/opt/rviz_ogre_vendor/lib/libOgreOverlay.so
[4.012s] -- rviz_ogre_vendor::OgreOverlay for IMPORTED_LOCATION_DEBUG: /opt/ros/humble/opt/rviz_ogre_vendor/lib/libOgreOverlay.so
[4.013s] -- rviz_ogre_vendor::OgreMain for IMPORTED_LOCATION_RELEASE: /opt/ros/humble/opt/rviz_ogre_vendor/lib/libOgreMain.so
[4.013s] -- rviz_ogre_vendor::OgreMain for IMPORTED_LOCATION_DEBUG: /opt/ros/humble/opt/rviz_ogre_vendor/lib/libOgreMain.so
[4.069s] -- Found ZLIB: /usr/lib/x86_64-linux-gnu/libz.so (found version "1.2.11") 
[4.088s] -- Found OpenGL: /usr/lib/x86_64-linux-gnu/libOpenGL.so   
[4.441s] -- Found X11: /usr/include   
[4.441s] -- Looking for XOpenDisplay in /usr/lib/x86_64-linux-gnu/libX11.so;/usr/lib/x86_64-linux-gnu/libXext.so
[4.593s] -- Looking for XOpenDisplay in /usr/lib/x86_64-linux-gnu/libX11.so;/usr/lib/x86_64-linux-gnu/libXext.so - found
[4.593s] -- Looking for gethostbyname
[4.740s] -- Looking for gethostbyname - found
[4.740s] -- Looking for connect
[4.906s] -- Looking for connect - found
[4.906s] -- Looking for remove
[5.067s] -- Looking for remove - found
[5.067s] -- Looking for shmat
[5.227s] -- Looking for shmat - found
[5.228s] -- Looking for IceConnectionNumber in ICE
[5.375s] -- Looking for IceConnectionNumber in ICE - found
[5.504s] -- Found moveit_visual_tools: 4.1.1 (/opt/ros/humble/share/moveit_visual_tools/cmake)
[5.739s] -- Found ament_lint_auto: 0.12.11 (/opt/ros/humble/share/ament_lint_auto/cmake)
[5.888s] -- Added test 'cppcheck' to perform static code analysis on C / C++ code
[5.890s] -- Configured cppcheck include dirs: /home/river2000/ur10_ws/src/ROS2_ur_moveit_examples/include
[5.890s] -- Configured cppcheck exclude dirs and/or files: 
[5.894s] -- Added test 'flake8' to check Python code syntax and style conventions
[5.899s] -- Added test 'lint_cmake' to check CMake code style
[5.902s] -- Added test 'pep257' to check Python code against some of the docstring style conventions in PEP 257
[5.911s] -- Added test 'uncrustify' to check C / C++ code style
[5.911s] -- Configured uncrustify additional arguments: 
[5.915s] -- Added test 'xmllint' to check XML markup files
[5.922s] -- Configuring done
[6.203s] -- Generating done
[6.295s] -- Build files have been written to: /home/river2000/ur10_ws/build/ros2_ur_moveit_examples
[6.350s] Invoked command in '/home/river2000/ur10_ws/build/ros2_ur_moveit_examples' returned '0': CMAKE_PREFIX_PATH=${CMAKE_PREFIX_PATH}:/home/river2000/ur10_ws/src/ros2_control_demos/install/ros2_control_demo_testing:/home/river2000/ur10_ws/install/rqt_joint_trajectory_controller:/home/river2000/ur10_ws/install/rqt_controller_manager:/home/river2000/ur10_ws/install/ros2controlcli:/home/river2000/ur10_ws/install/ros2_controllers_test_nodes:/home/river2000/ur10_ws/install/ros2_control_demo_testing:/opt/ros/humble /usr/bin/cmake /home/river2000/ur10_ws/src/ROS2_ur_moveit_examples -DAMENT_CMAKE_SYMLINK_INSTALL=1 -DCMAKE_INSTALL_PREFIX=/home/river2000/ur10_ws/install/ros2_ur_moveit_examples
[6.352s] Invoking command in '/home/river2000/ur10_ws/build/ros2_ur_moveit_examples': CMAKE_PREFIX_PATH=${CMAKE_PREFIX_PATH}:/home/river2000/ur10_ws/src/ros2_control_demos/install/ros2_control_demo_testing:/home/river2000/ur10_ws/install/rqt_joint_trajectory_controller:/home/river2000/ur10_ws/install/rqt_controller_manager:/home/river2000/ur10_ws/install/ros2controlcli:/home/river2000/ur10_ws/install/ros2_controllers_test_nodes:/home/river2000/ur10_ws/install/ros2_control_demo_testing:/opt/ros/humble /usr/bin/cmake --build /home/river2000/ur10_ws/build/ros2_ur_moveit_examples -- -j16 -l16
[6.479s] [ 10%] [32mBuilding CXX object CMakeFiles/check_collisions.dir/src/check_collisions.cpp.o[0m
[6.484s] [ 20%] [32mBuilding CXX object CMakeFiles/planning_scene.dir/src/planning_scene.cpp.o[0m
[6.484s] [ 30%] [32mBuilding CXX object CMakeFiles/hello_moveit.dir/src/hello_moveit.cpp.o[0m
[6.485s] [ 40%] [32mBuilding CXX object CMakeFiles/planning_scene_service.dir/src/planning_scene_service.cpp.o[0m
[6.487s] [ 50%] [32mBuilding CXX object CMakeFiles/kinematics.dir/src/kinematics.cpp.o[0m
[6.559s] [ 60%] [32m[1mLinking CXX executable check_collisions[0m
[6.582s] [ 70%] [32m[1mLinking CXX executable kinematics[0m
[6.587s] [ 80%] [32m[1mLinking CXX executable planning_scene[0m
[6.603s] [ 90%] [32m[1mLinking CXX executable planning_scene_service[0m
[7.506s] [ 90%] Built target check_collisions
[7.834s] [ 90%] Built target kinematics
[8.136s] [ 90%] Built target planning_scene_service
[8.261s] [ 90%] Built target planning_scene
[16.378s] [100%] [32m[1mLinking CXX executable hello_moveit[0m
[16.845s] [100%] Built target hello_moveit
[16.870s] Invoked command in '/home/river2000/ur10_ws/build/ros2_ur_moveit_examples' returned '0': CMAKE_PREFIX_PATH=${CMAKE_PREFIX_PATH}:/home/river2000/ur10_ws/src/ros2_control_demos/install/ros2_control_demo_testing:/home/river2000/ur10_ws/install/rqt_joint_trajectory_controller:/home/river2000/ur10_ws/install/rqt_controller_manager:/home/river2000/ur10_ws/install/ros2controlcli:/home/river2000/ur10_ws/install/ros2_controllers_test_nodes:/home/river2000/ur10_ws/install/ros2_control_demo_testing:/opt/ros/humble /usr/bin/cmake --build /home/river2000/ur10_ws/build/ros2_ur_moveit_examples -- -j16 -l16
[16.874s] Invoking command in '/home/river2000/ur10_ws/build/ros2_ur_moveit_examples': CMAKE_PREFIX_PATH=${CMAKE_PREFIX_PATH}:/home/river2000/ur10_ws/src/ros2_control_demos/install/ros2_control_demo_testing:/home/river2000/ur10_ws/install/rqt_joint_trajectory_controller:/home/river2000/ur10_ws/install/rqt_controller_manager:/home/river2000/ur10_ws/install/ros2controlcli:/home/river2000/ur10_ws/install/ros2_controllers_test_nodes:/home/river2000/ur10_ws/install/ros2_control_demo_testing:/opt/ros/humble /usr/bin/cmake --install /home/river2000/ur10_ws/build/ros2_ur_moveit_examples
[16.892s] -- Install configuration: ""
[16.893s] -- Execute custom install script
[16.894s] -- Symlinking: /home/river2000/ur10_ws/install/ros2_ur_moveit_examples/share/ros2_ur_moveit_examples/launch/check_collisions.launch.py
[16.908s] -- Symlinking: /home/river2000/ur10_ws/install/ros2_ur_moveit_examples/share/ros2_ur_moveit_examples/launch/hello_moveit.launch.py
[16.919s] -- Symlinking: /home/river2000/ur10_ws/install/ros2_ur_moveit_examples/share/ros2_ur_moveit_examples/launch/kinematics.launch.py
[16.932s] -- Symlinking: /home/river2000/ur10_ws/install/ros2_ur_moveit_examples/share/ros2_ur_moveit_examples/launch/planning_scene.launch.py
[16.944s] -- Symlinking: /home/river2000/ur10_ws/install/ros2_ur_moveit_examples/share/ros2_ur_moveit_examples/launch/planning_scene_service.launch.py
[16.958s] -- Symlinking: /home/river2000/ur10_ws/install/ros2_ur_moveit_examples/lib/ros2_ur_moveit_examples/hello_moveit
[16.980s] -- Symlinking: /home/river2000/ur10_ws/install/ros2_ur_moveit_examples/lib/ros2_ur_moveit_examples/kinematics
[16.993s] -- Symlinking: /home/river2000/ur10_ws/install/ros2_ur_moveit_examples/lib/ros2_ur_moveit_examples/check_collisions
[17.005s] -- Symlinking: /home/river2000/ur10_ws/install/ros2_ur_moveit_examples/lib/ros2_ur_moveit_examples/planning_scene
[17.017s] -- Symlinking: /home/river2000/ur10_ws/install/ros2_ur_moveit_examples/lib/ros2_ur_moveit_examples/planning_scene_service
[17.029s] -- Symlinking: /home/river2000/ur10_ws/install/ros2_ur_moveit_examples/share/ament_index/resource_index/package_run_dependencies/ros2_ur_moveit_examples
[17.042s] -- Symlinking: /home/river2000/ur10_ws/install/ros2_ur_moveit_examples/share/ament_index/resource_index/parent_prefix_path/ros2_ur_moveit_examples
[17.054s] -- Symlinking: /home/river2000/ur10_ws/install/ros2_ur_moveit_examples/share/ros2_ur_moveit_examples/environment/ament_prefix_path.sh
[17.067s] -- Symlinking: /home/river2000/ur10_ws/install/ros2_ur_moveit_examples/share/ros2_ur_moveit_examples/environment/ament_prefix_path.dsv
[17.079s] -- Symlinking: /home/river2000/ur10_ws/install/ros2_ur_moveit_examples/share/ros2_ur_moveit_examples/environment/path.sh
[17.091s] -- Symlinking: /home/river2000/ur10_ws/install/ros2_ur_moveit_examples/share/ros2_ur_moveit_examples/environment/path.dsv
[17.103s] -- Symlinking: /home/river2000/ur10_ws/install/ros2_ur_moveit_examples/share/ros2_ur_moveit_examples/local_setup.bash
[17.115s] -- Symlinking: /home/river2000/ur10_ws/install/ros2_ur_moveit_examples/share/ros2_ur_moveit_examples/local_setup.sh
[17.126s] -- Symlinking: /home/river2000/ur10_ws/install/ros2_ur_moveit_examples/share/ros2_ur_moveit_examples/local_setup.zsh
[17.138s] -- Symlinking: /home/river2000/ur10_ws/install/ros2_ur_moveit_examples/share/ros2_ur_moveit_examples/local_setup.dsv
[17.161s] -- Symlinking: /home/river2000/ur10_ws/install/ros2_ur_moveit_examples/share/ros2_ur_moveit_examples/package.dsv
[17.183s] -- Symlinking: /home/river2000/ur10_ws/install/ros2_ur_moveit_examples/share/ament_index/resource_index/packages/ros2_ur_moveit_examples
[17.197s] -- Symlinking: /home/river2000/ur10_ws/install/ros2_ur_moveit_examples/share/ros2_ur_moveit_examples/cmake/ros2_ur_moveit_examplesConfig.cmake
[17.209s] -- Symlinking: /home/river2000/ur10_ws/install/ros2_ur_moveit_examples/share/ros2_ur_moveit_examples/cmake/ros2_ur_moveit_examplesConfig-version.cmake
[17.221s] -- Symlinking: /home/river2000/ur10_ws/install/ros2_ur_moveit_examples/share/ros2_ur_moveit_examples/package.xml
[17.244s] Invoked command in '/home/river2000/ur10_ws/build/ros2_ur_moveit_examples' returned '0': CMAKE_PREFIX_PATH=${CMAKE_PREFIX_PATH}:/home/river2000/ur10_ws/src/ros2_control_demos/install/ros2_control_demo_testing:/home/river2000/ur10_ws/install/rqt_joint_trajectory_controller:/home/river2000/ur10_ws/install/rqt_controller_manager:/home/river2000/ur10_ws/install/ros2controlcli:/home/river2000/ur10_ws/install/ros2_controllers_test_nodes:/home/river2000/ur10_ws/install/ros2_control_demo_testing:/opt/ros/humble /usr/bin/cmake --install /home/river2000/ur10_ws/build/ros2_ur_moveit_examples
