[0.032s] Invoking command in '/home/river2000/ur10_ws/build/ur_pick_and_place_moveit': CMAKE_PREFIX_PATH=${CMAKE_PREFIX_PATH}:/opt/ros/humble /usr/bin/cmake /home/river2000/ur10_ws/src/ur_pick_and_place_moveit -DCMAKE_BUILD_TYPE=Release -DAMENT_CMAKE_SYMLINK_INSTALL=1 -DCMAKE_INSTALL_PREFIX=/home/river2000/ur10_ws/install/ur_pick_and_place_moveit
[0.138s] -- The C compiler identification is GNU 12.3.0
[0.247s] -- The CXX compiler identification is GNU 11.4.0
[0.273s] -- Detecting C compiler ABI info
[0.384s] -- Detecting C compiler ABI info - done
[0.395s] -- Check for working C compiler: /usr/lib/ccache/cc - skipped
[0.395s] -- Detecting C compile features
[0.395s] -- Detecting C compile features - done
[0.400s] -- Detecting CXX compiler ABI info
[0.523s] -- Detecting CXX compiler ABI info - done
[0.534s] -- Check for working CXX compiler: /usr/lib/ccache/g++ - skipped
[0.535s] -- Detecting CXX compile features
[0.535s] -- Detecting CXX compile features - done
[0.540s] -- Found ament_cmake: 1.3.11 (/opt/ros/humble/share/ament_cmake/cmake)
[1.213s] -- Found Python3: /usr/bin/python3 (found version "3.10.12") found components: Interpreter 
[1.321s] -- Override CMake install command with custom implementation using symlinks instead of copying resources
[1.393s] -- Found moveit_ros_planning_interface: 2.5.6 (/opt/ros/humble/share/moveit_ros_planning_interface/cmake)
[1.661s] -- Found Boost: /usr/lib/x86_64-linux-gnu/cmake/Boost-1.74.0/BoostConfig.cmake (found version "1.74.0") found components: date_time filesystem program_options system thread 
[1.728s] -- Found rosidl_generator_c: 3.1.6 (/opt/ros/humble/share/rosidl_generator_c/cmake)
[1.737s] -- Found rosidl_adapter: 3.1.6 (/opt/ros/humble/share/rosidl_adapter/cmake)
[1.750s] -- Found rosidl_generator_cpp: 3.1.6 (/opt/ros/humble/share/rosidl_generator_cpp/cmake)
[1.770s] -- Using all available rosidl_typesupport_c: rosidl_typesupport_fastrtps_c;rosidl_typesupport_introspection_c
[1.796s] -- Using all available rosidl_typesupport_cpp: rosidl_typesupport_fastrtps_cpp;rosidl_typesupport_introspection_cpp
[2.098s] -- Found Boost: /usr/lib/x86_64-linux-gnu/cmake/Boost-1.74.0/BoostConfig.cmake (found version "1.74.0") found components: chrono date_time filesystem iostreams program_options regex serialization system thread 
[2.183s] -- Found parameter_traits: 0.3.9 (/opt/ros/humble/share/parameter_traits/cmake)
[2.245s] -- Found rmw_implementation_cmake: 6.1.2 (/opt/ros/humble/share/rmw_implementation_cmake/cmake)
[2.250s] -- Found rmw_fastrtps_cpp: 6.2.7 (/opt/ros/humble/share/rmw_fastrtps_cpp/cmake)
[2.415s] -- Found OpenSSL: /usr/lib/x86_64-linux-gnu/libcrypto.so (found version "3.0.2")  
[2.461s] -- Found FastRTPS: /opt/ros/humble/include  
[2.542s] -- Using RMW implementation 'rmw_fastrtps_cpp' as default
[2.557s] -- Found Threads: TRUE  
[2.624s] -- Found Eigen3: TRUE (found version "3.4.0") 
[2.628s] -- Found rclcpp_lifecycle: 16.0.11 (/opt/ros/humble/share/rclcpp_lifecycle/cmake)
[2.665s] -- Found Boost: /usr/lib/x86_64-linux-gnu/cmake/Boost-1.74.0/BoostConfig.cmake (found version "1.74.0") found components: filesystem 
[2.857s] -- library: /usr/lib/x86_64-linux-gnu/libcurl.so
[2.908s] -- Ensuring Eigen3 include directory is part of orocos-kdl CMake target
[3.120s] -- Found Boost: /usr/lib/x86_64-linux-gnu/cmake/Boost-1.74.0/BoostConfig.cmake (found version "1.74.0") found components: system filesystem date_time program_options thread chrono 
[3.166s] -- Found Boost: /usr/lib/x86_64-linux-gnu/cmake/Boost-1.74.0/BoostConfig.cmake (found version "1.74.0") found components: thread system filesystem regex date_time program_options 
[3.199s] -- Found Boost: /usr/lib/x86_64-linux-gnu/cmake/Boost-1.74.0/BoostConfig.cmake (found version "1.74.0") found components: system filesystem date_time program_options thread 
[3.244s] -- Found ament_lint_auto: 0.12.11 (/opt/ros/humble/share/ament_lint_auto/cmake)
[3.381s] -- Added test 'cppcheck' to perform static code analysis on C / C++ code
[3.381s] -- Configured cppcheck include dirs: $<BUILD_INTERFACE:/home/river2000/ur10_ws/src/ur_pick_and_place_moveit/include>
[3.381s] -- Configured cppcheck exclude dirs and/or files: 
[3.383s] -- Added test 'flake8' to check Python code syntax and style conventions
[3.388s] -- Added test 'lint_cmake' to check CMake code style
[3.390s] -- Added test 'pep257' to check Python code against some of the docstring style conventions in PEP 257
[3.405s] -- Added test 'uncrustify' to check C / C++ code style
[3.406s] -- Configured uncrustify additional arguments: 
[3.408s] -- Added test 'xmllint' to check XML markup files
[3.410s] -- Configuring done
[3.452s] -- Generating done
[3.463s] -- Build files have been written to: /home/river2000/ur10_ws/build/ur_pick_and_place_moveit
[3.485s] Invoked command in '/home/river2000/ur10_ws/build/ur_pick_and_place_moveit' returned '0': CMAKE_PREFIX_PATH=${CMAKE_PREFIX_PATH}:/opt/ros/humble /usr/bin/cmake /home/river2000/ur10_ws/src/ur_pick_and_place_moveit -DCMAKE_BUILD_TYPE=Release -DAMENT_CMAKE_SYMLINK_INSTALL=1 -DCMAKE_INSTALL_PREFIX=/home/river2000/ur10_ws/install/ur_pick_and_place_moveit
[3.489s] Invoking command in '/home/river2000/ur10_ws/build/ur_pick_and_place_moveit': CMAKE_PREFIX_PATH=${CMAKE_PREFIX_PATH}:/opt/ros/humble /usr/bin/cmake --build /home/river2000/ur10_ws/build/ur_pick_and_place_moveit -- -j16 -l16
[3.588s] [ 50%] [32mBuilding CXX object CMakeFiles/ur_pick_and_place_moveit.dir/src/ur_pick_and_place_moveit.cpp.o[0m
[3.624s] In file included from [01m[K/home/river2000/ur10_ws/src/ur_pick_and_place_moveit/src/ur_pick_and_place_moveit.cpp:6[m[K:
[3.624s] [01m[K/opt/ros/humble/include/tf2_geometry_msgs/tf2_geometry_msgs/tf2_geometry_msgs.h:35:2:[m[K [01;35m[Kwarning: [m[K#warning This header is obsolete, please include tf2_geometry_msgs/tf2_geometry_msgs.hpp instead [[01;35m[K-Wcpp[m[K]
[3.624s]    35 | #[01;35m[Kwarning[m[K This header is obsolete, please include tf2_geometry_msgs/tf2_geometry_msgs.hpp instead
[3.625s]       |  [01;35m[K^~~~~~~[m[K
[3.625s] [01m[K/home/river2000/ur10_ws/src/ur_pick_and_place_moveit/src/ur_pick_and_place_moveit.cpp:[m[K In function ‘[01m[Kint main(int, char**)[m[K’:
[3.625s] [01m[K/home/river2000/ur10_ws/src/ur_pick_and_place_moveit/src/ur_pick_and_place_moveit.cpp:80:101:[m[K [01;35m[Kwarning: [m[K‘[01m[Kusing MoveItErrorCode = class moveit::core::MoveItErrorCode[m[K’ is deprecated: Use moveit::core::MoveItErrorCode [[01;35m[K-Wdeprecated-declarations[m[K]
[3.625s]    80 |   bool success = (move_group_arm.plan(my_plan_arm1) == moveit::planning_interface::MoveItErrorCode::[01;35m[KSUCCESS[m[K);
[3.625s]       |                                                                                                     [01;35m[K^~~~~~~[m[K
[3.625s] In file included from [01m[K/home/river2000/ur10_ws/src/ur_pick_and_place_moveit/src/ur_pick_and_place_moveit.cpp:3[m[K:
[3.626s] [01m[K/opt/ros/humble/include/moveit/move_group_interface/move_group_interface.h:71:7:[m[K [01;36m[Knote: [m[Kdeclared here
[3.626s]    71 | using [01;36m[KMoveItErrorCode[m[K [[deprecated("Use moveit::core::MoveItErrorCode")]] = moveit::core::MoveItErrorCode;
[3.626s]       |       [01;36m[K^~~~~~~~~~~~~~~[m[K
[3.626s] [01m[K/home/river2000/ur10_ws/src/ur_pick_and_place_moveit/src/ur_pick_and_place_moveit.cpp:110:96:[m[K [01;35m[Kwarning: [m[K‘[01m[Kusing MoveItErrorCode = class moveit::core::MoveItErrorCode[m[K’ is deprecated: Use moveit::core::MoveItErrorCode [[01;35m[K-Wdeprecated-declarations[m[K]
[3.626s]   110 |   success = (move_group_arm.plan(my_plan_arm1) == moveit::planning_interface::MoveItErrorCode::[01;35m[KSUCCESS[m[K);
[3.626s]       |                                                                                                [01;35m[K^~~~~~~[m[K
[3.627s] In file included from [01m[K/home/river2000/ur10_ws/src/ur_pick_and_place_moveit/src/ur_pick_and_place_moveit.cpp:3[m[K:
[3.627s] [01m[K/opt/ros/humble/include/moveit/move_group_interface/move_group_interface.h:71:7:[m[K [01;36m[Knote: [m[Kdeclared here
[3.627s]    71 | using [01;36m[KMoveItErrorCode[m[K [[deprecated("Use moveit::core::MoveItErrorCode")]] = moveit::core::MoveItErrorCode;
[3.627s]       |       [01;36m[K^~~~~~~~~~~~~~~[m[K
[3.627s] [01m[K/home/river2000/ur10_ws/src/ur_pick_and_place_moveit/src/ur_pick_and_place_moveit.cpp:238:96:[m[K [01;35m[Kwarning: [m[K‘[01m[Kusing MoveItErrorCode = class moveit::core::MoveItErrorCode[m[K’ is deprecated: Use moveit::core::MoveItErrorCode [[01;35m[K-Wdeprecated-declarations[m[K]
[3.627s]   238 |   success = (move_group_arm.plan(my_plan_arm2) == moveit::planning_interface::MoveItErrorCode::[01;35m[KSUCCESS[m[K);
[3.628s]       |                                                                                                [01;35m[K^~~~~~~[m[K
[3.628s] In file included from [01m[K/home/river2000/ur10_ws/src/ur_pick_and_place_moveit/src/ur_pick_and_place_moveit.cpp:3[m[K:
[3.628s] [01m[K/opt/ros/humble/include/moveit/move_group_interface/move_group_interface.h:71:7:[m[K [01;36m[Knote: [m[Kdeclared here
[3.628s]    71 | using [01;36m[KMoveItErrorCode[m[K [[deprecated("Use moveit::core::MoveItErrorCode")]] = moveit::core::MoveItErrorCode;
[3.629s]       |       [01;36m[K^~~~~~~~~~~~~~~[m[K
[3.629s] [01m[K/home/river2000/ur10_ws/src/ur_pick_and_place_moveit/src/ur_pick_and_place_moveit.cpp:80:8:[m[K [01;35m[Kwarning: [m[Kvariable ‘[01m[Ksuccess[m[K’ set but not used [[01;35m[K-Wunused-but-set-variable[m[K]
[3.629s]    80 |   bool [01;35m[Ksuccess[m[K = (move_group_arm.plan(my_plan_arm1) == moveit::planning_interface::MoveItErrorCode::SUCCESS);
[3.629s]       |        [01;35m[K^~~~~~~[m[K
[3.630s] [01m[K/home/river2000/ur10_ws/src/ur_pick_and_place_moveit/src/ur_pick_and_place_moveit.cpp:130:10:[m[K [01;35m[Kwarning: [m[Kvariable ‘[01m[Kfraction[m[K’ set but not used [[01;35m[K-Wunused-but-set-variable[m[K]
[3.630s]   130 |   double [01;35m[Kfraction[m[K = move_group_arm.computeCartesianPath(
[3.630s]       |          [01;35m[K^~~~~~~~[m[K
[3.638s] [100%] [32m[1mLinking CXX executable ur_pick_and_place_moveit[0m
[4.067s] [100%] Built target ur_pick_and_place_moveit
[4.085s] Invoked command in '/home/river2000/ur10_ws/build/ur_pick_and_place_moveit' returned '0': CMAKE_PREFIX_PATH=${CMAKE_PREFIX_PATH}:/opt/ros/humble /usr/bin/cmake --build /home/river2000/ur10_ws/build/ur_pick_and_place_moveit -- -j16 -l16
[4.087s] Invoking command in '/home/river2000/ur10_ws/build/ur_pick_and_place_moveit': CMAKE_PREFIX_PATH=${CMAKE_PREFIX_PATH}:/opt/ros/humble /usr/bin/cmake --install /home/river2000/ur10_ws/build/ur_pick_and_place_moveit
[4.099s] -- Install configuration: "Release"
[4.100s] -- Execute custom install script
[4.101s] -- Symlinking: /home/river2000/ur10_ws/install/ur_pick_and_place_moveit/lib/ur_pick_and_place_moveit/ur_pick_and_place_moveit
[4.116s] -- Symlinking: /home/river2000/ur10_ws/install/ur_pick_and_place_moveit/share/ur_pick_and_place_moveit//launch/pick_and_place_moveit_launch.py
[4.129s] -- Symlinking: /home/river2000/ur10_ws/install/ur_pick_and_place_moveit/share/ament_index/resource_index/package_run_dependencies/ur_pick_and_place_moveit
[4.143s] -- Symlinking: /home/river2000/ur10_ws/install/ur_pick_and_place_moveit/share/ament_index/resource_index/parent_prefix_path/ur_pick_and_place_moveit
[4.156s] -- Symlinking: /home/river2000/ur10_ws/install/ur_pick_and_place_moveit/share/ur_pick_and_place_moveit/environment/ament_prefix_path.sh
[4.171s] -- Symlinking: /home/river2000/ur10_ws/install/ur_pick_and_place_moveit/share/ur_pick_and_place_moveit/environment/ament_prefix_path.dsv
[4.184s] -- Symlinking: /home/river2000/ur10_ws/install/ur_pick_and_place_moveit/share/ur_pick_and_place_moveit/environment/path.sh
[4.198s] -- Symlinking: /home/river2000/ur10_ws/install/ur_pick_and_place_moveit/share/ur_pick_and_place_moveit/environment/path.dsv
[4.212s] -- Symlinking: /home/river2000/ur10_ws/install/ur_pick_and_place_moveit/share/ur_pick_and_place_moveit/local_setup.bash
[4.227s] -- Symlinking: /home/river2000/ur10_ws/install/ur_pick_and_place_moveit/share/ur_pick_and_place_moveit/local_setup.sh
[4.241s] -- Symlinking: /home/river2000/ur10_ws/install/ur_pick_and_place_moveit/share/ur_pick_and_place_moveit/local_setup.zsh
[4.256s] -- Symlinking: /home/river2000/ur10_ws/install/ur_pick_and_place_moveit/share/ur_pick_and_place_moveit/local_setup.dsv
[4.270s] -- Symlinking: /home/river2000/ur10_ws/install/ur_pick_and_place_moveit/share/ur_pick_and_place_moveit/package.dsv
[4.284s] -- Symlinking: /home/river2000/ur10_ws/install/ur_pick_and_place_moveit/share/ament_index/resource_index/packages/ur_pick_and_place_moveit
[4.298s] -- Symlinking: /home/river2000/ur10_ws/install/ur_pick_and_place_moveit/share/ur_pick_and_place_moveit/cmake/ur_pick_and_place_moveitConfig.cmake
[4.311s] -- Symlinking: /home/river2000/ur10_ws/install/ur_pick_and_place_moveit/share/ur_pick_and_place_moveit/cmake/ur_pick_and_place_moveitConfig-version.cmake
[4.326s] -- Symlinking: /home/river2000/ur10_ws/install/ur_pick_and_place_moveit/share/ur_pick_and_place_moveit/package.xml
[4.344s] Invoked command in '/home/river2000/ur10_ws/build/ur_pick_and_place_moveit' returned '0': CMAKE_PREFIX_PATH=${CMAKE_PREFIX_PATH}:/opt/ros/humble /usr/bin/cmake --install /home/river2000/ur10_ws/build/ur_pick_and_place_moveit
