[0.047s] Invoking command in '/home/river2000/ur10_ws/build/rviz_marker_tools': CMAKE_PREFIX_PATH=${CMAKE_PREFIX_PATH}:/opt/ros/humble /usr/bin/cmake /home/river2000/ur10_ws/src/moveit_task_constructor/rviz_marker_tools -DCMAKE_BUILD_TYPE=Release -DCMAKE_INSTALL_PREFIX=/home/river2000/ur10_ws/install/rviz_marker_tools
[0.169s] -- The C compiler identification is GNU 12.3.0
[0.284s] -- The CXX compiler identification is GNU 11.4.0
[0.310s] -- Detecting C compiler ABI info
[0.448s] -- Detecting C compiler ABI info - done
[0.470s] -- Check for working C compiler: /usr/lib/ccache/cc - skipped
[0.470s] -- Detecting C compile features
[0.471s] -- Detecting C compile features - done
[0.480s] -- Detecting CXX compiler ABI info
[0.618s] -- Detecting CXX compiler ABI info - done
[0.629s] -- Check for working CXX compiler: /usr/lib/ccache/g++ - skipped
[0.629s] -- Detecting CXX compile features
[0.630s] -- Detecting CXX compile features - done
[0.637s] -- Found ament_cmake: 1.3.11 (/opt/ros/humble/share/ament_cmake/cmake)
[1.361s] -- Found Python3: /usr/bin/python3 (found version "3.10.12") found components: Interpreter 
[1.548s] -- Found moveit_common: 2.5.6 (/opt/ros/humble/share/moveit_common/cmake)
[1.661s] -- Found eigen3_cmake_module: 0.1.1 (/opt/ros/humble/share/eigen3_cmake_module/cmake)
[1.679s] -- Found Eigen3: TRUE (found version "3.4.0") 
[1.684s] -- Found geometry_msgs: 4.2.4 (/opt/ros/humble/share/geometry_msgs/cmake)
[1.764s] -- Found rosidl_generator_c: 3.1.6 (/opt/ros/humble/share/rosidl_generator_c/cmake)
[1.776s] -- Found rosidl_adapter: 3.1.6 (/opt/ros/humble/share/rosidl_adapter/cmake)
[1.792s] -- Found rosidl_generator_cpp: 3.1.6 (/opt/ros/humble/share/rosidl_generator_cpp/cmake)
[1.815s] -- Using all available rosidl_typesupport_c: rosidl_typesupport_fastrtps_c;rosidl_typesupport_introspection_c
[1.846s] -- Using all available rosidl_typesupport_cpp: rosidl_typesupport_fastrtps_cpp;rosidl_typesupport_introspection_cpp
[1.915s] -- Found rclcpp: 16.0.11 (/opt/ros/humble/share/rclcpp/cmake)
[1.995s] -- Found rmw_implementation_cmake: 6.1.2 (/opt/ros/humble/share/rmw_implementation_cmake/cmake)
[2.002s] -- Found rmw_fastrtps_cpp: 6.2.7 (/opt/ros/humble/share/rmw_fastrtps_cpp/cmake)
[2.191s] -- Found OpenSSL: /usr/lib/x86_64-linux-gnu/libcrypto.so (found version "3.0.2")  
[2.245s] -- Found FastRTPS: /opt/ros/humble/include  
[2.329s] -- Using RMW implementation 'rmw_fastrtps_cpp' as default
[2.350s] -- Looking for pthread.h
[2.604s] -- Looking for pthread.h - found
[2.605s] -- Performing Test CMAKE_HAVE_LIBC_PTHREAD
[2.817s] -- Performing Test CMAKE_HAVE_LIBC_PTHREAD - Success
[2.819s] -- Found Threads: TRUE  
[2.903s] -- Found tf2_eigen: 0.25.9 (/opt/ros/humble/share/tf2_eigen/cmake)
[3.095s] -- Found visualization_msgs: 4.2.4 (/opt/ros/humble/share/visualization_msgs/cmake)
[3.160s] -- Configuring done
[3.180s] -- Generating done
[3.187s] -- Build files have been written to: /home/river2000/ur10_ws/build/rviz_marker_tools
[3.205s] Invoked command in '/home/river2000/ur10_ws/build/rviz_marker_tools' returned '0': CMAKE_PREFIX_PATH=${CMAKE_PREFIX_PATH}:/opt/ros/humble /usr/bin/cmake /home/river2000/ur10_ws/src/moveit_task_constructor/rviz_marker_tools -DCMAKE_BUILD_TYPE=Release -DCMAKE_INSTALL_PREFIX=/home/river2000/ur10_ws/install/rviz_marker_tools
[3.208s] Invoking command in '/home/river2000/ur10_ws/build/rviz_marker_tools': CMAKE_PREFIX_PATH=${CMAKE_PREFIX_PATH}:/opt/ros/humble /usr/bin/cmake --build /home/river2000/ur10_ws/build/rviz_marker_tools -- -j16 -l16
[3.300s] [ 50%] [32mBuilding CXX object CMakeFiles/rviz_marker_tools.dir/src/marker_creation.cpp.o[0m
[15.881s] [100%] [32m[1mLinking CXX shared library librviz_marker_tools.so[0m
[16.247s] [100%] Built target rviz_marker_tools
[16.274s] Invoked command in '/home/river2000/ur10_ws/build/rviz_marker_tools' returned '0': CMAKE_PREFIX_PATH=${CMAKE_PREFIX_PATH}:/opt/ros/humble /usr/bin/cmake --build /home/river2000/ur10_ws/build/rviz_marker_tools -- -j16 -l16
[16.277s] Invoking command in '/home/river2000/ur10_ws/build/rviz_marker_tools': CMAKE_PREFIX_PATH=${CMAKE_PREFIX_PATH}:/opt/ros/humble /usr/bin/cmake --install /home/river2000/ur10_ws/build/rviz_marker_tools
[16.301s] -- Install configuration: "Release"
[16.301s] -- Installing: /home/river2000/ur10_ws/install/rviz_marker_tools/include
[16.301s] -- Installing: /home/river2000/ur10_ws/install/rviz_marker_tools/include/rviz_marker_tools
[16.302s] -- Installing: /home/river2000/ur10_ws/install/rviz_marker_tools/include/rviz_marker_tools/marker_creation.h
[16.302s] -- Installing: /home/river2000/ur10_ws/install/rviz_marker_tools/lib/librviz_marker_tools.so
[16.302s] -- Set runtime path of "/home/river2000/ur10_ws/install/rviz_marker_tools/lib/librviz_marker_tools.so" to ""
[16.303s] -- Installing: /home/river2000/ur10_ws/install/rviz_marker_tools/share/rviz_marker_tools/environment/library_path.sh
[16.303s] -- Installing: /home/river2000/ur10_ws/install/rviz_marker_tools/share/rviz_marker_tools/environment/library_path.dsv
[16.303s] -- Installing: /home/river2000/ur10_ws/install/rviz_marker_tools/share/ament_index/resource_index/package_run_dependencies/rviz_marker_tools
[16.303s] -- Installing: /home/river2000/ur10_ws/install/rviz_marker_tools/share/ament_index/resource_index/parent_prefix_path/rviz_marker_tools
[16.304s] -- Installing: /home/river2000/ur10_ws/install/rviz_marker_tools/share/rviz_marker_tools/environment/ament_prefix_path.sh
[16.304s] -- Installing: /home/river2000/ur10_ws/install/rviz_marker_tools/share/rviz_marker_tools/environment/ament_prefix_path.dsv
[16.304s] -- Installing: /home/river2000/ur10_ws/install/rviz_marker_tools/share/rviz_marker_tools/environment/path.sh
[16.304s] -- Installing: /home/river2000/ur10_ws/install/rviz_marker_tools/share/rviz_marker_tools/environment/path.dsv
[16.305s] -- Installing: /home/river2000/ur10_ws/install/rviz_marker_tools/share/rviz_marker_tools/local_setup.bash
[16.305s] -- Installing: /home/river2000/ur10_ws/install/rviz_marker_tools/share/rviz_marker_tools/local_setup.sh
[16.305s] -- Installing: /home/river2000/ur10_ws/install/rviz_marker_tools/share/rviz_marker_tools/local_setup.zsh
[16.306s] -- Installing: /home/river2000/ur10_ws/install/rviz_marker_tools/share/rviz_marker_tools/local_setup.dsv
[16.306s] -- Installing: /home/river2000/ur10_ws/install/rviz_marker_tools/share/rviz_marker_tools/package.dsv
[16.307s] -- Installing: /home/river2000/ur10_ws/install/rviz_marker_tools/share/ament_index/resource_index/packages/rviz_marker_tools
[16.307s] -- Installing: /home/river2000/ur10_ws/install/rviz_marker_tools/share/rviz_marker_tools/cmake/rviz_marker_toolsTargetsExport.cmake
[16.308s] -- Installing: /home/river2000/ur10_ws/install/rviz_marker_tools/share/rviz_marker_tools/cmake/rviz_marker_toolsTargetsExport-release.cmake
[16.308s] -- Installing: /home/river2000/ur10_ws/install/rviz_marker_tools/share/rviz_marker_tools/cmake/ament_cmake_export_targets-extras.cmake
[16.308s] -- Installing: /home/river2000/ur10_ws/install/rviz_marker_tools/share/rviz_marker_tools/cmake/ament_cmake_export_dependencies-extras.cmake
[16.309s] -- Installing: /home/river2000/ur10_ws/install/rviz_marker_tools/share/rviz_marker_tools/cmake/rviz_marker_toolsConfig.cmake
[16.309s] -- Installing: /home/river2000/ur10_ws/install/rviz_marker_tools/share/rviz_marker_tools/cmake/rviz_marker_toolsConfig-version.cmake
[16.309s] -- Installing: /home/river2000/ur10_ws/install/rviz_marker_tools/share/rviz_marker_tools/package.xml
[16.314s] Invoked command in '/home/river2000/ur10_ws/build/rviz_marker_tools' returned '0': CMAKE_PREFIX_PATH=${CMAKE_PREFIX_PATH}:/opt/ros/humble /usr/bin/cmake --install /home/river2000/ur10_ws/build/rviz_marker_tools
