[0.021s] Invoking command in '/home/river2000/ur10_ws/build/ur_moveit_config': CMAKE_PREFIX_PATH=/home/river2000/ur10_ws/install/ur_description:/home/river2000/ur10_ws/install/ur:/home/river2000/ur10_ws/install/ur_calibration:/home/river2000/ur10_ws/install/ur_robot_driver:/home/river2000/ur10_ws/install/ur_pick_and_place_moveit:/home/river2000/ur10_ws/install/ur_moveit_config:/home/river2000/ur10_ws/install/ur_bringup:/home/river2000/ur10_ws/install/ur_controllers:/home/river2000/ur10_ws/install/ur_dashboard_msgs:/home/river2000/ur10_ws/install/ros2_ur_moveit_examples:/opt/ros/humble /usr/bin/cmake /home/river2000/ur10_ws/src/Universal_Robots_ROS2_Driver/ur_moveit_config -DCMAKE_BUILD_TYPE=Release -DAMENT_CMAKE_SYMLINK_INSTALL=1 -DCMAKE_INSTALL_PREFIX=/home/river2000/ur10_ws/install/ur_moveit_config
[0.137s] -- The C compiler identification is GNU 12.3.0
[0.236s] -- The CXX compiler identification is GNU 11.4.0
[0.246s] -- Detecting C compiler ABI info
[0.317s] -- Detecting C compiler ABI info - done
[0.324s] -- Check for working C compiler: /usr/lib/ccache/cc - skipped
[0.325s] -- Detecting C compile features
[0.325s] -- Detecting C compile features - done
[0.328s] -- Detecting CXX compiler ABI info
[0.409s] -- Detecting CXX compiler ABI info - done
[0.416s] -- Check for working CXX compiler: /usr/lib/ccache/g++ - skipped
[0.417s] -- Detecting CXX compile features
[0.417s] -- Detecting CXX compile features - done
[0.421s] -- Found ament_cmake: 1.3.11 (/opt/ros/humble/share/ament_cmake/cmake)
[0.840s] -- Found Python3: /usr/bin/python3 (found version "3.10.12") found components: Interpreter 
[0.913s] -- Override CMake install command with custom implementation using symlinks instead of copying resources
[1.184s] -- Configuring done
[1.187s] -- Generating done
[1.189s] -- Build files have been written to: /home/river2000/ur10_ws/build/ur_moveit_config
[1.206s] Invoked command in '/home/river2000/ur10_ws/build/ur_moveit_config' returned '0': CMAKE_PREFIX_PATH=/home/river2000/ur10_ws/install/ur_description:/home/river2000/ur10_ws/install/ur:/home/river2000/ur10_ws/install/ur_calibration:/home/river2000/ur10_ws/install/ur_robot_driver:/home/river2000/ur10_ws/install/ur_pick_and_place_moveit:/home/river2000/ur10_ws/install/ur_moveit_config:/home/river2000/ur10_ws/install/ur_bringup:/home/river2000/ur10_ws/install/ur_controllers:/home/river2000/ur10_ws/install/ur_dashboard_msgs:/home/river2000/ur10_ws/install/ros2_ur_moveit_examples:/opt/ros/humble /usr/bin/cmake /home/river2000/ur10_ws/src/Universal_Robots_ROS2_Driver/ur_moveit_config -DCMAKE_BUILD_TYPE=Release -DAMENT_CMAKE_SYMLINK_INSTALL=1 -DCMAKE_INSTALL_PREFIX=/home/river2000/ur10_ws/install/ur_moveit_config
[1.207s] Invoking command in '/home/river2000/ur10_ws/build/ur_moveit_config': CMAKE_PREFIX_PATH=/home/river2000/ur10_ws/install/ur_description:/home/river2000/ur10_ws/install/ur:/home/river2000/ur10_ws/install/ur_calibration:/home/river2000/ur10_ws/install/ur_robot_driver:/home/river2000/ur10_ws/install/ur_pick_and_place_moveit:/home/river2000/ur10_ws/install/ur_moveit_config:/home/river2000/ur10_ws/install/ur_bringup:/home/river2000/ur10_ws/install/ur_controllers:/home/river2000/ur10_ws/install/ur_dashboard_msgs:/home/river2000/ur10_ws/install/ros2_ur_moveit_examples:/opt/ros/humble /usr/bin/cmake --build /home/river2000/ur10_ws/build/ur_moveit_config -- -j16 -l16
[1.277s] Built target ament_cmake_python_symlink_ur_moveit_config
[1.581s] running egg_info
[1.582s] creating ur_moveit_config.egg-info
[1.603s] writing ur_moveit_config.egg-info/PKG-INFO
[1.604s] writing dependency_links to ur_moveit_config.egg-info/dependency_links.txt
[1.604s] writing top-level names to ur_moveit_config.egg-info/top_level.txt
[1.604s] writing manifest file 'ur_moveit_config.egg-info/SOURCES.txt'
[1.665s] reading manifest file 'ur_moveit_config.egg-info/SOURCES.txt'
[1.665s] writing manifest file 'ur_moveit_config.egg-info/SOURCES.txt'
[1.703s] Built target ament_cmake_python_build_ur_moveit_config_egg
[1.716s] Invoked command in '/home/river2000/ur10_ws/build/ur_moveit_config' returned '0': CMAKE_PREFIX_PATH=/home/river2000/ur10_ws/install/ur_description:/home/river2000/ur10_ws/install/ur:/home/river2000/ur10_ws/install/ur_calibration:/home/river2000/ur10_ws/install/ur_robot_driver:/home/river2000/ur10_ws/install/ur_pick_and_place_moveit:/home/river2000/ur10_ws/install/ur_moveit_config:/home/river2000/ur10_ws/install/ur_bringup:/home/river2000/ur10_ws/install/ur_controllers:/home/river2000/ur10_ws/install/ur_dashboard_msgs:/home/river2000/ur10_ws/install/ros2_ur_moveit_examples:/opt/ros/humble /usr/bin/cmake --build /home/river2000/ur10_ws/build/ur_moveit_config -- -j16 -l16
[1.717s] Invoking command in '/home/river2000/ur10_ws/build/ur_moveit_config': CMAKE_PREFIX_PATH=/home/river2000/ur10_ws/install/ur_description:/home/river2000/ur10_ws/install/ur:/home/river2000/ur10_ws/install/ur_calibration:/home/river2000/ur10_ws/install/ur_robot_driver:/home/river2000/ur10_ws/install/ur_pick_and_place_moveit:/home/river2000/ur10_ws/install/ur_moveit_config:/home/river2000/ur10_ws/install/ur_bringup:/home/river2000/ur10_ws/install/ur_controllers:/home/river2000/ur10_ws/install/ur_dashboard_msgs:/home/river2000/ur10_ws/install/ros2_ur_moveit_examples:/opt/ros/humble /usr/bin/cmake --install /home/river2000/ur10_ws/build/ur_moveit_config
[1.731s] -- Install configuration: "Release"
[1.732s] -- Execute custom install script
[1.734s] -- Symlinking: /home/river2000/ur10_ws/install/ur_moveit_config/share/ur_moveit_config/config/controllers.yaml
[1.749s] -- Symlinking: /home/river2000/ur10_ws/install/ur_moveit_config/share/ur_moveit_config/config/joint_limits.yaml
[1.759s] -- Symlinking: /home/river2000/ur10_ws/install/ur_moveit_config/share/ur_moveit_config/config/kinematics.yaml
[1.769s] -- Symlinking: /home/river2000/ur10_ws/install/ur_moveit_config/share/ur_moveit_config/config/ompl_planning.yaml
[1.779s] -- Symlinking: /home/river2000/ur10_ws/install/ur_moveit_config/share/ur_moveit_config/config/ur_servo.yaml
[1.789s] -- Symlinking: /home/river2000/ur10_ws/install/ur_moveit_config/share/ur_moveit_config/launch/ur_moveit.launch.py
[1.799s] -- Symlinking: /home/river2000/ur10_ws/install/ur_moveit_config/share/ur_moveit_config/rviz/view_robot.rviz
[1.817s] -- Symlinking: /home/river2000/ur10_ws/install/ur_moveit_config/share/ur_moveit_config/srdf/ur.srdf.xacro
[1.833s] -- Symlinking: /home/river2000/ur10_ws/install/ur_moveit_config/share/ur_moveit_config/srdf/ur_macro.srdf.xacro
[1.843s] -- Symlinking: /home/river2000/ur10_ws/install/ur_moveit_config/share/ur_moveit_config/environment/pythonpath.sh
[1.854s] -- Symlinking: /home/river2000/ur10_ws/install/ur_moveit_config/share/ur_moveit_config/environment/pythonpath.dsv
[1.864s] -- Symlinking: /home/river2000/ur10_ws/install/ur_moveit_config/local/lib/python3.10/dist-packages/ur_moveit_config-2.5.1-py3.10.egg-info/PKG-INFO
[1.878s] -- Symlinking: /home/river2000/ur10_ws/install/ur_moveit_config/local/lib/python3.10/dist-packages/ur_moveit_config-2.5.1-py3.10.egg-info/SOURCES.txt
[1.888s] -- Symlinking: /home/river2000/ur10_ws/install/ur_moveit_config/local/lib/python3.10/dist-packages/ur_moveit_config-2.5.1-py3.10.egg-info/dependency_links.txt
[1.909s] -- Symlinking: /home/river2000/ur10_ws/install/ur_moveit_config/local/lib/python3.10/dist-packages/ur_moveit_config-2.5.1-py3.10.egg-info/top_level.txt
[1.927s] -- Symlinking: /home/river2000/ur10_ws/install/ur_moveit_config/local/lib/python3.10/dist-packages/ur_moveit_config/__init__.py
[1.937s] -- Symlinking: /home/river2000/ur10_ws/install/ur_moveit_config/local/lib/python3.10/dist-packages/ur_moveit_config/launch_common.py
[1.958s] -- Symlinking: /home/river2000/ur10_ws/install/ur_moveit_config/local/lib/python3.10/dist-packages/launch_common.py
[1.968s] -- Symlinking: /home/river2000/ur10_ws/install/ur_moveit_config/share/ament_index/resource_index/package_run_dependencies/ur_moveit_config
[1.978s] -- Symlinking: /home/river2000/ur10_ws/install/ur_moveit_config/share/ament_index/resource_index/parent_prefix_path/ur_moveit_config
[1.988s] -- Symlinking: /home/river2000/ur10_ws/install/ur_moveit_config/share/ur_moveit_config/environment/ament_prefix_path.sh
[1.997s] -- Symlinking: /home/river2000/ur10_ws/install/ur_moveit_config/share/ur_moveit_config/environment/ament_prefix_path.dsv
[2.007s] -- Symlinking: /home/river2000/ur10_ws/install/ur_moveit_config/share/ur_moveit_config/environment/path.sh
[2.025s] -- Symlinking: /home/river2000/ur10_ws/install/ur_moveit_config/share/ur_moveit_config/environment/path.dsv
[2.045s] -- Symlinking: /home/river2000/ur10_ws/install/ur_moveit_config/share/ur_moveit_config/local_setup.bash
[2.055s] -- Symlinking: /home/river2000/ur10_ws/install/ur_moveit_config/share/ur_moveit_config/local_setup.sh
[2.064s] -- Symlinking: /home/river2000/ur10_ws/install/ur_moveit_config/share/ur_moveit_config/local_setup.zsh
[2.074s] -- Symlinking: /home/river2000/ur10_ws/install/ur_moveit_config/share/ur_moveit_config/local_setup.dsv
[2.084s] -- Symlinking: /home/river2000/ur10_ws/install/ur_moveit_config/share/ur_moveit_config/package.dsv
[2.094s] -- Symlinking: /home/river2000/ur10_ws/install/ur_moveit_config/share/ament_index/resource_index/packages/ur_moveit_config
[2.105s] -- Symlinking: /home/river2000/ur10_ws/install/ur_moveit_config/share/ur_moveit_config/cmake/ur_moveit_configConfig.cmake
[2.123s] -- Symlinking: /home/river2000/ur10_ws/install/ur_moveit_config/share/ur_moveit_config/cmake/ur_moveit_configConfig-version.cmake
[2.134s] -- Symlinking: /home/river2000/ur10_ws/install/ur_moveit_config/share/ur_moveit_config/package.xml
[2.177s] Listing '/home/river2000/ur10_ws/install/ur_moveit_config/local/lib/python3.10/dist-packages/ur_moveit_config'...
[2.177s] Compiling '/home/river2000/ur10_ws/install/ur_moveit_config/local/lib/python3.10/dist-packages/ur_moveit_config/__init__.py'...
[2.178s] Compiling '/home/river2000/ur10_ws/install/ur_moveit_config/local/lib/python3.10/dist-packages/ur_moveit_config/launch_common.py'...
[2.210s] Compiling '/home/river2000/ur10_ws/install/ur_moveit_config/local/lib/python3.10/dist-packages/launch_common.py'...
[2.218s] Invoked command in '/home/river2000/ur10_ws/build/ur_moveit_config' returned '0': CMAKE_PREFIX_PATH=/home/river2000/ur10_ws/install/ur_description:/home/river2000/ur10_ws/install/ur:/home/river2000/ur10_ws/install/ur_calibration:/home/river2000/ur10_ws/install/ur_robot_driver:/home/river2000/ur10_ws/install/ur_pick_and_place_moveit:/home/river2000/ur10_ws/install/ur_moveit_config:/home/river2000/ur10_ws/install/ur_bringup:/home/river2000/ur10_ws/install/ur_controllers:/home/river2000/ur10_ws/install/ur_dashboard_msgs:/home/river2000/ur10_ws/install/ros2_ur_moveit_examples:/opt/ros/humble /usr/bin/cmake --install /home/river2000/ur10_ws/build/ur_moveit_config
