[0.020s] Invoking command in '/home/river2000/ur10_ws/build/ur_pick_and_place_moveit': CMAKE_PREFIX_PATH=/opt/ros/humble /usr/bin/cmake /home/river2000/ur10_ws/src/ur_pick_and_place_moveit -DCMAKE_BUILD_TYPE=Release -DAMENT_CMAKE_SYMLINK_INSTALL=1 -DCMAKE_INSTALL_PREFIX=/home/river2000/ur10_ws/install/ur_pick_and_place_moveit
[0.083s] -- The C compiler identification is GNU 12.3.0
[0.158s] -- The CXX compiler identification is GNU 11.4.0
[0.170s] -- Detecting C compiler ABI info
[0.235s] -- Detecting C compiler ABI info - done
[0.242s] -- Check for working C compiler: /usr/lib/ccache/cc - skipped
[0.242s] -- Detecting C compile features
[0.242s] -- Detecting C compile features - done
[0.245s] -- Detecting CXX compiler ABI info
[0.319s] -- Detecting CXX compiler ABI info - done
[0.326s] -- Check for working CXX compiler: /usr/lib/ccache/g++ - skipped
[0.326s] -- Detecting CXX compile features
[0.326s] -- Detecting CXX compile features - done
[0.329s] -- Found ament_cmake: 1.3.11 (/opt/ros/humble/share/ament_cmake/cmake)
[0.714s] -- Found Python3: /usr/bin/python3 (found version "3.10.12") found components: Interpreter 
[0.783s] -- Override CMake install command with custom implementation using symlinks instead of copying resources
[0.842s] -- Found moveit_ros_planning_interface: 2.5.6 (/opt/ros/humble/share/moveit_ros_planning_interface/cmake)
[1.084s] -- Found Boost: /usr/lib/x86_64-linux-gnu/cmake/Boost-1.74.0/BoostConfig.cmake (found version "1.74.0") found components: date_time filesystem program_options system thread 
[1.127s] -- Found rosidl_generator_c: 3.1.6 (/opt/ros/humble/share/rosidl_generator_c/cmake)
[1.132s] -- Found rosidl_adapter: 3.1.6 (/opt/ros/humble/share/rosidl_adapter/cmake)
[1.140s] -- Found rosidl_generator_cpp: 3.1.6 (/opt/ros/humble/share/rosidl_generator_cpp/cmake)
[1.152s] -- Using all available rosidl_typesupport_c: rosidl_typesupport_fastrtps_c;rosidl_typesupport_introspection_c
[1.168s] -- Using all available rosidl_typesupport_cpp: rosidl_typesupport_fastrtps_cpp;rosidl_typesupport_introspection_cpp
[1.356s] -- Found Boost: /usr/lib/x86_64-linux-gnu/cmake/Boost-1.74.0/BoostConfig.cmake (found version "1.74.0") found components: chrono date_time filesystem iostreams program_options regex serialization system thread 
[1.415s] -- Found parameter_traits: 0.3.9 (/opt/ros/humble/share/parameter_traits/cmake)
[1.481s] -- Found rmw_implementation_cmake: 6.1.2 (/opt/ros/humble/share/rmw_implementation_cmake/cmake)
[1.484s] -- Found rmw_fastrtps_cpp: 6.2.7 (/opt/ros/humble/share/rmw_fastrtps_cpp/cmake)
[1.644s] -- Found OpenSSL: /usr/lib/x86_64-linux-gnu/libcrypto.so (found version "3.0.2")  
[1.701s] -- Found FastRTPS: /opt/ros/humble/include  
[1.769s] -- Using RMW implementation 'rmw_fastrtps_cpp' as default
[1.780s] -- Found Threads: TRUE  
[1.826s] -- Found Eigen3: TRUE (found version "3.4.0") 
[1.829s] -- Found rclcpp_lifecycle: 16.0.11 (/opt/ros/humble/share/rclcpp_lifecycle/cmake)
[1.852s] -- Found Boost: /usr/lib/x86_64-linux-gnu/cmake/Boost-1.74.0/BoostConfig.cmake (found version "1.74.0") found components: filesystem 
[2.003s] -- library: /usr/lib/x86_64-linux-gnu/libcurl.so
[2.035s] -- Ensuring Eigen3 include directory is part of orocos-kdl CMake target
[2.169s] -- Found Boost: /usr/lib/x86_64-linux-gnu/cmake/Boost-1.74.0/BoostConfig.cmake (found version "1.74.0") found components: system filesystem date_time program_options thread chrono 
[2.198s] -- Found Boost: /usr/lib/x86_64-linux-gnu/cmake/Boost-1.74.0/BoostConfig.cmake (found version "1.74.0") found components: thread system filesystem regex date_time program_options 
[2.221s] -- Found Boost: /usr/lib/x86_64-linux-gnu/cmake/Boost-1.74.0/BoostConfig.cmake (found version "1.74.0") found components: system filesystem date_time program_options thread 
[2.248s] -- Found ament_lint_auto: 0.12.11 (/opt/ros/humble/share/ament_lint_auto/cmake)
[2.330s] -- Added test 'cppcheck' to perform static code analysis on C / C++ code
[2.331s] -- Configured cppcheck include dirs: $<BUILD_INTERFACE:/home/river2000/ur10_ws/src/ur_pick_and_place_moveit/include>
[2.331s] -- Configured cppcheck exclude dirs and/or files: 
[2.331s] -- Added test 'flake8' to check Python code syntax and style conventions
[2.332s] -- Added test 'lint_cmake' to check CMake code style
[2.333s] -- Added test 'pep257' to check Python code against some of the docstring style conventions in PEP 257
[2.336s] -- Added test 'uncrustify' to check C / C++ code style
[2.337s] -- Configured uncrustify additional arguments: 
[2.337s] -- Added test 'xmllint' to check XML markup files
[2.339s] -- Configuring done
[2.367s] -- Generating done
[2.374s] -- Build files have been written to: /home/river2000/ur10_ws/build/ur_pick_and_place_moveit
[2.390s] Invoked command in '/home/river2000/ur10_ws/build/ur_pick_and_place_moveit' returned '0': CMAKE_PREFIX_PATH=/opt/ros/humble /usr/bin/cmake /home/river2000/ur10_ws/src/ur_pick_and_place_moveit -DCMAKE_BUILD_TYPE=Release -DAMENT_CMAKE_SYMLINK_INSTALL=1 -DCMAKE_INSTALL_PREFIX=/home/river2000/ur10_ws/install/ur_pick_and_place_moveit
[2.393s] Invoking command in '/home/river2000/ur10_ws/build/ur_pick_and_place_moveit': CMAKE_PREFIX_PATH=/opt/ros/humble /usr/bin/cmake --build /home/river2000/ur10_ws/build/ur_pick_and_place_moveit -- -j16 -l16
[2.461s] [ 50%] [32mBuilding CXX object CMakeFiles/ur_pick_and_place_moveit.dir/src/ur_pick_and_place_moveit.cpp.o[0m
[10.849s] In file included from [01m[K/home/river2000/ur10_ws/src/ur_pick_and_place_moveit/src/ur_pick_and_place_moveit.cpp:6[m[K:
[10.849s] [01m[K/opt/ros/humble/include/tf2_geometry_msgs/tf2_geometry_msgs/tf2_geometry_msgs.h:35:2:[m[K [01;35m[Kwarning: [m[K#warning This header is obsolete, please include tf2_geometry_msgs/tf2_geometry_msgs.hpp instead [[01;35m[K-Wcpp[m[K]
[10.849s]    35 | #[01;35m[Kwarning[m[K This header is obsolete, please include tf2_geometry_msgs/tf2_geometry_msgs.hpp instead
[10.849s]       |  [01;35m[K^~~~~~~[m[K
[10.849s] [01m[K/home/river2000/ur10_ws/src/ur_pick_and_place_moveit/src/ur_pick_and_place_moveit.cpp:[m[K In function ‘[01m[Kint main(int, char**)[m[K’:
[10.849s] [01m[K/home/river2000/ur10_ws/src/ur_pick_and_place_moveit/src/ur_pick_and_place_moveit.cpp:80:101:[m[K [01;35m[Kwarning: [m[K‘[01m[Kusing MoveItErrorCode = class moveit::core::MoveItErrorCode[m[K’ is deprecated: Use moveit::core::MoveItErrorCode [[01;35m[K-Wdeprecated-declarations[m[K]
[10.849s]    80 |   bool success = (move_group_arm.plan(my_plan_arm1) == moveit::planning_interface::MoveItErrorCode::[01;35m[KSUCCESS[m[K);
[10.850s]       |                                                                                                     [01;35m[K^~~~~~~[m[K
[10.850s] In file included from [01m[K/home/river2000/ur10_ws/src/ur_pick_and_place_moveit/src/ur_pick_and_place_moveit.cpp:3[m[K:
[10.850s] [01m[K/opt/ros/humble/include/moveit/move_group_interface/move_group_interface.h:71:7:[m[K [01;36m[Knote: [m[Kdeclared here
[10.850s]    71 | using [01;36m[KMoveItErrorCode[m[K [[deprecated("Use moveit::core::MoveItErrorCode")]] = moveit::core::MoveItErrorCode;
[10.850s]       |       [01;36m[K^~~~~~~~~~~~~~~[m[K
[10.850s] [01m[K/home/river2000/ur10_ws/src/ur_pick_and_place_moveit/src/ur_pick_and_place_moveit.cpp:110:96:[m[K [01;35m[Kwarning: [m[K‘[01m[Kusing MoveItErrorCode = class moveit::core::MoveItErrorCode[m[K’ is deprecated: Use moveit::core::MoveItErrorCode [[01;35m[K-Wdeprecated-declarations[m[K]
[10.850s]   110 |   success = (move_group_arm.plan(my_plan_arm1) == moveit::planning_interface::MoveItErrorCode::[01;35m[KSUCCESS[m[K);
[10.850s]       |                                                                                                [01;35m[K^~~~~~~[m[K
[10.851s] In file included from [01m[K/home/river2000/ur10_ws/src/ur_pick_and_place_moveit/src/ur_pick_and_place_moveit.cpp:3[m[K:
[10.851s] [01m[K/opt/ros/humble/include/moveit/move_group_interface/move_group_interface.h:71:7:[m[K [01;36m[Knote: [m[Kdeclared here
[10.851s]    71 | using [01;36m[KMoveItErrorCode[m[K [[deprecated("Use moveit::core::MoveItErrorCode")]] = moveit::core::MoveItErrorCode;
[10.851s]       |       [01;36m[K^~~~~~~~~~~~~~~[m[K
[10.851s] [01m[K/home/river2000/ur10_ws/src/ur_pick_and_place_moveit/src/ur_pick_and_place_moveit.cpp:238:96:[m[K [01;35m[Kwarning: [m[K‘[01m[Kusing MoveItErrorCode = class moveit::core::MoveItErrorCode[m[K’ is deprecated: Use moveit::core::MoveItErrorCode [[01;35m[K-Wdeprecated-declarations[m[K]
[10.851s]   238 |   success = (move_group_arm.plan(my_plan_arm2) == moveit::planning_interface::MoveItErrorCode::[01;35m[KSUCCESS[m[K);
[10.851s]       |                                                                                                [01;35m[K^~~~~~~[m[K
[10.852s] In file included from [01m[K/home/river2000/ur10_ws/src/ur_pick_and_place_moveit/src/ur_pick_and_place_moveit.cpp:3[m[K:
[10.852s] [01m[K/opt/ros/humble/include/moveit/move_group_interface/move_group_interface.h:71:7:[m[K [01;36m[Knote: [m[Kdeclared here
[10.852s]    71 | using [01;36m[KMoveItErrorCode[m[K [[deprecated("Use moveit::core::MoveItErrorCode")]] = moveit::core::MoveItErrorCode;
[10.852s]       |       [01;36m[K^~~~~~~~~~~~~~~[m[K
[10.852s] [01m[K/home/river2000/ur10_ws/src/ur_pick_and_place_moveit/src/ur_pick_and_place_moveit.cpp:80:8:[m[K [01;35m[Kwarning: [m[Kvariable ‘[01m[Ksuccess[m[K’ set but not used [[01;35m[K-Wunused-but-set-variable[m[K]
[10.852s]    80 |   bool [01;35m[Ksuccess[m[K = (move_group_arm.plan(my_plan_arm1) == moveit::planning_interface::MoveItErrorCode::SUCCESS);
[10.852s]       |        [01;35m[K^~~~~~~[m[K
[10.852s] [01m[K/home/river2000/ur10_ws/src/ur_pick_and_place_moveit/src/ur_pick_and_place_moveit.cpp:130:10:[m[K [01;35m[Kwarning: [m[Kvariable ‘[01m[Kfraction[m[K’ set but not used [[01;35m[K-Wunused-but-set-variable[m[K]
[10.853s]   130 |   double [01;35m[Kfraction[m[K = move_group_arm.computeCartesianPath(
[10.853s]       |          [01;35m[K^~~~~~~~[m[K
[10.886s] [100%] [32m[1mLinking CXX executable ur_pick_and_place_moveit[0m
[11.181s] [100%] Built target ur_pick_and_place_moveit
[11.205s] Invoked command in '/home/river2000/ur10_ws/build/ur_pick_and_place_moveit' returned '0': CMAKE_PREFIX_PATH=/opt/ros/humble /usr/bin/cmake --build /home/river2000/ur10_ws/build/ur_pick_and_place_moveit -- -j16 -l16
[11.207s] Invoking command in '/home/river2000/ur10_ws/build/ur_pick_and_place_moveit': CMAKE_PREFIX_PATH=/opt/ros/humble /usr/bin/cmake --install /home/river2000/ur10_ws/build/ur_pick_and_place_moveit
[11.226s] -- Install configuration: "Release"
[11.226s] -- Execute custom install script
[11.226s] -- Symlinking: /home/river2000/ur10_ws/install/ur_pick_and_place_moveit/lib/ur_pick_and_place_moveit/ur_pick_and_place_moveit
[11.247s] -- Symlinking: /home/river2000/ur10_ws/install/ur_pick_and_place_moveit/share/ur_pick_and_place_moveit//launch/pick_and_place_moveit_launch.py
[11.257s] -- Symlinking: /home/river2000/ur10_ws/install/ur_pick_and_place_moveit/share/ament_index/resource_index/package_run_dependencies/ur_pick_and_place_moveit
[11.267s] -- Symlinking: /home/river2000/ur10_ws/install/ur_pick_and_place_moveit/share/ament_index/resource_index/parent_prefix_path/ur_pick_and_place_moveit
[11.277s] -- Symlinking: /home/river2000/ur10_ws/install/ur_pick_and_place_moveit/share/ur_pick_and_place_moveit/environment/ament_prefix_path.sh
[11.286s] -- Symlinking: /home/river2000/ur10_ws/install/ur_pick_and_place_moveit/share/ur_pick_and_place_moveit/environment/ament_prefix_path.dsv
[11.296s] -- Symlinking: /home/river2000/ur10_ws/install/ur_pick_and_place_moveit/share/ur_pick_and_place_moveit/environment/path.sh
[11.305s] -- Symlinking: /home/river2000/ur10_ws/install/ur_pick_and_place_moveit/share/ur_pick_and_place_moveit/environment/path.dsv
[11.315s] -- Symlinking: /home/river2000/ur10_ws/install/ur_pick_and_place_moveit/share/ur_pick_and_place_moveit/local_setup.bash
[11.325s] -- Symlinking: /home/river2000/ur10_ws/install/ur_pick_and_place_moveit/share/ur_pick_and_place_moveit/local_setup.sh
[11.335s] -- Symlinking: /home/river2000/ur10_ws/install/ur_pick_and_place_moveit/share/ur_pick_and_place_moveit/local_setup.zsh
[11.356s] -- Symlinking: /home/river2000/ur10_ws/install/ur_pick_and_place_moveit/share/ur_pick_and_place_moveit/local_setup.dsv
[11.375s] -- Symlinking: /home/river2000/ur10_ws/install/ur_pick_and_place_moveit/share/ur_pick_and_place_moveit/package.dsv
[11.385s] -- Symlinking: /home/river2000/ur10_ws/install/ur_pick_and_place_moveit/share/ament_index/resource_index/packages/ur_pick_and_place_moveit
[11.394s] -- Symlinking: /home/river2000/ur10_ws/install/ur_pick_and_place_moveit/share/ur_pick_and_place_moveit/cmake/ur_pick_and_place_moveitConfig.cmake
[11.404s] -- Symlinking: /home/river2000/ur10_ws/install/ur_pick_and_place_moveit/share/ur_pick_and_place_moveit/cmake/ur_pick_and_place_moveitConfig-version.cmake
[11.414s] -- Symlinking: /home/river2000/ur10_ws/install/ur_pick_and_place_moveit/share/ur_pick_and_place_moveit/package.xml
[11.429s] Invoked command in '/home/river2000/ur10_ws/build/ur_pick_and_place_moveit' returned '0': CMAKE_PREFIX_PATH=/opt/ros/humble /usr/bin/cmake --install /home/river2000/ur10_ws/build/ur_pick_and_place_moveit
