[0.026s] Invoking command in '/home/river2000/ur10_ws/build/ur_robot_driver': CMAKE_PREFIX_PATH=/home/river2000/ur10_ws/install/ur_controllers:/home/river2000/ur10_ws/install/ur_description:/home/river2000/ur10_ws/install/ur_dashboard_msgs:/home/river2000/ur10_ws/install/ur:/home/river2000/ur10_ws/install/ur_calibration:/home/river2000/ur10_ws/install/ur_robot_driver:/home/river2000/ur10_ws/install/ur_pick_and_place_moveit:/home/river2000/ur10_ws/install/ur_moveit_config:/home/river2000/ur10_ws/install/ur_bringup:/home/river2000/ur10_ws/install/ros2_ur_moveit_examples:/opt/ros/humble LD_LIBRARY_PATH=/home/river2000/ur10_ws/install/ur_controllers/lib:/home/river2000/ur10_ws/install/ur_dashboard_msgs/lib:/home/river2000/ur10_ws/install/ur_robot_driver/lib:/usr/local/cuda-11.8/lib64:/usr/lib/x86_64-linux-gnu/gazebo-11/plugins:/opt/ros/humble/opt/rviz_ogre_vendor/lib:/opt/ros/humble/lib/x86_64-linux-gnu:/opt/ros/humble/lib /usr/bin/cmake /home/river2000/ur10_ws/src/Universal_Robots_ROS2_Driver/ur_robot_driver -DCMAKE_BUILD_TYPE=Release -DAMENT_CMAKE_SYMLINK_INSTALL=1 -DCMAKE_INSTALL_PREFIX=/home/river2000/ur10_ws/install/ur_robot_driver
[0.112s] -- The C compiler identification is GNU 12.3.0
[0.218s] -- The CXX compiler identification is GNU 11.4.0
[0.241s] -- Detecting C compiler ABI info
[0.325s] -- Detecting C compiler ABI info - done
[0.332s] -- Check for working C compiler: /usr/lib/ccache/cc - skipped
[0.332s] -- Detecting C compile features
[0.333s] -- Detecting C compile features - done
[0.335s] -- Detecting CXX compiler ABI info
[0.418s] -- Detecting CXX compiler ABI info - done
[0.433s] -- Check for working CXX compiler: /usr/lib/ccache/g++ - skipped
[0.433s] -- Detecting CXX compile features
[0.434s] -- Detecting CXX compile features - done
[0.441s] -- Found ament_cmake: 1.3.11 (/opt/ros/humble/share/ament_cmake/cmake)
[0.842s] -- Found Python3: /usr/bin/python3 (found version "3.10.12") found components: Interpreter 
[0.903s] -- Override CMake install command with custom implementation using symlinks instead of copying resources
[0.979s] -- Found controller_manager: 2.46.0 (/opt/ros/humble/share/controller_manager/cmake)
[1.033s] -- Found rosidl_generator_c: 3.1.6 (/opt/ros/humble/share/rosidl_generator_c/cmake)
[1.039s] -- Found rosidl_adapter: 3.1.6 (/opt/ros/humble/share/rosidl_adapter/cmake)
[1.049s] -- Found rosidl_generator_cpp: 3.1.6 (/opt/ros/humble/share/rosidl_generator_cpp/cmake)
[1.062s] -- Using all available rosidl_typesupport_c: rosidl_typesupport_fastrtps_c;rosidl_typesupport_introspection_c
[1.081s] -- Using all available rosidl_typesupport_cpp: rosidl_typesupport_fastrtps_cpp;rosidl_typesupport_introspection_cpp
[1.295s] -- Found rmw_implementation_cmake: 6.1.2 (/opt/ros/humble/share/rmw_implementation_cmake/cmake)
[1.299s] -- Found rmw_fastrtps_cpp: 6.2.7 (/opt/ros/humble/share/rmw_fastrtps_cpp/cmake)
[1.326s] -- Found TinyXML2 via Config file: TinyXML2_DIR-NOTFOUND
[1.422s] -- Found OpenSSL: /usr/lib/x86_64-linux-gnu/libcrypto.so (found version "3.0.2")  
[1.425s] -- Found TinyXML2 via Config file: TinyXML2_DIR-NOTFOUND
[1.441s] -- Found FastRTPS: /opt/ros/humble/include  
[1.444s] -- Found TinyXML2 via Config file: TinyXML2_DIR-NOTFOUND
[1.453s] -- Found TinyXML2 via Config file: TinyXML2_DIR-NOTFOUND
[1.465s] -- Using RMW implementation 'rmw_fastrtps_cpp' as default
[1.478s] -- Looking for pthread.h
[1.618s] -- Looking for pthread.h - found
[1.618s] -- Performing Test CMAKE_HAVE_LIBC_PTHREAD
[1.751s] -- Performing Test CMAKE_HAVE_LIBC_PTHREAD - Success
[1.754s] -- Found Threads: TRUE  
[1.864s] -- Found rclpy: 3.3.15 (/opt/ros/humble/share/rclpy/cmake)
[1.866s] -- Found std_srvs: 4.2.4 (/opt/ros/humble/share/std_srvs/cmake)
[1.876s] -- Found tf2_geometry_msgs: 0.25.9 (/opt/ros/humble/share/tf2_geometry_msgs/cmake)
[1.896s] -- Found eigen3_cmake_module: 0.1.1 (/opt/ros/humble/share/eigen3_cmake_module/cmake)
[1.897s] -- Found Eigen3: TRUE (found version "3.4.0") 
[1.897s] -- Ensuring Eigen3 include directory is part of orocos-kdl CMake target
[1.952s] -- Found ur_dashboard_msgs: 2.5.1 (/home/river2000/ur10_ws/install/ur_dashboard_msgs/share/ur_dashboard_msgs/cmake)
[1.969s] -- Found ur_msgs: 2.1.0 (/opt/ros/humble/share/ur_msgs/cmake)
[2.243s] -- Found ur_controllers: 2.5.1 (/home/river2000/ur10_ws/install/ur_controllers/share/ur_controllers/cmake)
[2.267s] -- Found parameter_traits: 0.3.9 (/opt/ros/humble/share/parameter_traits/cmake)
[2.310s] -- Found ur_description: 2.1.9 (/home/river2000/ur10_ws/install/ur_description/share/ur_description/cmake)
[2.312s] -- Found launch_testing_ament_cmake: 1.0.7 (/opt/ros/humble/share/launch_testing_ament_cmake/cmake)
[2.315s] -- Found python_cmake_module: 0.10.0 (/opt/ros/humble/share/python_cmake_module/cmake)
[2.352s] -- Found PythonInterp: /usr/bin/python3 (found suitable version "3.10.12", minimum required is "3.6") 
[2.357s] -- Found PythonLibs: /usr/lib/x86_64-linux-gnu/libpython3.10.so (found suitable version "3.10.12", minimum required is "3.5") 
[2.357s] -- Using PYTHON_EXECUTABLE: /usr/bin/python3
[2.357s] -- Using PYTHON_INCLUDE_DIRS: /usr/include/python3.10
[2.357s] -- Using PYTHON_LIBRARIES: /usr/lib/x86_64-linux-gnu/libpython3.10.so
[2.394s] -- Found PythonExtra: .so  
[2.394s] -- Configuring done
[2.512s] -- Generating done
[2.528s] -- Build files have been written to: /home/river2000/ur10_ws/build/ur_robot_driver
[2.542s] Invoked command in '/home/river2000/ur10_ws/build/ur_robot_driver' returned '0': CMAKE_PREFIX_PATH=/home/river2000/ur10_ws/install/ur_controllers:/home/river2000/ur10_ws/install/ur_description:/home/river2000/ur10_ws/install/ur_dashboard_msgs:/home/river2000/ur10_ws/install/ur:/home/river2000/ur10_ws/install/ur_calibration:/home/river2000/ur10_ws/install/ur_robot_driver:/home/river2000/ur10_ws/install/ur_pick_and_place_moveit:/home/river2000/ur10_ws/install/ur_moveit_config:/home/river2000/ur10_ws/install/ur_bringup:/home/river2000/ur10_ws/install/ros2_ur_moveit_examples:/opt/ros/humble LD_LIBRARY_PATH=/home/river2000/ur10_ws/install/ur_controllers/lib:/home/river2000/ur10_ws/install/ur_dashboard_msgs/lib:/home/river2000/ur10_ws/install/ur_robot_driver/lib:/usr/local/cuda-11.8/lib64:/usr/lib/x86_64-linux-gnu/gazebo-11/plugins:/opt/ros/humble/opt/rviz_ogre_vendor/lib:/opt/ros/humble/lib/x86_64-linux-gnu:/opt/ros/humble/lib /usr/bin/cmake /home/river2000/ur10_ws/src/Universal_Robots_ROS2_Driver/ur_robot_driver -DCMAKE_BUILD_TYPE=Release -DAMENT_CMAKE_SYMLINK_INSTALL=1 -DCMAKE_INSTALL_PREFIX=/home/river2000/ur10_ws/install/ur_robot_driver
[2.545s] Invoking command in '/home/river2000/ur10_ws/build/ur_robot_driver': CMAKE_PREFIX_PATH=/home/river2000/ur10_ws/install/ur_controllers:/home/river2000/ur10_ws/install/ur_description:/home/river2000/ur10_ws/install/ur_dashboard_msgs:/home/river2000/ur10_ws/install/ur:/home/river2000/ur10_ws/install/ur_calibration:/home/river2000/ur10_ws/install/ur_robot_driver:/home/river2000/ur10_ws/install/ur_pick_and_place_moveit:/home/river2000/ur10_ws/install/ur_moveit_config:/home/river2000/ur10_ws/install/ur_bringup:/home/river2000/ur10_ws/install/ros2_ur_moveit_examples:/opt/ros/humble LD_LIBRARY_PATH=/home/river2000/ur10_ws/install/ur_controllers/lib:/home/river2000/ur10_ws/install/ur_dashboard_msgs/lib:/home/river2000/ur10_ws/install/ur_robot_driver/lib:/usr/local/cuda-11.8/lib64:/usr/lib/x86_64-linux-gnu/gazebo-11/plugins:/opt/ros/humble/opt/rviz_ogre_vendor/lib:/opt/ros/humble/lib/x86_64-linux-gnu:/opt/ros/humble/lib /usr/bin/cmake --build /home/river2000/ur10_ws/build/ur_robot_driver -- -j16 -l16
[2.624s] [ 13%] [32mBuilding CXX object CMakeFiles/ur_robot_driver_plugin.dir/src/urcl_log_handler.cpp.o[0m
[2.624s] [ 13%] [32mBuilding CXX object CMakeFiles/ur_robot_driver_plugin.dir/src/dashboard_client_ros.cpp.o[0m
[2.624s] [ 20%] [32mBuilding CXX object CMakeFiles/ur_robot_driver_plugin.dir/src/hardware_interface.cpp.o[0m
[2.625s] [ 26%] [32mBuilding CXX object CMakeFiles/ur_ros2_control_node.dir/src/ur_ros2_control_node.cpp.o[0m
[2.625s] [ 33%] [32mBuilding CXX object CMakeFiles/dashboard_client.dir/src/dashboard_client_ros.cpp.o[0m
[2.625s] [ 40%] [32mBuilding CXX object CMakeFiles/urscript_interface.dir/src/urscript_interface.cpp.o[0m
[2.629s] [ 46%] [32mBuilding CXX object CMakeFiles/dashboard_client.dir/src/dashboard_client_node.cpp.o[0m
[2.629s] [ 53%] [32mBuilding CXX object CMakeFiles/dashboard_client.dir/src/urcl_log_handler.cpp.o[0m
[2.630s] [ 60%] [32mBuilding CXX object CMakeFiles/controller_stopper_node.dir/src/controller_stopper.cpp.o[0m
[2.631s] [ 66%] [32mBuilding CXX object CMakeFiles/controller_stopper_node.dir/src/controller_stopper_node.cpp.o[0m
[2.645s] [ 66%] Built target ament_cmake_python_symlink_ur_robot_driver
[2.655s] In file included from [01m[K/home/river2000/ur10_ws/src/Universal_Robots_ROS2_Driver/ur_robot_driver/src/ur_ros2_control_node.cpp:44[m[K:
[2.656s] [01m[K/opt/ros/humble/include/realtime_tools/realtime_tools/thread_priority.hpp:39:2:[m[K [01;35m[Kwarning: [m[K#warning "This header include is deprecated. Please update your code to use 'realtime_helpers.hpp' header and link against 'realtime_tools' library." [[01;35m[K-Wcpp[m[K]
[2.656s]    39 | #[01;35m[Kwarning[m[K \
[2.656s]       |  [01;35m[K^~~~~~~[m[K
[2.665s] [ 73%] [32m[1mLinking CXX executable urscript_interface[0m
[2.669s] [ 80%] [32m[1mLinking CXX executable ur_ros2_control_node[0m
[2.671s] [ 93%] [32m[1mLinking CXX executable dashboard_client[0m
[2.672s] [ 93%] [32m[1mLinking CXX executable controller_stopper_node[0m
[2.674s] [100%] [32m[1mLinking CXX shared library libur_robot_driver_plugin.so[0m
[2.996s] running egg_info
[2.997s] creating ur_robot_driver.egg-info
[3.021s] [100%] Built target ur_ros2_control_node
[3.024s] writing ur_robot_driver.egg-info/PKG-INFO
[3.025s] writing dependency_links to ur_robot_driver.egg-info/dependency_links.txt
[3.025s] writing top-level names to ur_robot_driver.egg-info/top_level.txt
[3.025s] writing manifest file 'ur_robot_driver.egg-info/SOURCES.txt'
[3.101s] [100%] Built target controller_stopper_node
[3.108s] reading manifest file 'ur_robot_driver.egg-info/SOURCES.txt'
[3.109s] writing manifest file 'ur_robot_driver.egg-info/SOURCES.txt'
[3.142s] [100%] Built target urscript_interface
[3.157s] [100%] Built target ament_cmake_python_build_ur_robot_driver_egg
[3.177s] [100%] Built target dashboard_client
[3.207s] [100%] Built target ur_robot_driver_plugin
[3.220s] Invoked command in '/home/river2000/ur10_ws/build/ur_robot_driver' returned '0': CMAKE_PREFIX_PATH=/home/river2000/ur10_ws/install/ur_controllers:/home/river2000/ur10_ws/install/ur_description:/home/river2000/ur10_ws/install/ur_dashboard_msgs:/home/river2000/ur10_ws/install/ur:/home/river2000/ur10_ws/install/ur_calibration:/home/river2000/ur10_ws/install/ur_robot_driver:/home/river2000/ur10_ws/install/ur_pick_and_place_moveit:/home/river2000/ur10_ws/install/ur_moveit_config:/home/river2000/ur10_ws/install/ur_bringup:/home/river2000/ur10_ws/install/ros2_ur_moveit_examples:/opt/ros/humble LD_LIBRARY_PATH=/home/river2000/ur10_ws/install/ur_controllers/lib:/home/river2000/ur10_ws/install/ur_dashboard_msgs/lib:/home/river2000/ur10_ws/install/ur_robot_driver/lib:/usr/local/cuda-11.8/lib64:/usr/lib/x86_64-linux-gnu/gazebo-11/plugins:/opt/ros/humble/opt/rviz_ogre_vendor/lib:/opt/ros/humble/lib/x86_64-linux-gnu:/opt/ros/humble/lib /usr/bin/cmake --build /home/river2000/ur10_ws/build/ur_robot_driver -- -j16 -l16
[3.222s] Invoking command in '/home/river2000/ur10_ws/build/ur_robot_driver': CMAKE_PREFIX_PATH=/home/river2000/ur10_ws/install/ur_controllers:/home/river2000/ur10_ws/install/ur_description:/home/river2000/ur10_ws/install/ur_dashboard_msgs:/home/river2000/ur10_ws/install/ur:/home/river2000/ur10_ws/install/ur_calibration:/home/river2000/ur10_ws/install/ur_robot_driver:/home/river2000/ur10_ws/install/ur_pick_and_place_moveit:/home/river2000/ur10_ws/install/ur_moveit_config:/home/river2000/ur10_ws/install/ur_bringup:/home/river2000/ur10_ws/install/ros2_ur_moveit_examples:/opt/ros/humble LD_LIBRARY_PATH=/home/river2000/ur10_ws/install/ur_controllers/lib:/home/river2000/ur10_ws/install/ur_dashboard_msgs/lib:/home/river2000/ur10_ws/install/ur_robot_driver/lib:/usr/local/cuda-11.8/lib64:/usr/lib/x86_64-linux-gnu/gazebo-11/plugins:/opt/ros/humble/opt/rviz_ogre_vendor/lib:/opt/ros/humble/lib/x86_64-linux-gnu:/opt/ros/humble/lib /usr/bin/cmake --install /home/river2000/ur10_ws/build/ur_robot_driver
[3.230s] -- Install configuration: "Release"
[3.231s] -- Execute custom install script
[3.231s] -- Symlinking: /home/river2000/ur10_ws/install/ur_robot_driver/share/ur_robot_driver//hardware_interface_plugin.xml
[3.252s] -- Symlinking: /home/river2000/ur10_ws/install/ur_robot_driver/lib/ur_robot_driver/dashboard_client
[3.262s] -- Symlinking: /home/river2000/ur10_ws/install/ur_robot_driver/lib/ur_robot_driver/ur_ros2_control_node
[3.272s] -- Symlinking: /home/river2000/ur10_ws/install/ur_robot_driver/lib/ur_robot_driver/controller_stopper_node
[3.282s] -- Symlinking: /home/river2000/ur10_ws/install/ur_robot_driver/lib/ur_robot_driver/urscript_interface
[3.293s] -- Symlinking: /home/river2000/ur10_ws/install/ur_robot_driver/lib/libur_robot_driver_plugin.so
[3.304s] -- Symlinking: /home/river2000/ur10_ws/install/ur_robot_driver/include/ur_robot_driver/controller_stopper.hpp
[3.314s] -- Symlinking: /home/river2000/ur10_ws/install/ur_robot_driver/include/ur_robot_driver/dashboard_client_ros.hpp
[3.324s] -- Symlinking: /home/river2000/ur10_ws/install/ur_robot_driver/include/ur_robot_driver/hardware_interface.hpp
[3.334s] -- Symlinking: /home/river2000/ur10_ws/install/ur_robot_driver/include/ur_robot_driver/urcl_log_handler.hpp
[3.345s] -- Symlinking: /home/river2000/ur10_ws/install/ur_robot_driver/share/ur_robot_driver/environment/library_path.sh
[3.355s] -- Symlinking: /home/river2000/ur10_ws/install/ur_robot_driver/share/ur_robot_driver/environment/library_path.dsv
[3.366s] -- Up-to-date symlink: /home/river2000/ur10_ws/install/ur_robot_driver/include/ur_robot_driver/controller_stopper.hpp
[3.367s] -- Up-to-date symlink: /home/river2000/ur10_ws/install/ur_robot_driver/include/ur_robot_driver/dashboard_client_ros.hpp
[3.367s] -- Up-to-date symlink: /home/river2000/ur10_ws/install/ur_robot_driver/include/ur_robot_driver/hardware_interface.hpp
[3.367s] -- Up-to-date symlink: /home/river2000/ur10_ws/install/ur_robot_driver/include/ur_robot_driver/urcl_log_handler.hpp
[3.367s] -- Symlinking: /home/river2000/ur10_ws/install/ur_robot_driver/share/ur_robot_driver/environment/pythonpath.sh
[3.379s] -- Symlinking: /home/river2000/ur10_ws/install/ur_robot_driver/share/ur_robot_driver/environment/pythonpath.dsv
[3.391s] -- Symlinking: /home/river2000/ur10_ws/install/ur_robot_driver/local/lib/python3.10/dist-packages/ur_robot_driver-2.5.1-py3.10.egg-info/PKG-INFO
[3.402s] -- Symlinking: /home/river2000/ur10_ws/install/ur_robot_driver/local/lib/python3.10/dist-packages/ur_robot_driver-2.5.1-py3.10.egg-info/SOURCES.txt
[3.413s] -- Symlinking: /home/river2000/ur10_ws/install/ur_robot_driver/local/lib/python3.10/dist-packages/ur_robot_driver-2.5.1-py3.10.egg-info/dependency_links.txt
[3.423s] -- Symlinking: /home/river2000/ur10_ws/install/ur_robot_driver/local/lib/python3.10/dist-packages/ur_robot_driver-2.5.1-py3.10.egg-info/top_level.txt
[3.434s] -- Symlinking: /home/river2000/ur10_ws/install/ur_robot_driver/local/lib/python3.10/dist-packages/ur_robot_driver/__init__.py
[3.444s] -- Symlinking: /home/river2000/ur10_ws/install/ur_robot_driver/lib/ur_robot_driver/tool_communication.py
[3.455s] -- Symlinking: /home/river2000/ur10_ws/install/ur_robot_driver/lib/ur_robot_driver/example_move.py
[3.465s] -- Symlinking: /home/river2000/ur10_ws/install/ur_robot_driver/lib/ur_robot_driver/start_ursim.sh
[3.475s] -- Symlinking: /home/river2000/ur10_ws/install/ur_robot_driver/lib/ur_robot_driver/examples.py
[3.496s] -- Symlinking: /home/river2000/ur10_ws/install/ur_robot_driver/lib/ur_robot_driver/force_mode.py
[3.507s] -- Symlinking: /home/river2000/ur10_ws/install/ur_robot_driver/bin/wait_dashboard_server.sh
[3.517s] -- Up-to-date symlink: /home/river2000/ur10_ws/install/ur_robot_driver/lib/ur_robot_driver/start_ursim.sh
[3.518s] -- Symlinking: /home/river2000/ur10_ws/install/ur_robot_driver/share/ur_robot_driver/config/test_goal_publishers_config.yaml
[3.528s] -- Symlinking: /home/river2000/ur10_ws/install/ur_robot_driver/share/ur_robot_driver/config/test_velocity_goal_publishers_config.yaml
[3.549s] -- Symlinking: /home/river2000/ur10_ws/install/ur_robot_driver/share/ur_robot_driver/config/ur10_update_rate.yaml
[3.559s] -- Symlinking: /home/river2000/ur10_ws/install/ur_robot_driver/share/ur_robot_driver/config/ur10e_update_rate.yaml
[3.569s] -- Symlinking: /home/river2000/ur10_ws/install/ur_robot_driver/share/ur_robot_driver/config/ur16e_update_rate.yaml
[3.580s] -- Symlinking: /home/river2000/ur10_ws/install/ur_robot_driver/share/ur_robot_driver/config/ur20_update_rate.yaml
[3.590s] -- Symlinking: /home/river2000/ur10_ws/install/ur_robot_driver/share/ur_robot_driver/config/ur30_update_rate.yaml
[3.600s] -- Symlinking: /home/river2000/ur10_ws/install/ur_robot_driver/share/ur_robot_driver/config/ur3_update_rate.yaml
[3.610s] -- Symlinking: /home/river2000/ur10_ws/install/ur_robot_driver/share/ur_robot_driver/config/ur3e_update_rate.yaml
[3.620s] -- Symlinking: /home/river2000/ur10_ws/install/ur_robot_driver/share/ur_robot_driver/config/ur5_update_rate.yaml
[3.630s] -- Symlinking: /home/river2000/ur10_ws/install/ur_robot_driver/share/ur_robot_driver/config/ur5e_update_rate.yaml
[3.640s] -- Symlinking: /home/river2000/ur10_ws/install/ur_robot_driver/share/ur_robot_driver/config/ur_controllers.yaml
[3.651s] -- Symlinking: /home/river2000/ur10_ws/install/ur_robot_driver/share/ur_robot_driver/launch/test_forward_velocity_controller.launch.py
[3.661s] -- Symlinking: /home/river2000/ur10_ws/install/ur_robot_driver/share/ur_robot_driver/launch/test_joint_trajectory_controller.launch.py
[3.671s] -- Symlinking: /home/river2000/ur10_ws/install/ur_robot_driver/share/ur_robot_driver/launch/test_scaled_joint_trajectory_controller.launch.py
[3.681s] -- Symlinking: /home/river2000/ur10_ws/install/ur_robot_driver/share/ur_robot_driver/launch/ur10.launch.py
[3.691s] -- Symlinking: /home/river2000/ur10_ws/install/ur_robot_driver/share/ur_robot_driver/launch/ur10e.launch.py
[3.701s] -- Symlinking: /home/river2000/ur10_ws/install/ur_robot_driver/share/ur_robot_driver/launch/ur16e.launch.py
[3.711s] -- Symlinking: /home/river2000/ur10_ws/install/ur_robot_driver/share/ur_robot_driver/launch/ur20.launch.py
[3.721s] -- Symlinking: /home/river2000/ur10_ws/install/ur_robot_driver/share/ur_robot_driver/launch/ur3.launch.py
[3.741s] -- Symlinking: /home/river2000/ur10_ws/install/ur_robot_driver/share/ur_robot_driver/launch/ur30.launch.py
[3.762s] -- Symlinking: /home/river2000/ur10_ws/install/ur_robot_driver/share/ur_robot_driver/launch/ur3e.launch.py
[3.782s] -- Symlinking: /home/river2000/ur10_ws/install/ur_robot_driver/share/ur_robot_driver/launch/ur5.launch.py
[3.792s] -- Symlinking: /home/river2000/ur10_ws/install/ur_robot_driver/share/ur_robot_driver/launch/ur5e.launch.py
[3.802s] -- Symlinking: /home/river2000/ur10_ws/install/ur_robot_driver/share/ur_robot_driver/launch/ur_control.launch.py
[3.812s] -- Symlinking: /home/river2000/ur10_ws/install/ur_robot_driver/share/ur_robot_driver/launch/ur_dashboard_client.launch.py
[3.823s] -- Symlinking: /home/river2000/ur10_ws/install/ur_robot_driver/share/ament_index/resource_index/package_run_dependencies/ur_robot_driver
[3.834s] -- Symlinking: /home/river2000/ur10_ws/install/ur_robot_driver/share/ament_index/resource_index/parent_prefix_path/ur_robot_driver
[3.844s] -- Symlinking: /home/river2000/ur10_ws/install/ur_robot_driver/share/ur_robot_driver/environment/ament_prefix_path.sh
[3.854s] -- Symlinking: /home/river2000/ur10_ws/install/ur_robot_driver/share/ur_robot_driver/environment/ament_prefix_path.dsv
[3.864s] -- Symlinking: /home/river2000/ur10_ws/install/ur_robot_driver/share/ur_robot_driver/environment/path.sh
[3.885s] -- Symlinking: /home/river2000/ur10_ws/install/ur_robot_driver/share/ur_robot_driver/environment/path.dsv
[3.895s] -- Symlinking: /home/river2000/ur10_ws/install/ur_robot_driver/share/ur_robot_driver/local_setup.bash
[3.906s] -- Symlinking: /home/river2000/ur10_ws/install/ur_robot_driver/share/ur_robot_driver/local_setup.sh
[3.916s] -- Symlinking: /home/river2000/ur10_ws/install/ur_robot_driver/share/ur_robot_driver/local_setup.zsh
[3.927s] -- Symlinking: /home/river2000/ur10_ws/install/ur_robot_driver/share/ur_robot_driver/local_setup.dsv
[3.936s] -- Symlinking: /home/river2000/ur10_ws/install/ur_robot_driver/share/ur_robot_driver/package.dsv
[3.947s] -- Symlinking: /home/river2000/ur10_ws/install/ur_robot_driver/share/ament_index/resource_index/packages/ur_robot_driver
[3.957s] -- Symlinking: /home/river2000/ur10_ws/install/ur_robot_driver/share/ament_index/resource_index/hardware_interface__pluginlib__plugin/ur_robot_driver
[3.967s] -- Symlinking: /home/river2000/ur10_ws/install/ur_robot_driver/share/ur_robot_driver/cmake/ament_cmake_export_include_directories-extras.cmake
[3.978s] -- Symlinking: /home/river2000/ur10_ws/install/ur_robot_driver/share/ur_robot_driver/cmake/ament_cmake_export_libraries-extras.cmake
[3.989s] -- Symlinking: /home/river2000/ur10_ws/install/ur_robot_driver/share/ur_robot_driver/cmake/ament_cmake_export_dependencies-extras.cmake
[3.999s] -- Symlinking: /home/river2000/ur10_ws/install/ur_robot_driver/share/ur_robot_driver/cmake/ur_robot_driverConfig.cmake
[4.009s] -- Symlinking: /home/river2000/ur10_ws/install/ur_robot_driver/share/ur_robot_driver/cmake/ur_robot_driverConfig-version.cmake
[4.020s] -- Symlinking: /home/river2000/ur10_ws/install/ur_robot_driver/share/ur_robot_driver/package.xml
[4.029s] -- Installing: /home/river2000/ur10_ws/install/ur_robot_driver/share/ur_robot_driver/resources
[4.029s] -- Installing: /home/river2000/ur10_ws/install/ur_robot_driver/share/ur_robot_driver/resources/rtde_input_recipe.txt
[4.030s] -- Installing: /home/river2000/ur10_ws/install/ur_robot_driver/share/ur_robot_driver/resources/externalcontrol-1.0.5.urcap
[4.030s] -- Installing: /home/river2000/ur10_ws/install/ur_robot_driver/share/ur_robot_driver/resources/ros_control.urscript
[4.030s] -- Installing: /home/river2000/ur10_ws/install/ur_robot_driver/share/ur_robot_driver/resources/rs485-1.0.urcap
[4.031s] -- Installing: /home/river2000/ur10_ws/install/ur_robot_driver/share/ur_robot_driver/resources/rtde_output_recipe.txt
[4.061s] Listing '/home/river2000/ur10_ws/install/ur_robot_driver/local/lib/python3.10/dist-packages/ur_robot_driver'...
[4.061s] Compiling '/home/river2000/ur10_ws/install/ur_robot_driver/local/lib/python3.10/dist-packages/ur_robot_driver/__init__.py'...
[4.069s] Invoked command in '/home/river2000/ur10_ws/build/ur_robot_driver' returned '0': CMAKE_PREFIX_PATH=/home/river2000/ur10_ws/install/ur_controllers:/home/river2000/ur10_ws/install/ur_description:/home/river2000/ur10_ws/install/ur_dashboard_msgs:/home/river2000/ur10_ws/install/ur:/home/river2000/ur10_ws/install/ur_calibration:/home/river2000/ur10_ws/install/ur_robot_driver:/home/river2000/ur10_ws/install/ur_pick_and_place_moveit:/home/river2000/ur10_ws/install/ur_moveit_config:/home/river2000/ur10_ws/install/ur_bringup:/home/river2000/ur10_ws/install/ros2_ur_moveit_examples:/opt/ros/humble LD_LIBRARY_PATH=/home/river2000/ur10_ws/install/ur_controllers/lib:/home/river2000/ur10_ws/install/ur_dashboard_msgs/lib:/home/river2000/ur10_ws/install/ur_robot_driver/lib:/usr/local/cuda-11.8/lib64:/usr/lib/x86_64-linux-gnu/gazebo-11/plugins:/opt/ros/humble/opt/rviz_ogre_vendor/lib:/opt/ros/humble/lib/x86_64-linux-gnu:/opt/ros/humble/lib /usr/bin/cmake --install /home/river2000/ur10_ws/build/ur_robot_driver
