[0.127s] Invoking command in '/home/river2000/ur10_ws/build/ur': CMAKE_PREFIX_PATH=/home/river2000/ur10_ws/install/ur_calibration:/home/river2000/ur10_ws/install/ur_robot_driver:/home/river2000/ur10_ws/install/ur_moveit_config:/home/river2000/ur10_ws/install/ur_controllers:/home/river2000/ur10_ws/install/ur_description:/home/river2000/ur10_ws/install/ur_dashboard_msgs:/home/river2000/ur10_ws/install/ur:/home/river2000/ur10_ws/install/ur_pick_and_place_moveit:/home/river2000/ur10_ws/install/ur_bringup:/home/river2000/ur10_ws/install/ros2_ur_moveit_examples:/opt/ros/humble /usr/bin/cmake /home/river2000/ur10_ws/src/Universal_Robots_ROS2_Driver/ur -DCMAKE_BUILD_TYPE=Release -DCMAKE_INSTALL_PREFIX=/home/river2000/ur10_ws/install/ur
[0.174s] -- Found ament_cmake: 1.3.11 (/opt/ros/humble/share/ament_cmake/cmake)
[0.702s] -- Override CMake install command with custom implementation using symlinks instead of copying resources
[0.722s] -- Found ament_lint_auto: 0.12.11 (/opt/ros/humble/share/ament_lint_auto/cmake)
[0.969s] -- Added test 'lint_cmake' to check CMake code style
[0.970s] -- Added test 'xmllint' to check XML markup files
[0.973s] -- Configuring done
[0.986s] -- Generating done
[0.995s] -- Build files have been written to: /home/river2000/ur10_ws/build/ur
[1.004s] Invoked command in '/home/river2000/ur10_ws/build/ur' returned '0': CMAKE_PREFIX_PATH=/home/river2000/ur10_ws/install/ur_calibration:/home/river2000/ur10_ws/install/ur_robot_driver:/home/river2000/ur10_ws/install/ur_moveit_config:/home/river2000/ur10_ws/install/ur_controllers:/home/river2000/ur10_ws/install/ur_description:/home/river2000/ur10_ws/install/ur_dashboard_msgs:/home/river2000/ur10_ws/install/ur:/home/river2000/ur10_ws/install/ur_pick_and_place_moveit:/home/river2000/ur10_ws/install/ur_bringup:/home/river2000/ur10_ws/install/ros2_ur_moveit_examples:/opt/ros/humble /usr/bin/cmake /home/river2000/ur10_ws/src/Universal_Robots_ROS2_Driver/ur -DCMAKE_BUILD_TYPE=Release -DCMAKE_INSTALL_PREFIX=/home/river2000/ur10_ws/install/ur
[1.007s] Invoking command in '/home/river2000/ur10_ws/build/ur': CMAKE_PREFIX_PATH=/home/river2000/ur10_ws/install/ur_calibration:/home/river2000/ur10_ws/install/ur_robot_driver:/home/river2000/ur10_ws/install/ur_moveit_config:/home/river2000/ur10_ws/install/ur_controllers:/home/river2000/ur10_ws/install/ur_description:/home/river2000/ur10_ws/install/ur_dashboard_msgs:/home/river2000/ur10_ws/install/ur:/home/river2000/ur10_ws/install/ur_pick_and_place_moveit:/home/river2000/ur10_ws/install/ur_bringup:/home/river2000/ur10_ws/install/ros2_ur_moveit_examples:/opt/ros/humble /usr/bin/cmake --build /home/river2000/ur10_ws/build/ur -- -j16 -l16
[1.187s] Invoked command in '/home/river2000/ur10_ws/build/ur' returned '0': CMAKE_PREFIX_PATH=/home/river2000/ur10_ws/install/ur_calibration:/home/river2000/ur10_ws/install/ur_robot_driver:/home/river2000/ur10_ws/install/ur_moveit_config:/home/river2000/ur10_ws/install/ur_controllers:/home/river2000/ur10_ws/install/ur_description:/home/river2000/ur10_ws/install/ur_dashboard_msgs:/home/river2000/ur10_ws/install/ur:/home/river2000/ur10_ws/install/ur_pick_and_place_moveit:/home/river2000/ur10_ws/install/ur_bringup:/home/river2000/ur10_ws/install/ros2_ur_moveit_examples:/opt/ros/humble /usr/bin/cmake --build /home/river2000/ur10_ws/build/ur -- -j16 -l16
[1.191s] Invoking command in '/home/river2000/ur10_ws/build/ur': CMAKE_PREFIX_PATH=/home/river2000/ur10_ws/install/ur_calibration:/home/river2000/ur10_ws/install/ur_robot_driver:/home/river2000/ur10_ws/install/ur_moveit_config:/home/river2000/ur10_ws/install/ur_controllers:/home/river2000/ur10_ws/install/ur_description:/home/river2000/ur10_ws/install/ur_dashboard_msgs:/home/river2000/ur10_ws/install/ur:/home/river2000/ur10_ws/install/ur_pick_and_place_moveit:/home/river2000/ur10_ws/install/ur_bringup:/home/river2000/ur10_ws/install/ros2_ur_moveit_examples:/opt/ros/humble /usr/bin/cmake --install /home/river2000/ur10_ws/build/ur
[1.223s] -- Install configuration: "Release"
[1.225s] -- Execute custom install script
[1.225s] -- Up-to-date symlink: /home/river2000/ur10_ws/install/ur/share/ament_index/resource_index/package_run_dependencies/ur
[1.226s] -- Up-to-date symlink: /home/river2000/ur10_ws/install/ur/share/ament_index/resource_index/parent_prefix_path/ur
[1.227s] -- Up-to-date symlink: /home/river2000/ur10_ws/install/ur/share/ur/environment/ament_prefix_path.sh
[1.227s] -- Up-to-date symlink: /home/river2000/ur10_ws/install/ur/share/ur/environment/ament_prefix_path.dsv
[1.230s] -- Up-to-date symlink: /home/river2000/ur10_ws/install/ur/share/ur/environment/path.sh
[1.230s] -- Up-to-date symlink: /home/river2000/ur10_ws/install/ur/share/ur/environment/path.dsv
[1.230s] -- Up-to-date symlink: /home/river2000/ur10_ws/install/ur/share/ur/local_setup.bash
[1.231s] -- Up-to-date symlink: /home/river2000/ur10_ws/install/ur/share/ur/local_setup.sh
[1.231s] -- Up-to-date symlink: /home/river2000/ur10_ws/install/ur/share/ur/local_setup.zsh
[1.235s] -- Up-to-date symlink: /home/river2000/ur10_ws/install/ur/share/ur/local_setup.dsv
[1.235s] -- Symlinking: /home/river2000/ur10_ws/install/ur/share/ur/package.dsv
[1.263s] -- Up-to-date symlink: /home/river2000/ur10_ws/install/ur/share/ament_index/resource_index/packages/ur
[1.264s] -- Up-to-date symlink: /home/river2000/ur10_ws/install/ur/share/ur/cmake/urConfig.cmake
[1.265s] -- Up-to-date symlink: /home/river2000/ur10_ws/install/ur/share/ur/cmake/urConfig-version.cmake
[1.267s] -- Up-to-date symlink: /home/river2000/ur10_ws/install/ur/share/ur/package.xml
[1.271s] Invoked command in '/home/river2000/ur10_ws/build/ur' returned '0': CMAKE_PREFIX_PATH=/home/river2000/ur10_ws/install/ur_calibration:/home/river2000/ur10_ws/install/ur_robot_driver:/home/river2000/ur10_ws/install/ur_moveit_config:/home/river2000/ur10_ws/install/ur_controllers:/home/river2000/ur10_ws/install/ur_description:/home/river2000/ur10_ws/install/ur_dashboard_msgs:/home/river2000/ur10_ws/install/ur:/home/river2000/ur10_ws/install/ur_pick_and_place_moveit:/home/river2000/ur10_ws/install/ur_bringup:/home/river2000/ur10_ws/install/ros2_ur_moveit_examples:/opt/ros/humble /usr/bin/cmake --install /home/river2000/ur10_ws/build/ur
