[0.038s] Invoking command in '/home/river2000/ur10_ws/build/moveit_task_constructor_demo': AMENT_PREFIX_PATH=/home/river2000/ur10_ws/install/moveit_task_constructor_capabilities:/home/river2000/ur10_ws/install/moveit_task_constructor_core:/home/river2000/ur10_ws/install/rviz_marker_tools:/home/river2000/ur10_ws/install/moveit_task_constructor_msgs:${AMENT_PREFIX_PATH} CMAKE_MODULE_PATH=/home/river2000/ur10_ws/install/moveit_task_constructor_core/share/moveit_task_constructor_core/cmake CMAKE_PREFIX_PATH=/home/river2000/ur10_ws/install/moveit_task_constructor_capabilities:/home/river2000/ur10_ws/install/moveit_task_constructor_core:/home/river2000/ur10_ws/install/rviz_marker_tools:/home/river2000/ur10_ws/install/moveit_task_constructor_msgs:/home/river2000/ur10_ws/install/ur:/home/river2000/ur10_ws/install/ur_calibration:/home/river2000/ur10_ws/install/ur_robot_driver:/home/river2000/ur10_ws/install/ur_pick_and_place_moveit:/home/river2000/ur10_ws/install/ur_moveit_config:/home/river2000/ur10_ws/install/ur_bringup:/home/river2000/ur10_ws/install/ur_description:/home/river2000/ur10_ws/install/ur_controllers:/home/river2000/ur10_ws/install/ur_dashboard_msgs:/home/river2000/ur10_ws/install/ros2_ur_moveit_examples:/opt/ros/humble LD_LIBRARY_PATH=/home/river2000/ur10_ws/install/moveit_task_constructor_capabilities/lib:/home/river2000/ur10_ws/install/moveit_task_constructor_core/lib:/home/river2000/ur10_ws/install/rviz_marker_tools/lib:/home/river2000/ur10_ws/install/moveit_task_constructor_msgs/lib:${LD_LIBRARY_PATH} PYTHONPATH=/home/river2000/ur10_ws/install/moveit_task_constructor_core/local/lib/python3.10/dist-packages:/home/river2000/ur10_ws/install/moveit_task_constructor_msgs/local/lib/python3.10/dist-packages:${PYTHONPATH} /usr/bin/cmake /home/river2000/ur10_ws/src/moveit_task_constructor/demo -DCMAKE_BUILD_TYPE=Release -DCMAKE_INSTALL_PREFIX=/home/river2000/ur10_ws/install/moveit_task_constructor_demo
[0.137s] -- The C compiler identification is GNU 12.3.0
[0.232s] -- The CXX compiler identification is GNU 11.4.0
[0.249s] -- Detecting C compiler ABI info
[0.343s] -- Detecting C compiler ABI info - done
[0.361s] -- Check for working C compiler: /usr/lib/ccache/cc - skipped
[0.361s] -- Detecting C compile features
[0.362s] -- Detecting C compile features - done
[0.369s] -- Detecting CXX compiler ABI info
[0.465s] -- Detecting CXX compiler ABI info - done
[0.471s] -- Check for working CXX compiler: /usr/lib/ccache/g++ - skipped
[0.472s] -- Detecting CXX compile features
[0.472s] -- Detecting CXX compile features - done
[0.476s] -- Found ament_cmake: 1.3.11 (/opt/ros/humble/share/ament_cmake/cmake)
[0.882s] -- Found Python3: /usr/bin/python3 (found version "3.10.12") found components: Interpreter 
[1.029s] -- Found generate_parameter_library: 0.3.9 (/opt/ros/humble/share/generate_parameter_library/cmake)
[1.037s] -- Found parameter_traits: 0.3.9 (/opt/ros/humble/share/parameter_traits/cmake)
[1.106s] -- Found rosidl_generator_c: 3.1.6 (/opt/ros/humble/share/rosidl_generator_c/cmake)
[1.115s] -- Found rosidl_adapter: 3.1.6 (/opt/ros/humble/share/rosidl_adapter/cmake)
[1.126s] -- Found rosidl_generator_cpp: 3.1.6 (/opt/ros/humble/share/rosidl_generator_cpp/cmake)
[1.141s] -- Using all available rosidl_typesupport_c: rosidl_typesupport_fastrtps_c;rosidl_typesupport_introspection_c
[1.162s] -- Using all available rosidl_typesupport_cpp: rosidl_typesupport_fastrtps_cpp;rosidl_typesupport_introspection_cpp
[1.222s] -- Found rmw_implementation_cmake: 6.1.2 (/opt/ros/humble/share/rmw_implementation_cmake/cmake)
[1.227s] -- Found rmw_fastrtps_cpp: 6.2.7 (/opt/ros/humble/share/rmw_fastrtps_cpp/cmake)
[1.414s] -- Found OpenSSL: /usr/lib/x86_64-linux-gnu/libcrypto.so (found version "3.0.2")  
[1.453s] -- Found FastRTPS: /opt/ros/humble/include  
[1.516s] -- Using RMW implementation 'rmw_fastrtps_cpp' as default
[1.531s] -- Looking for pthread.h
[1.670s] -- Looking for pthread.h - found
[1.671s] -- Performing Test CMAKE_HAVE_LIBC_PTHREAD
[1.796s] -- Performing Test CMAKE_HAVE_LIBC_PTHREAD - Success
[1.797s] -- Found Threads: TRUE  
[1.878s] -- Found rclcpp_lifecycle: 16.0.11 (/opt/ros/humble/share/rclcpp_lifecycle/cmake)
[1.902s] -- Found moveit_common: 2.5.6 (/opt/ros/humble/share/moveit_common/cmake)
[1.989s] -- Found moveit_core: 2.5.6 (/opt/ros/humble/share/moveit_core/cmake)
[2.045s] -- Found Boost: /usr/lib/x86_64-linux-gnu/cmake/Boost-1.74.0/BoostConfig.cmake (found version "1.74.0") found components: chrono date_time filesystem iostreams program_options regex serialization system thread 
[2.097s] -- Found Boost: /usr/lib/x86_64-linux-gnu/cmake/Boost-1.74.0/BoostConfig.cmake (found version "1.74.0") found components: filesystem 
[2.276s] -- library: /usr/lib/x86_64-linux-gnu/libcurl.so
[2.348s] -- Found Eigen3: TRUE (found version "3.4.0") 
[2.348s] -- Ensuring Eigen3 include directory is part of orocos-kdl CMake target
[2.627s] -- Found moveit_ros_planning: 2.5.6 (/opt/ros/humble/share/moveit_ros_planning/cmake)
[2.632s] -- Found Boost: /usr/lib/x86_64-linux-gnu/cmake/Boost-1.74.0/BoostConfig.cmake (found version "1.74.0") found components: system filesystem date_time program_options thread chrono 
[2.658s] -- Found moveit_ros_planning_interface: 2.5.6 (/opt/ros/humble/share/moveit_ros_planning_interface/cmake)
[2.663s] -- Found Boost: /usr/lib/x86_64-linux-gnu/cmake/Boost-1.74.0/BoostConfig.cmake (found version "1.74.0") found components: date_time filesystem program_options system thread 
[2.678s] -- Found Boost: /usr/lib/x86_64-linux-gnu/cmake/Boost-1.74.0/BoostConfig.cmake (found version "1.74.0") found components: thread system filesystem regex date_time program_options 
[2.703s] -- Found Boost: /usr/lib/x86_64-linux-gnu/cmake/Boost-1.74.0/BoostConfig.cmake (found version "1.74.0") found components: system filesystem date_time program_options thread 
[2.731s] -- Found moveit_task_constructor_core: 0.1.3 (/home/river2000/ur10_ws/install/moveit_task_constructor_core/share/moveit_task_constructor_core/cmake)
[2.816s] -- Configuring done
[2.940s] -- Generating done
[2.978s] -- Build files have been written to: /home/river2000/ur10_ws/build/moveit_task_constructor_demo
[2.997s] Invoked command in '/home/river2000/ur10_ws/build/moveit_task_constructor_demo' returned '0': AMENT_PREFIX_PATH=/home/river2000/ur10_ws/install/moveit_task_constructor_capabilities:/home/river2000/ur10_ws/install/moveit_task_constructor_core:/home/river2000/ur10_ws/install/rviz_marker_tools:/home/river2000/ur10_ws/install/moveit_task_constructor_msgs:${AMENT_PREFIX_PATH} CMAKE_MODULE_PATH=/home/river2000/ur10_ws/install/moveit_task_constructor_core/share/moveit_task_constructor_core/cmake CMAKE_PREFIX_PATH=/home/river2000/ur10_ws/install/moveit_task_constructor_capabilities:/home/river2000/ur10_ws/install/moveit_task_constructor_core:/home/river2000/ur10_ws/install/rviz_marker_tools:/home/river2000/ur10_ws/install/moveit_task_constructor_msgs:/home/river2000/ur10_ws/install/ur:/home/river2000/ur10_ws/install/ur_calibration:/home/river2000/ur10_ws/install/ur_robot_driver:/home/river2000/ur10_ws/install/ur_pick_and_place_moveit:/home/river2000/ur10_ws/install/ur_moveit_config:/home/river2000/ur10_ws/install/ur_bringup:/home/river2000/ur10_ws/install/ur_description:/home/river2000/ur10_ws/install/ur_controllers:/home/river2000/ur10_ws/install/ur_dashboard_msgs:/home/river2000/ur10_ws/install/ros2_ur_moveit_examples:/opt/ros/humble LD_LIBRARY_PATH=/home/river2000/ur10_ws/install/moveit_task_constructor_capabilities/lib:/home/river2000/ur10_ws/install/moveit_task_constructor_core/lib:/home/river2000/ur10_ws/install/rviz_marker_tools/lib:/home/river2000/ur10_ws/install/moveit_task_constructor_msgs/lib:${LD_LIBRARY_PATH} PYTHONPATH=/home/river2000/ur10_ws/install/moveit_task_constructor_core/local/lib/python3.10/dist-packages:/home/river2000/ur10_ws/install/moveit_task_constructor_msgs/local/lib/python3.10/dist-packages:${PYTHONPATH} /usr/bin/cmake /home/river2000/ur10_ws/src/moveit_task_constructor/demo -DCMAKE_BUILD_TYPE=Release -DCMAKE_INSTALL_PREFIX=/home/river2000/ur10_ws/install/moveit_task_constructor_demo
[3.001s] Invoking command in '/home/river2000/ur10_ws/build/moveit_task_constructor_demo': AMENT_PREFIX_PATH=/home/river2000/ur10_ws/install/moveit_task_constructor_capabilities:/home/river2000/ur10_ws/install/moveit_task_constructor_core:/home/river2000/ur10_ws/install/rviz_marker_tools:/home/river2000/ur10_ws/install/moveit_task_constructor_msgs:${AMENT_PREFIX_PATH} CMAKE_MODULE_PATH=/home/river2000/ur10_ws/install/moveit_task_constructor_core/share/moveit_task_constructor_core/cmake CMAKE_PREFIX_PATH=/home/river2000/ur10_ws/install/moveit_task_constructor_capabilities:/home/river2000/ur10_ws/install/moveit_task_constructor_core:/home/river2000/ur10_ws/install/rviz_marker_tools:/home/river2000/ur10_ws/install/moveit_task_constructor_msgs:/home/river2000/ur10_ws/install/ur:/home/river2000/ur10_ws/install/ur_calibration:/home/river2000/ur10_ws/install/ur_robot_driver:/home/river2000/ur10_ws/install/ur_pick_and_place_moveit:/home/river2000/ur10_ws/install/ur_moveit_config:/home/river2000/ur10_ws/install/ur_bringup:/home/river2000/ur10_ws/install/ur_description:/home/river2000/ur10_ws/install/ur_controllers:/home/river2000/ur10_ws/install/ur_dashboard_msgs:/home/river2000/ur10_ws/install/ros2_ur_moveit_examples:/opt/ros/humble LD_LIBRARY_PATH=/home/river2000/ur10_ws/install/moveit_task_constructor_capabilities/lib:/home/river2000/ur10_ws/install/moveit_task_constructor_core/lib:/home/river2000/ur10_ws/install/rviz_marker_tools/lib:/home/river2000/ur10_ws/install/moveit_task_constructor_msgs/lib:${LD_LIBRARY_PATH} PYTHONPATH=/home/river2000/ur10_ws/install/moveit_task_constructor_core/local/lib/python3.10/dist-packages:/home/river2000/ur10_ws/install/moveit_task_constructor_msgs/local/lib/python3.10/dist-packages:${PYTHONPATH} /usr/bin/cmake --build /home/river2000/ur10_ws/build/moveit_task_constructor_demo -- -j16 -l16
[3.104s] [ 12%] [34m[1mRunning `/opt/ros/humble/bin/generate_parameter_library_cpp /home/river2000/ur10_ws/build/moveit_task_constructor_demo/pick_place_demo_parameters/include//pick_place_demo_parameters.hpp /home/river2000/ur10_ws/src/moveit_task_constructor/demo/src/pick_place_demo_parameters.yaml `[0m
[3.104s] [ 12%] [34m[1mRunning `/opt/ros/humble/bin/generate_parameter_library_cpp /home/river2000/ur10_ws/build/moveit_task_constructor_demo/ik_clearance_cost_parameters/include//ik_clearance_cost_parameters.hpp /home/river2000/ur10_ws/src/moveit_task_constructor/demo/src/ik_clearance_cost_parameters.yaml `[0m
[3.105s] [ 25%] [32mBuilding CXX object CMakeFiles/moveit_task_constructor_demo_fallbacks_move_to.dir/src/fallbacks_move_to.cpp.o[0m
[3.105s] [ 25%] [32mBuilding CXX object CMakeFiles/moveit_task_constructor_demo_cartesian.dir/src/cartesian.cpp.o[0m
[3.106s] [ 31%] [32mBuilding CXX object CMakeFiles/moveit_task_constructor_demo_modular.dir/src/modular.cpp.o[0m
[3.107s] [ 37%] [32mBuilding CXX object CMakeFiles/moveit_task_constructor_demo_alternative_path_costs.dir/src/alternative_path_costs.cpp.o[0m
[3.403s] [ 37%] Built target ik_clearance_cost_parameters
[3.446s] [ 43%] [32mBuilding CXX object CMakeFiles/moveit_task_constructor_demo_ik_clearance_cost.dir/src/ik_clearance_cost.cpp.o[0m
[4.120s] [ 43%] Built target pick_place_demo_parameters
[4.165s] [ 50%] [32mBuilding CXX object CMakeFiles/moveit_task_constructor_demo_pick_place_task.dir/src/pick_place_task.cpp.o[0m
[26.051s] [ 56%] [32m[1mLinking CXX executable cartesian[0m
[26.158s] [ 62%] [32m[1mLinking CXX executable alternative_path_costs[0m
[27.049s] [ 68%] [32m[1mLinking CXX executable modular[0m
[27.543s] [ 68%] Built target moveit_task_constructor_demo_cartesian
[27.732s] [ 68%] Built target moveit_task_constructor_demo_alternative_path_costs
[28.115s] [ 75%] [32m[1mLinking CXX executable fallbacks_move_to[0m
[28.425s] [ 75%] Built target moveit_task_constructor_demo_modular
[29.362s] [ 75%] Built target moveit_task_constructor_demo_fallbacks_move_to
[30.249s] [ 81%] [32m[1mLinking CXX executable ik_clearance_cost[0m
[31.453s] [ 81%] Built target moveit_task_constructor_demo_ik_clearance_cost
[36.498s] [ 87%] [32m[1mLinking CXX shared library libmoveit_task_constructor_demo_pick_place_task.so[0m
[36.903s] [ 87%] Built target moveit_task_constructor_demo_pick_place_task
[36.945s] [ 93%] [32mBuilding CXX object CMakeFiles/moveit_task_constructor_demo_pick_place_demo.dir/src/pick_place_demo.cpp.o[0m
[54.498s] [100%] [32m[1mLinking CXX executable pick_place_demo[0m
[54.908s] [100%] Built target moveit_task_constructor_demo_pick_place_demo
[54.940s] Invoked command in '/home/river2000/ur10_ws/build/moveit_task_constructor_demo' returned '0': AMENT_PREFIX_PATH=/home/river2000/ur10_ws/install/moveit_task_constructor_capabilities:/home/river2000/ur10_ws/install/moveit_task_constructor_core:/home/river2000/ur10_ws/install/rviz_marker_tools:/home/river2000/ur10_ws/install/moveit_task_constructor_msgs:${AMENT_PREFIX_PATH} CMAKE_MODULE_PATH=/home/river2000/ur10_ws/install/moveit_task_constructor_core/share/moveit_task_constructor_core/cmake CMAKE_PREFIX_PATH=/home/river2000/ur10_ws/install/moveit_task_constructor_capabilities:/home/river2000/ur10_ws/install/moveit_task_constructor_core:/home/river2000/ur10_ws/install/rviz_marker_tools:/home/river2000/ur10_ws/install/moveit_task_constructor_msgs:/home/river2000/ur10_ws/install/ur:/home/river2000/ur10_ws/install/ur_calibration:/home/river2000/ur10_ws/install/ur_robot_driver:/home/river2000/ur10_ws/install/ur_pick_and_place_moveit:/home/river2000/ur10_ws/install/ur_moveit_config:/home/river2000/ur10_ws/install/ur_bringup:/home/river2000/ur10_ws/install/ur_description:/home/river2000/ur10_ws/install/ur_controllers:/home/river2000/ur10_ws/install/ur_dashboard_msgs:/home/river2000/ur10_ws/install/ros2_ur_moveit_examples:/opt/ros/humble LD_LIBRARY_PATH=/home/river2000/ur10_ws/install/moveit_task_constructor_capabilities/lib:/home/river2000/ur10_ws/install/moveit_task_constructor_core/lib:/home/river2000/ur10_ws/install/rviz_marker_tools/lib:/home/river2000/ur10_ws/install/moveit_task_constructor_msgs/lib:${LD_LIBRARY_PATH} PYTHONPATH=/home/river2000/ur10_ws/install/moveit_task_constructor_core/local/lib/python3.10/dist-packages:/home/river2000/ur10_ws/install/moveit_task_constructor_msgs/local/lib/python3.10/dist-packages:${PYTHONPATH} /usr/bin/cmake --build /home/river2000/ur10_ws/build/moveit_task_constructor_demo -- -j16 -l16
[54.943s] Invoking command in '/home/river2000/ur10_ws/build/moveit_task_constructor_demo': AMENT_PREFIX_PATH=/home/river2000/ur10_ws/install/moveit_task_constructor_capabilities:/home/river2000/ur10_ws/install/moveit_task_constructor_core:/home/river2000/ur10_ws/install/rviz_marker_tools:/home/river2000/ur10_ws/install/moveit_task_constructor_msgs:${AMENT_PREFIX_PATH} CMAKE_MODULE_PATH=/home/river2000/ur10_ws/install/moveit_task_constructor_core/share/moveit_task_constructor_core/cmake CMAKE_PREFIX_PATH=/home/river2000/ur10_ws/install/moveit_task_constructor_capabilities:/home/river2000/ur10_ws/install/moveit_task_constructor_core:/home/river2000/ur10_ws/install/rviz_marker_tools:/home/river2000/ur10_ws/install/moveit_task_constructor_msgs:/home/river2000/ur10_ws/install/ur:/home/river2000/ur10_ws/install/ur_calibration:/home/river2000/ur10_ws/install/ur_robot_driver:/home/river2000/ur10_ws/install/ur_pick_and_place_moveit:/home/river2000/ur10_ws/install/ur_moveit_config:/home/river2000/ur10_ws/install/ur_bringup:/home/river2000/ur10_ws/install/ur_description:/home/river2000/ur10_ws/install/ur_controllers:/home/river2000/ur10_ws/install/ur_dashboard_msgs:/home/river2000/ur10_ws/install/ros2_ur_moveit_examples:/opt/ros/humble LD_LIBRARY_PATH=/home/river2000/ur10_ws/install/moveit_task_constructor_capabilities/lib:/home/river2000/ur10_ws/install/moveit_task_constructor_core/lib:/home/river2000/ur10_ws/install/rviz_marker_tools/lib:/home/river2000/ur10_ws/install/moveit_task_constructor_msgs/lib:${LD_LIBRARY_PATH} PYTHONPATH=/home/river2000/ur10_ws/install/moveit_task_constructor_core/local/lib/python3.10/dist-packages:/home/river2000/ur10_ws/install/moveit_task_constructor_msgs/local/lib/python3.10/dist-packages:${PYTHONPATH} /usr/bin/cmake --install /home/river2000/ur10_ws/build/moveit_task_constructor_demo
[54.954s] -- Install configuration: "Release"
[54.955s] -- Installing: /home/river2000/ur10_ws/install/moveit_task_constructor_demo/lib/libmoveit_task_constructor_demo_pick_place_task.so
[54.955s] -- Set runtime path of "/home/river2000/ur10_ws/install/moveit_task_constructor_demo/lib/libmoveit_task_constructor_demo_pick_place_task.so" to ""
[54.956s] -- Installing: /home/river2000/ur10_ws/install/moveit_task_constructor_demo/lib/moveit_task_constructor_demo/cartesian
[54.956s] -- Set runtime path of "/home/river2000/ur10_ws/install/moveit_task_constructor_demo/lib/moveit_task_constructor_demo/cartesian" to ""
[54.956s] -- Installing: /home/river2000/ur10_ws/install/moveit_task_constructor_demo/lib/moveit_task_constructor_demo/modular
[54.957s] -- Set runtime path of "/home/river2000/ur10_ws/install/moveit_task_constructor_demo/lib/moveit_task_constructor_demo/modular" to ""
[54.957s] -- Installing: /home/river2000/ur10_ws/install/moveit_task_constructor_demo/lib/moveit_task_constructor_demo/alternative_path_costs
[54.957s] -- Set runtime path of "/home/river2000/ur10_ws/install/moveit_task_constructor_demo/lib/moveit_task_constructor_demo/alternative_path_costs" to ""
[54.958s] -- Installing: /home/river2000/ur10_ws/install/moveit_task_constructor_demo/include/ik_clearance_cost_parameters
[54.958s] -- Installing: /home/river2000/ur10_ws/install/moveit_task_constructor_demo/include/ik_clearance_cost_parameters/ik_clearance_cost_parameters.hpp
[54.958s] -- Installing: /home/river2000/ur10_ws/install/moveit_task_constructor_demo/lib/moveit_task_constructor_demo/ik_clearance_cost
[54.958s] -- Set runtime path of "/home/river2000/ur10_ws/install/moveit_task_constructor_demo/lib/moveit_task_constructor_demo/ik_clearance_cost" to ""
[54.958s] -- Installing: /home/river2000/ur10_ws/install/moveit_task_constructor_demo/lib/moveit_task_constructor_demo/fallbacks_move_to
[54.959s] -- Set runtime path of "/home/river2000/ur10_ws/install/moveit_task_constructor_demo/lib/moveit_task_constructor_demo/fallbacks_move_to" to ""
[54.959s] -- Installing: /home/river2000/ur10_ws/install/moveit_task_constructor_demo/include/pick_place_demo_parameters
[54.959s] -- Installing: /home/river2000/ur10_ws/install/moveit_task_constructor_demo/include/pick_place_demo_parameters/pick_place_demo_parameters.hpp
[54.960s] -- Installing: /home/river2000/ur10_ws/install/moveit_task_constructor_demo/lib/moveit_task_constructor_demo/pick_place_demo
[54.960s] -- Set runtime path of "/home/river2000/ur10_ws/install/moveit_task_constructor_demo/lib/moveit_task_constructor_demo/pick_place_demo" to ""
[54.960s] -- Installing: /home/river2000/ur10_ws/install/moveit_task_constructor_demo/lib/moveit_task_constructor_demo/alternatives.py
[54.961s] -- Installing: /home/river2000/ur10_ws/install/moveit_task_constructor_demo/lib/moveit_task_constructor_demo/cartesian.py
[54.961s] -- Installing: /home/river2000/ur10_ws/install/moveit_task_constructor_demo/lib/moveit_task_constructor_demo/compute_ik.py
[54.961s] -- Installing: /home/river2000/ur10_ws/install/moveit_task_constructor_demo/lib/moveit_task_constructor_demo/constrained.py
[54.962s] -- Installing: /home/river2000/ur10_ws/install/moveit_task_constructor_demo/lib/moveit_task_constructor_demo/current_state.py
[54.962s] -- Installing: /home/river2000/ur10_ws/install/moveit_task_constructor_demo/lib/moveit_task_constructor_demo/fallbacks.py
[54.962s] -- Installing: /home/river2000/ur10_ws/install/moveit_task_constructor_demo/lib/moveit_task_constructor_demo/fix_collision_objects.py
[54.962s] -- Installing: /home/river2000/ur10_ws/install/moveit_task_constructor_demo/lib/moveit_task_constructor_demo/fixed_state.py
[54.963s] -- Installing: /home/river2000/ur10_ws/install/moveit_task_constructor_demo/lib/moveit_task_constructor_demo/generate_pose.py
[54.963s] -- Installing: /home/river2000/ur10_ws/install/moveit_task_constructor_demo/lib/moveit_task_constructor_demo/merger.py
[54.963s] -- Installing: /home/river2000/ur10_ws/install/moveit_task_constructor_demo/lib/moveit_task_constructor_demo/modify_planning_scene.py
[54.964s] -- Installing: /home/river2000/ur10_ws/install/moveit_task_constructor_demo/lib/moveit_task_constructor_demo/multi_planner.py
[54.964s] -- Installing: /home/river2000/ur10_ws/install/moveit_task_constructor_demo/lib/moveit_task_constructor_demo/pickplace.py
[54.964s] -- Installing: /home/river2000/ur10_ws/install/moveit_task_constructor_demo/lib/moveit_task_constructor_demo/properties.py
[54.964s] -- Installing: /home/river2000/ur10_ws/install/moveit_task_constructor_demo/share/moveit_task_constructor_demo/launch
[54.965s] -- Installing: /home/river2000/ur10_ws/install/moveit_task_constructor_demo/share/moveit_task_constructor_demo/launch/run.launch.py
[54.965s] -- Installing: /home/river2000/ur10_ws/install/moveit_task_constructor_demo/share/moveit_task_constructor_demo/launch/demo.launch.py
[54.965s] -- Installing: /home/river2000/ur10_ws/install/moveit_task_constructor_demo/share/moveit_task_constructor_demo/config
[54.965s] -- Installing: /home/river2000/ur10_ws/install/moveit_task_constructor_demo/share/moveit_task_constructor_demo/config/panda_config.yaml
[54.965s] -- Installing: /home/river2000/ur10_ws/install/moveit_task_constructor_demo/share/moveit_task_constructor_demo/config/mtc.rviz
[54.966s] -- Installing: /home/river2000/ur10_ws/install/moveit_task_constructor_demo/share/ament_index/resource_index/package_run_dependencies/moveit_task_constructor_demo
[54.966s] -- Installing: /home/river2000/ur10_ws/install/moveit_task_constructor_demo/share/ament_index/resource_index/parent_prefix_path/moveit_task_constructor_demo
[54.966s] -- Installing: /home/river2000/ur10_ws/install/moveit_task_constructor_demo/share/moveit_task_constructor_demo/environment/ament_prefix_path.sh
[54.967s] -- Installing: /home/river2000/ur10_ws/install/moveit_task_constructor_demo/share/moveit_task_constructor_demo/environment/ament_prefix_path.dsv
[54.967s] -- Installing: /home/river2000/ur10_ws/install/moveit_task_constructor_demo/share/moveit_task_constructor_demo/environment/path.sh
[54.967s] -- Installing: /home/river2000/ur10_ws/install/moveit_task_constructor_demo/share/moveit_task_constructor_demo/environment/path.dsv
[54.967s] -- Installing: /home/river2000/ur10_ws/install/moveit_task_constructor_demo/share/moveit_task_constructor_demo/local_setup.bash
[54.967s] -- Installing: /home/river2000/ur10_ws/install/moveit_task_constructor_demo/share/moveit_task_constructor_demo/local_setup.sh
[54.968s] -- Installing: /home/river2000/ur10_ws/install/moveit_task_constructor_demo/share/moveit_task_constructor_demo/local_setup.zsh
[54.968s] -- Installing: /home/river2000/ur10_ws/install/moveit_task_constructor_demo/share/moveit_task_constructor_demo/local_setup.dsv
[54.968s] -- Installing: /home/river2000/ur10_ws/install/moveit_task_constructor_demo/share/moveit_task_constructor_demo/package.dsv
[54.968s] -- Installing: /home/river2000/ur10_ws/install/moveit_task_constructor_demo/share/ament_index/resource_index/packages/moveit_task_constructor_demo
[54.969s] -- Installing: /home/river2000/ur10_ws/install/moveit_task_constructor_demo/share/moveit_task_constructor_demo/cmake/moveit_task_constructor_demoConfig.cmake
[54.969s] -- Installing: /home/river2000/ur10_ws/install/moveit_task_constructor_demo/share/moveit_task_constructor_demo/cmake/moveit_task_constructor_demoConfig-version.cmake
[54.969s] -- Installing: /home/river2000/ur10_ws/install/moveit_task_constructor_demo/share/moveit_task_constructor_demo/package.xml
[54.974s] Invoked command in '/home/river2000/ur10_ws/build/moveit_task_constructor_demo' returned '0': AMENT_PREFIX_PATH=/home/river2000/ur10_ws/install/moveit_task_constructor_capabilities:/home/river2000/ur10_ws/install/moveit_task_constructor_core:/home/river2000/ur10_ws/install/rviz_marker_tools:/home/river2000/ur10_ws/install/moveit_task_constructor_msgs:${AMENT_PREFIX_PATH} CMAKE_MODULE_PATH=/home/river2000/ur10_ws/install/moveit_task_constructor_core/share/moveit_task_constructor_core/cmake CMAKE_PREFIX_PATH=/home/river2000/ur10_ws/install/moveit_task_constructor_capabilities:/home/river2000/ur10_ws/install/moveit_task_constructor_core:/home/river2000/ur10_ws/install/rviz_marker_tools:/home/river2000/ur10_ws/install/moveit_task_constructor_msgs:/home/river2000/ur10_ws/install/ur:/home/river2000/ur10_ws/install/ur_calibration:/home/river2000/ur10_ws/install/ur_robot_driver:/home/river2000/ur10_ws/install/ur_pick_and_place_moveit:/home/river2000/ur10_ws/install/ur_moveit_config:/home/river2000/ur10_ws/install/ur_bringup:/home/river2000/ur10_ws/install/ur_description:/home/river2000/ur10_ws/install/ur_controllers:/home/river2000/ur10_ws/install/ur_dashboard_msgs:/home/river2000/ur10_ws/install/ros2_ur_moveit_examples:/opt/ros/humble LD_LIBRARY_PATH=/home/river2000/ur10_ws/install/moveit_task_constructor_capabilities/lib:/home/river2000/ur10_ws/install/moveit_task_constructor_core/lib:/home/river2000/ur10_ws/install/rviz_marker_tools/lib:/home/river2000/ur10_ws/install/moveit_task_constructor_msgs/lib:${LD_LIBRARY_PATH} PYTHONPATH=/home/river2000/ur10_ws/install/moveit_task_constructor_core/local/lib/python3.10/dist-packages:/home/river2000/ur10_ws/install/moveit_task_constructor_msgs/local/lib/python3.10/dist-packages:${PYTHONPATH} /usr/bin/cmake --install /home/river2000/ur10_ws/build/moveit_task_constructor_demo
